INFO - 2024-06-16 02:02:18 --> Session: Class initialized using 'CodeIgniter\Session\Handlers\FileHandler' driver.
INFO - 2024-06-16 02:02:26 --> Session: Class initialized using 'CodeIgniter\Session\Handlers\FileHandler' driver.
INFO - 2024-06-16 02:02:30 --> Session: Class initialized using 'CodeIgniter\Session\Handlers\FileHandler' driver.
INFO - 2024-06-16 02:02:34 --> Session: Class initialized using 'CodeIgniter\Session\Handlers\FileHandler' driver.
INFO - 2024-06-16 02:02:39 --> Session: Class initialized using 'CodeIgniter\Session\Handlers\FileHandler' driver.
INFO - 2024-06-16 02:08:35 --> Session: Class initialized using 'CodeIgniter\Session\Handlers\FileHandler' driver.
INFO - 2024-06-16 02:09:01 --> Session: Class initialized using 'CodeIgniter\Session\Handlers\FileHandler' driver.
INFO - 2024-06-16 02:09:20 --> Session: Class initialized using 'CodeIgniter\Session\Handlers\FileHandler' driver.
INFO - 2024-06-16 02:09:54 --> Session: Class initialized using 'CodeIgniter\Session\Handlers\FileHandler' driver.
INFO - 2024-06-16 02:10:00 --> Session: Class initialized using 'CodeIgniter\Session\Handlers\FileHandler' driver.
INFO - 2024-06-16 02:10:04 --> Session: Class initialized using 'CodeIgniter\Session\Handlers\FileHandler' driver.
INFO - 2024-06-16 02:10:08 --> Session: Class initialized using 'CodeIgniter\Session\Handlers\FileHandler' driver.
INFO - 2024-06-16 02:20:52 --> Session: Class initialized using 'CodeIgniter\Session\Handlers\FileHandler' driver.
INFO - 2024-06-16 02:20:52 --> Session: Class initialized using 'CodeIgniter\Session\Handlers\FileHandler' driver.
INFO - 2024-06-16 02:20:56 --> Session: Class initialized using 'CodeIgniter\Session\Handlers\FileHandler' driver.
INFO - 2024-06-16 02:20:57 --> Session: Class initialized using 'CodeIgniter\Session\Handlers\FileHandler' driver.
INFO - 2024-06-16 02:21:00 --> Session: Class initialized using 'CodeIgniter\Session\Handlers\FileHandler' driver.
INFO - 2024-06-16 02:23:36 --> Session: Class initialized using 'CodeIgniter\Session\Handlers\FileHandler' driver.
INFO - 2024-06-16 02:27:40 --> Session: Class initialized using 'CodeIgniter\Session\Handlers\FileHandler' driver.
INFO - 2024-06-16 02:30:52 --> Session: Class initialized using 'CodeIgniter\Session\Handlers\FileHandler' driver.
INFO - 2024-06-16 02:32:01 --> Session: Class initialized using 'CodeIgniter\Session\Handlers\FileHandler' driver.
INFO - 2024-06-16 02:37:20 --> Session: Class initialized using 'CodeIgniter\Session\Handlers\FileHandler' driver.
INFO - 2024-06-16 02:37:54 --> Session: Class initialized using 'CodeIgniter\Session\Handlers\FileHandler' driver.
INFO - 2024-06-16 02:44:27 --> Session: Class initialized using 'CodeIgniter\Session\Handlers\FileHandler' driver.
INFO - 2024-06-16 02:45:00 --> Session: Class initialized using 'CodeIgniter\Session\Handlers\FileHandler' driver.
INFO - 2024-06-16 02:45:04 --> Session: Class initialized using 'CodeIgniter\Session\Handlers\FileHandler' driver.
INFO - 2024-06-16 02:45:15 --> Session: Class initialized using 'CodeIgniter\Session\Handlers\FileHandler' driver.
INFO - 2024-06-16 02:45:17 --> Session: Class initialized using 'CodeIgniter\Session\Handlers\FileHandler' driver.
INFO - 2024-06-16 02:45:19 --> Session: Class initialized using 'CodeIgniter\Session\Handlers\FileHandler' driver.
INFO - 2024-06-16 02:45:42 --> Session: Class initialized using 'CodeIgniter\Session\Handlers\FileHandler' driver.
INFO - 2024-06-16 02:45:45 --> Session: Class initialized using 'CodeIgniter\Session\Handlers\FileHandler' driver.
INFO - 2024-06-16 02:45:52 --> Session: Class initialized using 'CodeIgniter\Session\Handlers\FileHandler' driver.
INFO - 2024-06-16 02:45:59 --> Session: Class initialized using 'CodeIgniter\Session\Handlers\FileHandler' driver.
INFO - 2024-06-16 02:46:04 --> Session: Class initialized using 'CodeIgniter\Session\Handlers\FileHandler' driver.
INFO - 2024-06-16 02:46:10 --> Session: Class initialized using 'CodeIgniter\Session\Handlers\FileHandler' driver.
INFO - 2024-06-16 02:46:18 --> Session: Class initialized using 'CodeIgniter\Session\Handlers\FileHandler' driver.
INFO - 2024-06-16 02:47:10 --> Session: Class initialized using 'CodeIgniter\Session\Handlers\FileHandler' driver.
INFO - 2024-06-16 02:47:16 --> Session: Class initialized using 'CodeIgniter\Session\Handlers\FileHandler' driver.
INFO - 2024-06-16 02:47:38 --> Session: Class initialized using 'CodeIgniter\Session\Handlers\FileHandler' driver.
INFO - 2024-06-16 02:48:45 --> Session: Class initialized using 'CodeIgniter\Session\Handlers\FileHandler' driver.
INFO - 2024-06-16 02:49:08 --> Session: Class initialized using 'CodeIgniter\Session\Handlers\FileHandler' driver.
INFO - 2024-06-16 02:49:24 --> Session: Class initialized using 'CodeIgniter\Session\Handlers\FileHandler' driver.
INFO - 2024-06-16 02:49:33 --> Session: Class initialized using 'CodeIgniter\Session\Handlers\FileHandler' driver.
INFO - 2024-06-16 02:49:40 --> Session: Class initialized using 'CodeIgniter\Session\Handlers\FileHandler' driver.
INFO - 2024-06-16 02:49:44 --> Session: Class initialized using 'CodeIgniter\Session\Handlers\FileHandler' driver.
INFO - 2024-06-16 02:49:50 --> Session: Class initialized using 'CodeIgniter\Session\Handlers\FileHandler' driver.
INFO - 2024-06-16 02:49:56 --> Session: Class initialized using 'CodeIgniter\Session\Handlers\FileHandler' driver.
INFO - 2024-06-16 02:49:59 --> Session: Class initialized using 'CodeIgniter\Session\Handlers\FileHandler' driver.
INFO - 2024-06-16 02:50:06 --> Session: Class initialized using 'CodeIgniter\Session\Handlers\FileHandler' driver.
INFO - 2024-06-16 02:51:30 --> Session: Class initialized using 'CodeIgniter\Session\Handlers\FileHandler' driver.
INFO - 2024-06-16 02:51:34 --> Session: Class initialized using 'CodeIgniter\Session\Handlers\FileHandler' driver.
INFO - 2024-06-16 02:51:39 --> Session: Class initialized using 'CodeIgniter\Session\Handlers\FileHandler' driver.
INFO - 2024-06-16 02:51:44 --> Session: Class initialized using 'CodeIgniter\Session\Handlers\FileHandler' driver.
INFO - 2024-06-16 02:51:49 --> Session: Class initialized using 'CodeIgniter\Session\Handlers\FileHandler' driver.
INFO - 2024-06-16 02:51:53 --> Session: Class initialized using 'CodeIgniter\Session\Handlers\FileHandler' driver.
INFO - 2024-06-16 02:52:00 --> Session: Class initialized using 'CodeIgniter\Session\Handlers\FileHandler' driver.
INFO - 2024-06-16 02:52:04 --> Session: Class initialized using 'CodeIgniter\Session\Handlers\FileHandler' driver.
INFO - 2024-06-16 02:52:08 --> Session: Class initialized using 'CodeIgniter\Session\Handlers\FileHandler' driver.
INFO - 2024-06-16 02:52:23 --> Session: Class initialized using 'CodeIgniter\Session\Handlers\FileHandler' driver.
INFO - 2024-06-16 02:52:28 --> Session: Class initialized using 'CodeIgniter\Session\Handlers\FileHandler' driver.
INFO - 2024-06-16 02:52:34 --> Session: Class initialized using 'CodeIgniter\Session\Handlers\FileHandler' driver.
INFO - 2024-06-16 02:52:39 --> Session: Class initialized using 'CodeIgniter\Session\Handlers\FileHandler' driver.
INFO - 2024-06-16 02:53:18 --> Session: Class initialized using 'CodeIgniter\Session\Handlers\FileHandler' driver.
INFO - 2024-06-16 02:53:40 --> Session: Class initialized using 'CodeIgniter\Session\Handlers\FileHandler' driver.
INFO - 2024-06-16 16:35:43 --> Session: Class initialized using 'CodeIgniter\Session\Handlers\FileHandler' driver.
INFO - 2024-06-16 16:35:58 --> Session: Class initialized using 'CodeIgniter\Session\Handlers\FileHandler' driver.
INFO - 2024-06-16 16:36:23 --> Session: Class initialized using 'CodeIgniter\Session\Handlers\FileHandler' driver.
INFO - 2024-06-16 16:39:06 --> Session: Class initialized using 'CodeIgniter\Session\Handlers\FileHandler' driver.
INFO - 2024-06-16 16:39:10 --> Session: Class initialized using 'CodeIgniter\Session\Handlers\FileHandler' driver.
INFO - 2024-06-16 16:39:11 --> Session: Class initialized using 'CodeIgniter\Session\Handlers\FileHandler' driver.
INFO - 2024-06-16 16:39:14 --> Session: Class initialized using 'CodeIgniter\Session\Handlers\FileHandler' driver.
INFO - 2024-06-16 16:39:18 --> Session: Class initialized using 'CodeIgniter\Session\Handlers\FileHandler' driver.
INFO - 2024-06-16 16:39:25 --> Session: Class initialized using 'CodeIgniter\Session\Handlers\FileHandler' driver.
INFO - 2024-06-16 16:39:27 --> Session: Class initialized using 'CodeIgniter\Session\Handlers\FileHandler' driver.
INFO - 2024-06-16 16:46:05 --> Session: Class initialized using 'CodeIgniter\Session\Handlers\FileHandler' driver.
INFO - 2024-06-16 16:46:10 --> Session: Class initialized using 'CodeIgniter\Session\Handlers\FileHandler' driver.
INFO - 2024-06-16 16:46:14 --> Session: Class initialized using 'CodeIgniter\Session\Handlers\FileHandler' driver.
INFO - 2024-06-16 16:46:18 --> Session: Class initialized using 'CodeIgniter\Session\Handlers\FileHandler' driver.
INFO - 2024-06-16 16:47:37 --> Session: Class initialized using 'CodeIgniter\Session\Handlers\FileHandler' driver.
INFO - 2024-06-16 16:47:42 --> Session: Class initialized using 'CodeIgniter\Session\Handlers\FileHandler' driver.
INFO - 2024-06-16 16:47:46 --> Session: Class initialized using 'CodeIgniter\Session\Handlers\FileHandler' driver.
INFO - 2024-06-16 16:47:51 --> Session: Class initialized using 'CodeIgniter\Session\Handlers\FileHandler' driver.
INFO - 2024-06-16 16:48:20 --> Session: Class initialized using 'CodeIgniter\Session\Handlers\FileHandler' driver.
INFO - 2024-06-16 16:48:23 --> Session: Class initialized using 'CodeIgniter\Session\Handlers\FileHandler' driver.
INFO - 2024-06-16 16:48:28 --> Session: Class initialized using 'CodeIgniter\Session\Handlers\FileHandler' driver.
INFO - 2024-06-16 16:48:33 --> Session: Class initialized using 'CodeIgniter\Session\Handlers\FileHandler' driver.
INFO - 2024-06-16 16:48:42 --> Session: Class initialized using 'CodeIgniter\Session\Handlers\FileHandler' driver.
INFO - 2024-06-16 16:48:44 --> Session: Class initialized using 'CodeIgniter\Session\Handlers\FileHandler' driver.
INFO - 2024-06-16 16:48:46 --> Session: Class initialized using 'CodeIgniter\Session\Handlers\FileHandler' driver.
INFO - 2024-06-16 16:48:53 --> Session: Class initialized using 'CodeIgniter\Session\Handlers\FileHandler' driver.
INFO - 2024-06-16 16:48:54 --> Session: Class initialized using 'CodeIgniter\Session\Handlers\FileHandler' driver.
INFO - 2024-06-16 17:09:04 --> Session: Class initialized using 'CodeIgniter\Session\Handlers\FileHandler' driver.
INFO - 2024-06-16 17:09:10 --> Session: Class initialized using 'CodeIgniter\Session\Handlers\FileHandler' driver.
INFO - 2024-06-16 17:09:13 --> Session: Class initialized using 'CodeIgniter\Session\Handlers\FileHandler' driver.
INFO - 2024-06-16 17:14:10 --> Session: Class initialized using 'CodeIgniter\Session\Handlers\FileHandler' driver.
INFO - 2024-06-16 17:14:16 --> Session: Class initialized using 'CodeIgniter\Session\Handlers\FileHandler' driver.
INFO - 2024-06-16 17:14:23 --> Session: Class initialized using 'CodeIgniter\Session\Handlers\FileHandler' driver.
INFO - 2024-06-16 17:14:32 --> Session: Class initialized using 'CodeIgniter\Session\Handlers\FileHandler' driver.
INFO - 2024-06-16 17:17:26 --> Session: Class initialized using 'CodeIgniter\Session\Handlers\FileHandler' driver.
INFO - 2024-06-16 17:17:28 --> Session: Class initialized using 'CodeIgniter\Session\Handlers\FileHandler' driver.
INFO - 2024-06-16 17:17:29 --> Session: Class initialized using 'CodeIgniter\Session\Handlers\FileHandler' driver.
INFO - 2024-06-16 17:17:39 --> Session: Class initialized using 'CodeIgniter\Session\Handlers\FileHandler' driver.
INFO - 2024-06-16 17:17:47 --> Session: Class initialized using 'CodeIgniter\Session\Handlers\FileHandler' driver.
INFO - 2024-06-16 17:17:50 --> Session: Class initialized using 'CodeIgniter\Session\Handlers\FileHandler' driver.
INFO - 2024-06-16 17:17:54 --> Session: Class initialized using 'CodeIgniter\Session\Handlers\FileHandler' driver.
INFO - 2024-06-16 17:18:04 --> Session: Class initialized using 'CodeIgniter\Session\Handlers\FileHandler' driver.
INFO - 2024-06-16 17:21:55 --> Session: Class initialized using 'CodeIgniter\Session\Handlers\FileHandler' driver.
INFO - 2024-06-16 17:21:58 --> Session: Class initialized using 'CodeIgniter\Session\Handlers\FileHandler' driver.
INFO - 2024-06-16 17:22:44 --> Session: Class initialized using 'CodeIgniter\Session\Handlers\FileHandler' driver.
INFO - 2024-06-16 17:22:56 --> Session: Class initialized using 'CodeIgniter\Session\Handlers\FileHandler' driver.
INFO - 2024-06-16 17:22:58 --> Session: Class initialized using 'CodeIgniter\Session\Handlers\FileHandler' driver.
INFO - 2024-06-16 17:23:01 --> Session: Class initialized using 'CodeIgniter\Session\Handlers\FileHandler' driver.
INFO - 2024-06-16 17:23:09 --> Session: Class initialized using 'CodeIgniter\Session\Handlers\FileHandler' driver.
INFO - 2024-06-16 17:23:10 --> Session: Class initialized using 'CodeIgniter\Session\Handlers\FileHandler' driver.
INFO - 2024-06-16 17:23:11 --> Session: Class initialized using 'CodeIgniter\Session\Handlers\FileHandler' driver.
INFO - 2024-06-16 17:23:12 --> Session: Class initialized using 'CodeIgniter\Session\Handlers\FileHandler' driver.
INFO - 2024-06-16 17:23:48 --> Session: Class initialized using 'CodeIgniter\Session\Handlers\FileHandler' driver.
INFO - 2024-06-16 17:23:48 --> Session: Class initialized using 'CodeIgniter\Session\Handlers\FileHandler' driver.
INFO - 2024-06-16 17:24:17 --> Session: Class initialized using 'CodeIgniter\Session\Handlers\FileHandler' driver.
INFO - 2024-06-16 17:24:55 --> Session: Class initialized using 'CodeIgniter\Session\Handlers\FileHandler' driver.
INFO - 2024-06-16 17:27:06 --> Session: Class initialized using 'CodeIgniter\Session\Handlers\FileHandler' driver.
INFO - 2024-06-16 17:28:29 --> Session: Class initialized using 'CodeIgniter\Session\Handlers\FileHandler' driver.
INFO - 2024-06-16 17:31:03 --> Session: Class initialized using 'CodeIgniter\Session\Handlers\FileHandler' driver.
INFO - 2024-06-16 17:33:12 --> Session: Class initialized using 'CodeIgniter\Session\Handlers\FileHandler' driver.
INFO - 2024-06-16 17:33:37 --> Session: Class initialized using 'CodeIgniter\Session\Handlers\FileHandler' driver.
INFO - 2024-06-16 17:35:30 --> Session: Class initialized using 'CodeIgniter\Session\Handlers\FileHandler' driver.
INFO - 2024-06-16 17:36:34 --> Session: Class initialized using 'CodeIgniter\Session\Handlers\FileHandler' driver.
INFO - 2024-06-16 17:38:10 --> Session: Class initialized using 'CodeIgniter\Session\Handlers\FileHandler' driver.
INFO - 2024-06-16 17:39:52 --> Session: Class initialized using 'CodeIgniter\Session\Handlers\FileHandler' driver.
INFO - 2024-06-16 17:40:39 --> Session: Class initialized using 'CodeIgniter\Session\Handlers\FileHandler' driver.
INFO - 2024-06-16 17:41:28 --> Session: Class initialized using 'CodeIgniter\Session\Handlers\FileHandler' driver.
INFO - 2024-06-16 17:42:24 --> Session: Class initialized using 'CodeIgniter\Session\Handlers\FileHandler' driver.
INFO - 2024-06-16 17:47:38 --> Session: Class initialized using 'CodeIgniter\Session\Handlers\FileHandler' driver.
INFO - 2024-06-16 17:47:53 --> Session: Class initialized using 'CodeIgniter\Session\Handlers\FileHandler' driver.
INFO - 2024-06-16 17:48:50 --> Session: Class initialized using 'CodeIgniter\Session\Handlers\FileHandler' driver.
INFO - 2024-06-16 17:49:16 --> Session: Class initialized using 'CodeIgniter\Session\Handlers\FileHandler' driver.
INFO - 2024-06-16 17:49:32 --> Session: Class initialized using 'CodeIgniter\Session\Handlers\FileHandler' driver.
ERROR - 2024-06-16 17:51:09 --> mysqli_sql_exception: Expression #6 of SELECT list is not in GROUP BY clause and contains nonaggregated column 'code_peliculas.etiquetas.titulo' which is not functionally dependent on columns in GROUP BY clause; this is incompatible with sql_mode=only_full_group_by in C:\laragon\www\codeigniter4\system\Database\MySQLi\Connection.php:308
Stack trace:
#0 C:\laragon\www\codeigniter4\system\Database\MySQLi\Connection.php(308): mysqli->query('SELECT COUNT(*)...', 0)
#1 C:\laragon\www\codeigniter4\system\Database\BaseConnection.php(722): CodeIgniter\Database\MySQLi\Connection->execute('SELECT COUNT(*)...')
#2 C:\laragon\www\codeigniter4\system\Database\BaseConnection.php(636): CodeIgniter\Database\BaseConnection->simpleQuery('SELECT COUNT(*)...')
#3 C:\laragon\www\codeigniter4\system\Database\BaseBuilder.php(1713): CodeIgniter\Database\BaseConnection->query('SELECT COUNT(*)...', Array, false)
#4 C:\laragon\www\codeigniter4\system\Model.php(667): CodeIgniter\Database\BaseBuilder->countAllResults(false)
#5 C:\laragon\www\codeigniter4\system\BaseModel.php(1284): CodeIgniter\Model->countAllResults(false)
#6 C:\laragon\www\codeigniter4\app\Controllers\Blog\Pelicula.php(40): CodeIgniter\BaseModel->paginate()
#7 C:\laragon\www\codeigniter4\system\CodeIgniter.php(933): App\Controllers\Blog\Pelicula->index()
#8 C:\laragon\www\codeigniter4\system\CodeIgniter.php(509): CodeIgniter\CodeIgniter->runController(Object(App\Controllers\Blog\Pelicula))
#9 C:\laragon\www\codeigniter4\system\CodeIgniter.php(355): CodeIgniter\CodeIgniter->handleRequest(NULL, Object(Config\Cache), false)
#10 C:\laragon\www\codeigniter4\system\Boot.php(312): CodeIgniter\CodeIgniter->run()
#11 C:\laragon\www\codeigniter4\system\Boot.php(67): CodeIgniter\Boot::runCodeIgniter(Object(CodeIgniter\CodeIgniter))
#12 C:\laragon\www\codeigniter4\public\index.php(56): CodeIgniter\Boot::bootWeb(Object(Config\Paths))
#13 {main}
CRITICAL - 2024-06-16 17:51:09 --> CodeIgniter\Database\Exceptions\DatabaseException: Expression #6 of SELECT list is not in GROUP BY clause and contains nonaggregated column 'code_peliculas.etiquetas.titulo' which is not functionally dependent on columns in GROUP BY clause; this is incompatible with sql_mode=only_full_group_by
[Method: GET, Route: blog]
in SYSTEMPATH\Database\BaseConnection.php on line 676.
 1 SYSTEMPATH\Database\BaseBuilder.php(1713): CodeIgniter\Database\BaseConnection->query('SELECT COUNT(*) AS `numrows`
FROM (
SELECT `peliculas`.*, `categorias`.`titulo` as `categoria`, `etiquetas`.`titulo` as `etiqueta`
FROM `peliculas`
JOIN `categorias` ON `categorias`.`id` = `peliculas`.`categoria_fk`
LEFT JOIN `pelicula_etiqueta` ON `pelicula_etiqueta`.`pelicula_fk` = `peliculas`.`id`
LEFT JOIN `etiquetas` ON `etiquetas`.`id` = `pelicula_etiqueta`.`etiqueta_fk`
GROUP BY `peliculas`.`id`
) CI_count_all_results', [], false)
 2 SYSTEMPATH\Model.php(667): CodeIgniter\Database\BaseBuilder->countAllResults(false)
 3 SYSTEMPATH\BaseModel.php(1284): CodeIgniter\Model->countAllResults(false)
 4 APPPATH\Controllers\Blog\Pelicula.php(40): CodeIgniter\BaseModel->paginate()
 5 SYSTEMPATH\CodeIgniter.php(933): App\Controllers\Blog\Pelicula->index()
 6 SYSTEMPATH\CodeIgniter.php(509): CodeIgniter\CodeIgniter->runController(Object(App\Controllers\Blog\Pelicula))
 7 SYSTEMPATH\CodeIgniter.php(355): CodeIgniter\CodeIgniter->handleRequest(null, Object(Config\Cache), false)
 8 SYSTEMPATH\Boot.php(312): CodeIgniter\CodeIgniter->run()
 9 SYSTEMPATH\Boot.php(67): CodeIgniter\Boot::runCodeIgniter(Object(CodeIgniter\CodeIgniter))
10 FCPATH\index.php(56): CodeIgniter\Boot::bootWeb(Object(Config\Paths))
CRITICAL - 2024-06-16 17:51:09 --> [Caused by] CodeIgniter\Database\Exceptions\DatabaseException: Expression #6 of SELECT list is not in GROUP BY clause and contains nonaggregated column 'code_peliculas.etiquetas.titulo' which is not functionally dependent on columns in GROUP BY clause; this is incompatible with sql_mode=only_full_group_by
in SYSTEMPATH\Database\MySQLi\Connection.php on line 313.
 1 SYSTEMPATH\Database\BaseConnection.php(722): CodeIgniter\Database\MySQLi\Connection->execute('SELECT COUNT(*) AS `numrows`
FROM (
SELECT `peliculas`.*, `categorias`.`titulo` as `categoria`, `etiquetas`.`titulo` as `etiqueta`
FROM `peliculas`
JOIN `categorias` ON `categorias`.`id` = `peliculas`.`categoria_fk`
LEFT JOIN `pelicula_etiqueta` ON `pelicula_etiqueta`.`pelicula_fk` = `peliculas`.`id`
LEFT JOIN `etiquetas` ON `etiquetas`.`id` = `pelicula_etiqueta`.`etiqueta_fk`
GROUP BY `peliculas`.`id`
) CI_count_all_results')
 2 SYSTEMPATH\Database\BaseConnection.php(636): CodeIgniter\Database\BaseConnection->simpleQuery('SELECT COUNT(*) AS `numrows`
FROM (
SELECT `peliculas`.*, `categorias`.`titulo` as `categoria`, `etiquetas`.`titulo` as `etiqueta`
FROM `peliculas`
JOIN `categorias` ON `categorias`.`id` = `peliculas`.`categoria_fk`
LEFT JOIN `pelicula_etiqueta` ON `pelicula_etiqueta`.`pelicula_fk` = `peliculas`.`id`
LEFT JOIN `etiquetas` ON `etiquetas`.`id` = `pelicula_etiqueta`.`etiqueta_fk`
GROUP BY `peliculas`.`id`
) CI_count_all_results')
 3 SYSTEMPATH\Database\BaseBuilder.php(1713): CodeIgniter\Database\BaseConnection->query('SELECT COUNT(*) AS `numrows`
FROM (
SELECT `peliculas`.*, `categorias`.`titulo` as `categoria`, `etiquetas`.`titulo` as `etiqueta`
FROM `peliculas`
JOIN `categorias` ON `categorias`.`id` = `peliculas`.`categoria_fk`
LEFT JOIN `pelicula_etiqueta` ON `pelicula_etiqueta`.`pelicula_fk` = `peliculas`.`id`
LEFT JOIN `etiquetas` ON `etiquetas`.`id` = `pelicula_etiqueta`.`etiqueta_fk`
GROUP BY `peliculas`.`id`
) CI_count_all_results', [], false)
 4 SYSTEMPATH\Model.php(667): CodeIgniter\Database\BaseBuilder->countAllResults(false)
 5 SYSTEMPATH\BaseModel.php(1284): CodeIgniter\Model->countAllResults(false)
 6 APPPATH\Controllers\Blog\Pelicula.php(40): CodeIgniter\BaseModel->paginate()
 7 SYSTEMPATH\CodeIgniter.php(933): App\Controllers\Blog\Pelicula->index()
 8 SYSTEMPATH\CodeIgniter.php(509): CodeIgniter\CodeIgniter->runController(Object(App\Controllers\Blog\Pelicula))
 9 SYSTEMPATH\CodeIgniter.php(355): CodeIgniter\CodeIgniter->handleRequest(null, Object(Config\Cache), false)
10 SYSTEMPATH\Boot.php(312): CodeIgniter\CodeIgniter->run()
11 SYSTEMPATH\Boot.php(67): CodeIgniter\Boot::runCodeIgniter(Object(CodeIgniter\CodeIgniter))
12 FCPATH\index.php(56): CodeIgniter\Boot::bootWeb(Object(Config\Paths))
CRITICAL - 2024-06-16 17:51:09 --> [Caused by] mysqli_sql_exception: Expression #6 of SELECT list is not in GROUP BY clause and contains nonaggregated column 'code_peliculas.etiquetas.titulo' which is not functionally dependent on columns in GROUP BY clause; this is incompatible with sql_mode=only_full_group_by
in SYSTEMPATH\Database\MySQLi\Connection.php on line 308.
 1 SYSTEMPATH\Database\MySQLi\Connection.php(308): mysqli->query('SELECT COUNT(*) AS `numrows`
FROM (
SELECT `peliculas`.*, `categorias`.`titulo` as `categoria`, `etiquetas`.`titulo` as `etiqueta`
FROM `peliculas`
JOIN `categorias` ON `categorias`.`id` = `peliculas`.`categoria_fk`
LEFT JOIN `pelicula_etiqueta` ON `pelicula_etiqueta`.`pelicula_fk` = `peliculas`.`id`
LEFT JOIN `etiquetas` ON `etiquetas`.`id` = `pelicula_etiqueta`.`etiqueta_fk`
GROUP BY `peliculas`.`id`
) CI_count_all_results', 0)
 2 SYSTEMPATH\Database\BaseConnection.php(722): CodeIgniter\Database\MySQLi\Connection->execute('SELECT COUNT(*) AS `numrows`
FROM (
SELECT `peliculas`.*, `categorias`.`titulo` as `categoria`, `etiquetas`.`titulo` as `etiqueta`
FROM `peliculas`
JOIN `categorias` ON `categorias`.`id` = `peliculas`.`categoria_fk`
LEFT JOIN `pelicula_etiqueta` ON `pelicula_etiqueta`.`pelicula_fk` = `peliculas`.`id`
LEFT JOIN `etiquetas` ON `etiquetas`.`id` = `pelicula_etiqueta`.`etiqueta_fk`
GROUP BY `peliculas`.`id`
) CI_count_all_results')
 3 SYSTEMPATH\Database\BaseConnection.php(636): CodeIgniter\Database\BaseConnection->simpleQuery('SELECT COUNT(*) AS `numrows`
FROM (
SELECT `peliculas`.*, `categorias`.`titulo` as `categoria`, `etiquetas`.`titulo` as `etiqueta`
FROM `peliculas`
JOIN `categorias` ON `categorias`.`id` = `peliculas`.`categoria_fk`
LEFT JOIN `pelicula_etiqueta` ON `pelicula_etiqueta`.`pelicula_fk` = `peliculas`.`id`
LEFT JOIN `etiquetas` ON `etiquetas`.`id` = `pelicula_etiqueta`.`etiqueta_fk`
GROUP BY `peliculas`.`id`
) CI_count_all_results')
 4 SYSTEMPATH\Database\BaseBuilder.php(1713): CodeIgniter\Database\BaseConnection->query('SELECT COUNT(*) AS `numrows`
FROM (
SELECT `peliculas`.*, `categorias`.`titulo` as `categoria`, `etiquetas`.`titulo` as `etiqueta`
FROM `peliculas`
JOIN `categorias` ON `categorias`.`id` = `peliculas`.`categoria_fk`
LEFT JOIN `pelicula_etiqueta` ON `pelicula_etiqueta`.`pelicula_fk` = `peliculas`.`id`
LEFT JOIN `etiquetas` ON `etiquetas`.`id` = `pelicula_etiqueta`.`etiqueta_fk`
GROUP BY `peliculas`.`id`
) CI_count_all_results', [], false)
 5 SYSTEMPATH\Model.php(667): CodeIgniter\Database\BaseBuilder->countAllResults(false)
 6 SYSTEMPATH\BaseModel.php(1284): CodeIgniter\Model->countAllResults(false)
 7 APPPATH\Controllers\Blog\Pelicula.php(40): CodeIgniter\BaseModel->paginate()
 8 SYSTEMPATH\CodeIgniter.php(933): App\Controllers\Blog\Pelicula->index()
 9 SYSTEMPATH\CodeIgniter.php(509): CodeIgniter\CodeIgniter->runController(Object(App\Controllers\Blog\Pelicula))
10 SYSTEMPATH\CodeIgniter.php(355): CodeIgniter\CodeIgniter->handleRequest(null, Object(Config\Cache), false)
11 SYSTEMPATH\Boot.php(312): CodeIgniter\CodeIgniter->run()
12 SYSTEMPATH\Boot.php(67): CodeIgniter\Boot::runCodeIgniter(Object(CodeIgniter\CodeIgniter))
13 FCPATH\index.php(56): CodeIgniter\Boot::bootWeb(Object(Config\Paths))
ERROR - 2024-06-16 17:53:06 --> mysqli_sql_exception: Expression #6 of SELECT list is not in GROUP BY clause and contains nonaggregated column 'code_peliculas.etiquetas.titulo' which is not functionally dependent on columns in GROUP BY clause; this is incompatible with sql_mode=only_full_group_by in C:\laragon\www\codeigniter4\system\Database\MySQLi\Connection.php:308
Stack trace:
#0 C:\laragon\www\codeigniter4\system\Database\MySQLi\Connection.php(308): mysqli->query('SELECT COUNT(*)...', 0)
#1 C:\laragon\www\codeigniter4\system\Database\BaseConnection.php(722): CodeIgniter\Database\MySQLi\Connection->execute('SELECT COUNT(*)...')
#2 C:\laragon\www\codeigniter4\system\Database\BaseConnection.php(636): CodeIgniter\Database\BaseConnection->simpleQuery('SELECT COUNT(*)...')
#3 C:\laragon\www\codeigniter4\system\Database\BaseBuilder.php(1713): CodeIgniter\Database\BaseConnection->query('SELECT COUNT(*)...', Array, false)
#4 C:\laragon\www\codeigniter4\system\Model.php(667): CodeIgniter\Database\BaseBuilder->countAllResults(false)
#5 C:\laragon\www\codeigniter4\system\BaseModel.php(1284): CodeIgniter\Model->countAllResults(false)
#6 C:\laragon\www\codeigniter4\app\Controllers\Blog\Pelicula.php(40): CodeIgniter\BaseModel->paginate()
#7 C:\laragon\www\codeigniter4\system\CodeIgniter.php(933): App\Controllers\Blog\Pelicula->index()
#8 C:\laragon\www\codeigniter4\system\CodeIgniter.php(509): CodeIgniter\CodeIgniter->runController(Object(App\Controllers\Blog\Pelicula))
#9 C:\laragon\www\codeigniter4\system\CodeIgniter.php(355): CodeIgniter\CodeIgniter->handleRequest(NULL, Object(Config\Cache), false)
#10 C:\laragon\www\codeigniter4\system\Boot.php(312): CodeIgniter\CodeIgniter->run()
#11 C:\laragon\www\codeigniter4\system\Boot.php(67): CodeIgniter\Boot::runCodeIgniter(Object(CodeIgniter\CodeIgniter))
#12 C:\laragon\www\codeigniter4\public\index.php(56): CodeIgniter\Boot::bootWeb(Object(Config\Paths))
#13 {main}
CRITICAL - 2024-06-16 17:53:06 --> CodeIgniter\Database\Exceptions\DatabaseException: Expression #6 of SELECT list is not in GROUP BY clause and contains nonaggregated column 'code_peliculas.etiquetas.titulo' which is not functionally dependent on columns in GROUP BY clause; this is incompatible with sql_mode=only_full_group_by
[Method: GET, Route: blog]
in SYSTEMPATH\Database\BaseConnection.php on line 676.
 1 SYSTEMPATH\Database\BaseBuilder.php(1713): CodeIgniter\Database\BaseConnection->query('SELECT COUNT(*) AS `numrows`
FROM (
SELECT `peliculas`.*, `categorias`.`titulo` as `categoria`, CONCAT(etiquetas.titulo) as etiqueta
FROM `peliculas`
JOIN `categorias` ON `categorias`.`id` = `peliculas`.`categoria_fk`
LEFT JOIN `pelicula_etiqueta` ON `pelicula_etiqueta`.`pelicula_fk` = `peliculas`.`id`
LEFT JOIN `etiquetas` ON `etiquetas`.`id` = `pelicula_etiqueta`.`etiqueta_fk`
GROUP BY `peliculas`.`id`
) CI_count_all_results', [], false)
 2 SYSTEMPATH\Model.php(667): CodeIgniter\Database\BaseBuilder->countAllResults(false)
 3 SYSTEMPATH\BaseModel.php(1284): CodeIgniter\Model->countAllResults(false)
 4 APPPATH\Controllers\Blog\Pelicula.php(40): CodeIgniter\BaseModel->paginate()
 5 SYSTEMPATH\CodeIgniter.php(933): App\Controllers\Blog\Pelicula->index()
 6 SYSTEMPATH\CodeIgniter.php(509): CodeIgniter\CodeIgniter->runController(Object(App\Controllers\Blog\Pelicula))
 7 SYSTEMPATH\CodeIgniter.php(355): CodeIgniter\CodeIgniter->handleRequest(null, Object(Config\Cache), false)
 8 SYSTEMPATH\Boot.php(312): CodeIgniter\CodeIgniter->run()
 9 SYSTEMPATH\Boot.php(67): CodeIgniter\Boot::runCodeIgniter(Object(CodeIgniter\CodeIgniter))
10 FCPATH\index.php(56): CodeIgniter\Boot::bootWeb(Object(Config\Paths))
CRITICAL - 2024-06-16 17:53:06 --> [Caused by] CodeIgniter\Database\Exceptions\DatabaseException: Expression #6 of SELECT list is not in GROUP BY clause and contains nonaggregated column 'code_peliculas.etiquetas.titulo' which is not functionally dependent on columns in GROUP BY clause; this is incompatible with sql_mode=only_full_group_by
in SYSTEMPATH\Database\MySQLi\Connection.php on line 313.
 1 SYSTEMPATH\Database\BaseConnection.php(722): CodeIgniter\Database\MySQLi\Connection->execute('SELECT COUNT(*) AS `numrows`
FROM (
SELECT `peliculas`.*, `categorias`.`titulo` as `categoria`, CONCAT(etiquetas.titulo) as etiqueta
FROM `peliculas`
JOIN `categorias` ON `categorias`.`id` = `peliculas`.`categoria_fk`
LEFT JOIN `pelicula_etiqueta` ON `pelicula_etiqueta`.`pelicula_fk` = `peliculas`.`id`
LEFT JOIN `etiquetas` ON `etiquetas`.`id` = `pelicula_etiqueta`.`etiqueta_fk`
GROUP BY `peliculas`.`id`
) CI_count_all_results')
 2 SYSTEMPATH\Database\BaseConnection.php(636): CodeIgniter\Database\BaseConnection->simpleQuery('SELECT COUNT(*) AS `numrows`
FROM (
SELECT `peliculas`.*, `categorias`.`titulo` as `categoria`, CONCAT(etiquetas.titulo) as etiqueta
FROM `peliculas`
JOIN `categorias` ON `categorias`.`id` = `peliculas`.`categoria_fk`
LEFT JOIN `pelicula_etiqueta` ON `pelicula_etiqueta`.`pelicula_fk` = `peliculas`.`id`
LEFT JOIN `etiquetas` ON `etiquetas`.`id` = `pelicula_etiqueta`.`etiqueta_fk`
GROUP BY `peliculas`.`id`
) CI_count_all_results')
 3 SYSTEMPATH\Database\BaseBuilder.php(1713): CodeIgniter\Database\BaseConnection->query('SELECT COUNT(*) AS `numrows`
FROM (
SELECT `peliculas`.*, `categorias`.`titulo` as `categoria`, CONCAT(etiquetas.titulo) as etiqueta
FROM `peliculas`
JOIN `categorias` ON `categorias`.`id` = `peliculas`.`categoria_fk`
LEFT JOIN `pelicula_etiqueta` ON `pelicula_etiqueta`.`pelicula_fk` = `peliculas`.`id`
LEFT JOIN `etiquetas` ON `etiquetas`.`id` = `pelicula_etiqueta`.`etiqueta_fk`
GROUP BY `peliculas`.`id`
) CI_count_all_results', [], false)
 4 SYSTEMPATH\Model.php(667): CodeIgniter\Database\BaseBuilder->countAllResults(false)
 5 SYSTEMPATH\BaseModel.php(1284): CodeIgniter\Model->countAllResults(false)
 6 APPPATH\Controllers\Blog\Pelicula.php(40): CodeIgniter\BaseModel->paginate()
 7 SYSTEMPATH\CodeIgniter.php(933): App\Controllers\Blog\Pelicula->index()
 8 SYSTEMPATH\CodeIgniter.php(509): CodeIgniter\CodeIgniter->runController(Object(App\Controllers\Blog\Pelicula))
 9 SYSTEMPATH\CodeIgniter.php(355): CodeIgniter\CodeIgniter->handleRequest(null, Object(Config\Cache), false)
10 SYSTEMPATH\Boot.php(312): CodeIgniter\CodeIgniter->run()
11 SYSTEMPATH\Boot.php(67): CodeIgniter\Boot::runCodeIgniter(Object(CodeIgniter\CodeIgniter))
12 FCPATH\index.php(56): CodeIgniter\Boot::bootWeb(Object(Config\Paths))
CRITICAL - 2024-06-16 17:53:06 --> [Caused by] mysqli_sql_exception: Expression #6 of SELECT list is not in GROUP BY clause and contains nonaggregated column 'code_peliculas.etiquetas.titulo' which is not functionally dependent on columns in GROUP BY clause; this is incompatible with sql_mode=only_full_group_by
in SYSTEMPATH\Database\MySQLi\Connection.php on line 308.
 1 SYSTEMPATH\Database\MySQLi\Connection.php(308): mysqli->query('SELECT COUNT(*) AS `numrows`
FROM (
SELECT `peliculas`.*, `categorias`.`titulo` as `categoria`, CONCAT(etiquetas.titulo) as etiqueta
FROM `peliculas`
JOIN `categorias` ON `categorias`.`id` = `peliculas`.`categoria_fk`
LEFT JOIN `pelicula_etiqueta` ON `pelicula_etiqueta`.`pelicula_fk` = `peliculas`.`id`
LEFT JOIN `etiquetas` ON `etiquetas`.`id` = `pelicula_etiqueta`.`etiqueta_fk`
GROUP BY `peliculas`.`id`
) CI_count_all_results', 0)
 2 SYSTEMPATH\Database\BaseConnection.php(722): CodeIgniter\Database\MySQLi\Connection->execute('SELECT COUNT(*) AS `numrows`
FROM (
SELECT `peliculas`.*, `categorias`.`titulo` as `categoria`, CONCAT(etiquetas.titulo) as etiqueta
FROM `peliculas`
JOIN `categorias` ON `categorias`.`id` = `peliculas`.`categoria_fk`
LEFT JOIN `pelicula_etiqueta` ON `pelicula_etiqueta`.`pelicula_fk` = `peliculas`.`id`
LEFT JOIN `etiquetas` ON `etiquetas`.`id` = `pelicula_etiqueta`.`etiqueta_fk`
GROUP BY `peliculas`.`id`
) CI_count_all_results')
 3 SYSTEMPATH\Database\BaseConnection.php(636): CodeIgniter\Database\BaseConnection->simpleQuery('SELECT COUNT(*) AS `numrows`
FROM (
SELECT `peliculas`.*, `categorias`.`titulo` as `categoria`, CONCAT(etiquetas.titulo) as etiqueta
FROM `peliculas`
JOIN `categorias` ON `categorias`.`id` = `peliculas`.`categoria_fk`
LEFT JOIN `pelicula_etiqueta` ON `pelicula_etiqueta`.`pelicula_fk` = `peliculas`.`id`
LEFT JOIN `etiquetas` ON `etiquetas`.`id` = `pelicula_etiqueta`.`etiqueta_fk`
GROUP BY `peliculas`.`id`
) CI_count_all_results')
 4 SYSTEMPATH\Database\BaseBuilder.php(1713): CodeIgniter\Database\BaseConnection->query('SELECT COUNT(*) AS `numrows`
FROM (
SELECT `peliculas`.*, `categorias`.`titulo` as `categoria`, CONCAT(etiquetas.titulo) as etiqueta
FROM `peliculas`
JOIN `categorias` ON `categorias`.`id` = `peliculas`.`categoria_fk`
LEFT JOIN `pelicula_etiqueta` ON `pelicula_etiqueta`.`pelicula_fk` = `peliculas`.`id`
LEFT JOIN `etiquetas` ON `etiquetas`.`id` = `pelicula_etiqueta`.`etiqueta_fk`
GROUP BY `peliculas`.`id`
) CI_count_all_results', [], false)
 5 SYSTEMPATH\Model.php(667): CodeIgniter\Database\BaseBuilder->countAllResults(false)
 6 SYSTEMPATH\BaseModel.php(1284): CodeIgniter\Model->countAllResults(false)
 7 APPPATH\Controllers\Blog\Pelicula.php(40): CodeIgniter\BaseModel->paginate()
 8 SYSTEMPATH\CodeIgniter.php(933): App\Controllers\Blog\Pelicula->index()
 9 SYSTEMPATH\CodeIgniter.php(509): CodeIgniter\CodeIgniter->runController(Object(App\Controllers\Blog\Pelicula))
10 SYSTEMPATH\CodeIgniter.php(355): CodeIgniter\CodeIgniter->handleRequest(null, Object(Config\Cache), false)
11 SYSTEMPATH\Boot.php(312): CodeIgniter\CodeIgniter->run()
12 SYSTEMPATH\Boot.php(67): CodeIgniter\Boot::runCodeIgniter(Object(CodeIgniter\CodeIgniter))
13 FCPATH\index.php(56): CodeIgniter\Boot::bootWeb(Object(Config\Paths))
INFO - 2024-06-16 17:53:53 --> Session: Class initialized using 'CodeIgniter\Session\Handlers\FileHandler' driver.
INFO - 2024-06-16 17:53:55 --> Session: Class initialized using 'CodeIgniter\Session\Handlers\FileHandler' driver.
INFO - 2024-06-16 17:54:40 --> Session: Class initialized using 'CodeIgniter\Session\Handlers\FileHandler' driver.
INFO - 2024-06-16 17:55:57 --> Session: Class initialized using 'CodeIgniter\Session\Handlers\FileHandler' driver.
INFO - 2024-06-16 17:56:25 --> Session: Class initialized using 'CodeIgniter\Session\Handlers\FileHandler' driver.
INFO - 2024-06-16 17:56:39 --> Session: Class initialized using 'CodeIgniter\Session\Handlers\FileHandler' driver.
INFO - 2024-06-16 17:56:50 --> Session: Class initialized using 'CodeIgniter\Session\Handlers\FileHandler' driver.
INFO - 2024-06-16 17:57:16 --> Session: Class initialized using 'CodeIgniter\Session\Handlers\FileHandler' driver.
INFO - 2024-06-16 17:57:57 --> Session: Class initialized using 'CodeIgniter\Session\Handlers\FileHandler' driver.
INFO - 2024-06-16 18:01:15 --> Session: Class initialized using 'CodeIgniter\Session\Handlers\FileHandler' driver.
INFO - 2024-06-16 18:02:52 --> Session: Class initialized using 'CodeIgniter\Session\Handlers\FileHandler' driver.
CRITICAL - 2024-06-16 18:03:43 --> ErrorException: Undefined variable $i
[Method: GET, Route: blog]
in APPPATH\Views\blog\pelicula\index.php on line 34.
 1 APPPATH\Views\blog\pelicula\index.php(34): CodeIgniter\Debug\Exceptions->errorHandler(2, 'Undefined variable $i', 'C:\\laragon\\www\\codeigniter4\\app\\Views\\blog\\pelicula\\index.php', 34)
 2 SYSTEMPATH\View\View.php(234): include('C:\\laragon\\www\\codeigniter4\\app\\Views\\blog\\pelicula\\index.php')
 3 SYSTEMPATH\View\View.php(237): CodeIgniter\View\View->CodeIgniter\View\{closure}()
 4 SYSTEMPATH\Common.php(1171): CodeIgniter\View\View->render('blog/pelicula/index', [], true)
 5 APPPATH\Controllers\Blog\Pelicula.php(53): view('blog/pelicula/index', [...])
 6 SYSTEMPATH\CodeIgniter.php(933): App\Controllers\Blog\Pelicula->index()
 7 SYSTEMPATH\CodeIgniter.php(509): CodeIgniter\CodeIgniter->runController(Object(App\Controllers\Blog\Pelicula))
 8 SYSTEMPATH\CodeIgniter.php(355): CodeIgniter\CodeIgniter->handleRequest(null, Object(Config\Cache), false)
 9 SYSTEMPATH\Boot.php(312): CodeIgniter\CodeIgniter->run()
10 SYSTEMPATH\Boot.php(67): CodeIgniter\Boot::runCodeIgniter(Object(CodeIgniter\CodeIgniter))
11 FCPATH\index.php(56): CodeIgniter\Boot::bootWeb(Object(Config\Paths))
INFO - 2024-06-16 18:04:01 --> Session: Class initialized using 'CodeIgniter\Session\Handlers\FileHandler' driver.
INFO - 2024-06-16 18:04:17 --> Session: Class initialized using 'CodeIgniter\Session\Handlers\FileHandler' driver.
INFO - 2024-06-16 18:05:22 --> Session: Class initialized using 'CodeIgniter\Session\Handlers\FileHandler' driver.
ERROR - 2024-06-16 18:22:29 --> mysqli_sql_exception: Unknown column 'etiqueta.etiqueta_fk' in 'where clause' in C:\laragon\www\codeigniter4\system\Database\MySQLi\Connection.php:308
Stack trace:
#0 C:\laragon\www\codeigniter4\system\Database\MySQLi\Connection.php(308): mysqli->query('SELECT COUNT(*)...', 0)
#1 C:\laragon\www\codeigniter4\system\Database\BaseConnection.php(722): CodeIgniter\Database\MySQLi\Connection->execute('SELECT COUNT(*)...')
#2 C:\laragon\www\codeigniter4\system\Database\BaseConnection.php(636): CodeIgniter\Database\BaseConnection->simpleQuery('SELECT COUNT(*)...')
#3 C:\laragon\www\codeigniter4\system\Database\BaseBuilder.php(1713): CodeIgniter\Database\BaseConnection->query('SELECT COUNT(*)...', Array, false)
#4 C:\laragon\www\codeigniter4\system\Model.php(667): CodeIgniter\Database\BaseBuilder->countAllResults(false)
#5 C:\laragon\www\codeigniter4\system\BaseModel.php(1284): CodeIgniter\Model->countAllResults(false)
#6 C:\laragon\www\codeigniter4\app\Controllers\Blog\Pelicula.php(93): CodeIgniter\BaseModel->paginate()
#7 C:\laragon\www\codeigniter4\system\CodeIgniter.php(933): App\Controllers\Blog\Pelicula->index_por_etiqueta('21')
#8 C:\laragon\www\codeigniter4\system\CodeIgniter.php(509): CodeIgniter\CodeIgniter->runController(Object(App\Controllers\Blog\Pelicula))
#9 C:\laragon\www\codeigniter4\system\CodeIgniter.php(355): CodeIgniter\CodeIgniter->handleRequest(NULL, Object(Config\Cache), false)
#10 C:\laragon\www\codeigniter4\system\Boot.php(312): CodeIgniter\CodeIgniter->run()
#11 C:\laragon\www\codeigniter4\system\Boot.php(67): CodeIgniter\Boot::runCodeIgniter(Object(CodeIgniter\CodeIgniter))
#12 C:\laragon\www\codeigniter4\public\index.php(56): CodeIgniter\Boot::bootWeb(Object(Config\Paths))
#13 {main}
CRITICAL - 2024-06-16 18:22:29 --> CodeIgniter\Database\Exceptions\DatabaseException: Unknown column 'etiqueta.etiqueta_fk' in 'where clause'
[Method: GET, Route: blog/etiquetas/21]
in SYSTEMPATH\Database\BaseConnection.php on line 676.
 1 SYSTEMPATH\Database\BaseBuilder.php(1713): CodeIgniter\Database\BaseConnection->query('SELECT COUNT(*) AS `numrows`
FROM (
SELECT `peliculas`.*, `categorias`.`titulo` as `categoria`, GROUP_CONCAT(etiquetas.titulo) as etiqueta, MAX(imagenes.imagen) as imagen
FROM `peliculas`
JOIN `categorias` ON `categorias`.`id` = `peliculas`.`categoria_fk`
LEFT JOIN `pelicula_etiqueta` ON `pelicula_etiqueta`.`pelicula_fk` = `peliculas`.`id`
LEFT JOIN `etiquetas` ON `etiquetas`.`id` = `pelicula_etiqueta`.`etiqueta_fk`
LEFT JOIN `pelicula_imagen` ON `pelicula_imagen`.`pelicula_fk` = `peliculas`.`id`
LEFT JOIN `imagenes` ON `imagenes`.`id` = `pelicula_imagen`.`imagen_fk`
WHERE `etiqueta`.`etiqueta_fk` = :etiqueta.etiqueta_fk:
GROUP BY `peliculas`.`id`
) CI_count_all_results', [...], false)
 2 SYSTEMPATH\Model.php(667): CodeIgniter\Database\BaseBuilder->countAllResults(false)
 3 SYSTEMPATH\BaseModel.php(1284): CodeIgniter\Model->countAllResults(false)
 4 APPPATH\Controllers\Blog\Pelicula.php(93): CodeIgniter\BaseModel->paginate()
 5 SYSTEMPATH\CodeIgniter.php(933): App\Controllers\Blog\Pelicula->index_por_etiqueta('21')
 6 SYSTEMPATH\CodeIgniter.php(509): CodeIgniter\CodeIgniter->runController(Object(App\Controllers\Blog\Pelicula))
 7 SYSTEMPATH\CodeIgniter.php(355): CodeIgniter\CodeIgniter->handleRequest(null, Object(Config\Cache), false)
 8 SYSTEMPATH\Boot.php(312): CodeIgniter\CodeIgniter->run()
 9 SYSTEMPATH\Boot.php(67): CodeIgniter\Boot::runCodeIgniter(Object(CodeIgniter\CodeIgniter))
10 FCPATH\index.php(56): CodeIgniter\Boot::bootWeb(Object(Config\Paths))
CRITICAL - 2024-06-16 18:22:29 --> [Caused by] CodeIgniter\Database\Exceptions\DatabaseException: Unknown column 'etiqueta.etiqueta_fk' in 'where clause'
in SYSTEMPATH\Database\MySQLi\Connection.php on line 313.
 1 SYSTEMPATH\Database\BaseConnection.php(722): CodeIgniter\Database\MySQLi\Connection->execute('SELECT COUNT(*) AS `numrows`
FROM (
SELECT `peliculas`.*, `categorias`.`titulo` as `categoria`, GROUP_CONCAT(etiquetas.titulo) as etiqueta, MAX(imagenes.imagen) as imagen
FROM `peliculas`
JOIN `categorias` ON `categorias`.`id` = `peliculas`.`categoria_fk`
LEFT JOIN `pelicula_etiqueta` ON `pelicula_etiqueta`.`pelicula_fk` = `peliculas`.`id`
LEFT JOIN `etiquetas` ON `etiquetas`.`id` = `pelicula_etiqueta`.`etiqueta_fk`
LEFT JOIN `pelicula_imagen` ON `pelicula_imagen`.`pelicula_fk` = `peliculas`.`id`
LEFT JOIN `imagenes` ON `imagenes`.`id` = `pelicula_imagen`.`imagen_fk`
WHERE `etiqueta`.`etiqueta_fk` = \'21\'
GROUP BY `peliculas`.`id`
) CI_count_all_results')
 2 SYSTEMPATH\Database\BaseConnection.php(636): CodeIgniter\Database\BaseConnection->simpleQuery('SELECT COUNT(*) AS `numrows`
FROM (
SELECT `peliculas`.*, `categorias`.`titulo` as `categoria`, GROUP_CONCAT(etiquetas.titulo) as etiqueta, MAX(imagenes.imagen) as imagen
FROM `peliculas`
JOIN `categorias` ON `categorias`.`id` = `peliculas`.`categoria_fk`
LEFT JOIN `pelicula_etiqueta` ON `pelicula_etiqueta`.`pelicula_fk` = `peliculas`.`id`
LEFT JOIN `etiquetas` ON `etiquetas`.`id` = `pelicula_etiqueta`.`etiqueta_fk`
LEFT JOIN `pelicula_imagen` ON `pelicula_imagen`.`pelicula_fk` = `peliculas`.`id`
LEFT JOIN `imagenes` ON `imagenes`.`id` = `pelicula_imagen`.`imagen_fk`
WHERE `etiqueta`.`etiqueta_fk` = \'21\'
GROUP BY `peliculas`.`id`
) CI_count_all_results')
 3 SYSTEMPATH\Database\BaseBuilder.php(1713): CodeIgniter\Database\BaseConnection->query('SELECT COUNT(*) AS `numrows`
FROM (
SELECT `peliculas`.*, `categorias`.`titulo` as `categoria`, GROUP_CONCAT(etiquetas.titulo) as etiqueta, MAX(imagenes.imagen) as imagen
FROM `peliculas`
JOIN `categorias` ON `categorias`.`id` = `peliculas`.`categoria_fk`
LEFT JOIN `pelicula_etiqueta` ON `pelicula_etiqueta`.`pelicula_fk` = `peliculas`.`id`
LEFT JOIN `etiquetas` ON `etiquetas`.`id` = `pelicula_etiqueta`.`etiqueta_fk`
LEFT JOIN `pelicula_imagen` ON `pelicula_imagen`.`pelicula_fk` = `peliculas`.`id`
LEFT JOIN `imagenes` ON `imagenes`.`id` = `pelicula_imagen`.`imagen_fk`
WHERE `etiqueta`.`etiqueta_fk` = :etiqueta.etiqueta_fk:
GROUP BY `peliculas`.`id`
) CI_count_all_results', [...], false)
 4 SYSTEMPATH\Model.php(667): CodeIgniter\Database\BaseBuilder->countAllResults(false)
 5 SYSTEMPATH\BaseModel.php(1284): CodeIgniter\Model->countAllResults(false)
 6 APPPATH\Controllers\Blog\Pelicula.php(93): CodeIgniter\BaseModel->paginate()
 7 SYSTEMPATH\CodeIgniter.php(933): App\Controllers\Blog\Pelicula->index_por_etiqueta('21')
 8 SYSTEMPATH\CodeIgniter.php(509): CodeIgniter\CodeIgniter->runController(Object(App\Controllers\Blog\Pelicula))
 9 SYSTEMPATH\CodeIgniter.php(355): CodeIgniter\CodeIgniter->handleRequest(null, Object(Config\Cache), false)
10 SYSTEMPATH\Boot.php(312): CodeIgniter\CodeIgniter->run()
11 SYSTEMPATH\Boot.php(67): CodeIgniter\Boot::runCodeIgniter(Object(CodeIgniter\CodeIgniter))
12 FCPATH\index.php(56): CodeIgniter\Boot::bootWeb(Object(Config\Paths))
CRITICAL - 2024-06-16 18:22:29 --> [Caused by] mysqli_sql_exception: Unknown column 'etiqueta.etiqueta_fk' in 'where clause'
in SYSTEMPATH\Database\MySQLi\Connection.php on line 308.
 1 SYSTEMPATH\Database\MySQLi\Connection.php(308): mysqli->query('SELECT COUNT(*) AS `numrows`
FROM (
SELECT `peliculas`.*, `categorias`.`titulo` as `categoria`, GROUP_CONCAT(etiquetas.titulo) as etiqueta, MAX(imagenes.imagen) as imagen
FROM `peliculas`
JOIN `categorias` ON `categorias`.`id` = `peliculas`.`categoria_fk`
LEFT JOIN `pelicula_etiqueta` ON `pelicula_etiqueta`.`pelicula_fk` = `peliculas`.`id`
LEFT JOIN `etiquetas` ON `etiquetas`.`id` = `pelicula_etiqueta`.`etiqueta_fk`
LEFT JOIN `pelicula_imagen` ON `pelicula_imagen`.`pelicula_fk` = `peliculas`.`id`
LEFT JOIN `imagenes` ON `imagenes`.`id` = `pelicula_imagen`.`imagen_fk`
WHERE `etiqueta`.`etiqueta_fk` = \'21\'
GROUP BY `peliculas`.`id`
) CI_count_all_results', 0)
 2 SYSTEMPATH\Database\BaseConnection.php(722): CodeIgniter\Database\MySQLi\Connection->execute('SELECT COUNT(*) AS `numrows`
FROM (
SELECT `peliculas`.*, `categorias`.`titulo` as `categoria`, GROUP_CONCAT(etiquetas.titulo) as etiqueta, MAX(imagenes.imagen) as imagen
FROM `peliculas`
JOIN `categorias` ON `categorias`.`id` = `peliculas`.`categoria_fk`
LEFT JOIN `pelicula_etiqueta` ON `pelicula_etiqueta`.`pelicula_fk` = `peliculas`.`id`
LEFT JOIN `etiquetas` ON `etiquetas`.`id` = `pelicula_etiqueta`.`etiqueta_fk`
LEFT JOIN `pelicula_imagen` ON `pelicula_imagen`.`pelicula_fk` = `peliculas`.`id`
LEFT JOIN `imagenes` ON `imagenes`.`id` = `pelicula_imagen`.`imagen_fk`
WHERE `etiqueta`.`etiqueta_fk` = \'21\'
GROUP BY `peliculas`.`id`
) CI_count_all_results')
 3 SYSTEMPATH\Database\BaseConnection.php(636): CodeIgniter\Database\BaseConnection->simpleQuery('SELECT COUNT(*) AS `numrows`
FROM (
SELECT `peliculas`.*, `categorias`.`titulo` as `categoria`, GROUP_CONCAT(etiquetas.titulo) as etiqueta, MAX(imagenes.imagen) as imagen
FROM `peliculas`
JOIN `categorias` ON `categorias`.`id` = `peliculas`.`categoria_fk`
LEFT JOIN `pelicula_etiqueta` ON `pelicula_etiqueta`.`pelicula_fk` = `peliculas`.`id`
LEFT JOIN `etiquetas` ON `etiquetas`.`id` = `pelicula_etiqueta`.`etiqueta_fk`
LEFT JOIN `pelicula_imagen` ON `pelicula_imagen`.`pelicula_fk` = `peliculas`.`id`
LEFT JOIN `imagenes` ON `imagenes`.`id` = `pelicula_imagen`.`imagen_fk`
WHERE `etiqueta`.`etiqueta_fk` = \'21\'
GROUP BY `peliculas`.`id`
) CI_count_all_results')
 4 SYSTEMPATH\Database\BaseBuilder.php(1713): CodeIgniter\Database\BaseConnection->query('SELECT COUNT(*) AS `numrows`
FROM (
SELECT `peliculas`.*, `categorias`.`titulo` as `categoria`, GROUP_CONCAT(etiquetas.titulo) as etiqueta, MAX(imagenes.imagen) as imagen
FROM `peliculas`
JOIN `categorias` ON `categorias`.`id` = `peliculas`.`categoria_fk`
LEFT JOIN `pelicula_etiqueta` ON `pelicula_etiqueta`.`pelicula_fk` = `peliculas`.`id`
LEFT JOIN `etiquetas` ON `etiquetas`.`id` = `pelicula_etiqueta`.`etiqueta_fk`
LEFT JOIN `pelicula_imagen` ON `pelicula_imagen`.`pelicula_fk` = `peliculas`.`id`
LEFT JOIN `imagenes` ON `imagenes`.`id` = `pelicula_imagen`.`imagen_fk`
WHERE `etiqueta`.`etiqueta_fk` = :etiqueta.etiqueta_fk:
GROUP BY `peliculas`.`id`
) CI_count_all_results', [...], false)
 5 SYSTEMPATH\Model.php(667): CodeIgniter\Database\BaseBuilder->countAllResults(false)
 6 SYSTEMPATH\BaseModel.php(1284): CodeIgniter\Model->countAllResults(false)
 7 APPPATH\Controllers\Blog\Pelicula.php(93): CodeIgniter\BaseModel->paginate()
 8 SYSTEMPATH\CodeIgniter.php(933): App\Controllers\Blog\Pelicula->index_por_etiqueta('21')
 9 SYSTEMPATH\CodeIgniter.php(509): CodeIgniter\CodeIgniter->runController(Object(App\Controllers\Blog\Pelicula))
10 SYSTEMPATH\CodeIgniter.php(355): CodeIgniter\CodeIgniter->handleRequest(null, Object(Config\Cache), false)
11 SYSTEMPATH\Boot.php(312): CodeIgniter\CodeIgniter->run()
12 SYSTEMPATH\Boot.php(67): CodeIgniter\Boot::runCodeIgniter(Object(CodeIgniter\CodeIgniter))
13 FCPATH\index.php(56): CodeIgniter\Boot::bootWeb(Object(Config\Paths))
ERROR - 2024-06-16 18:22:52 --> mysqli_sql_exception: Unknown column 'etiquetas.etiqueta_fk' in 'where clause' in C:\laragon\www\codeigniter4\system\Database\MySQLi\Connection.php:308
Stack trace:
#0 C:\laragon\www\codeigniter4\system\Database\MySQLi\Connection.php(308): mysqli->query('SELECT COUNT(*)...', 0)
#1 C:\laragon\www\codeigniter4\system\Database\BaseConnection.php(722): CodeIgniter\Database\MySQLi\Connection->execute('SELECT COUNT(*)...')
#2 C:\laragon\www\codeigniter4\system\Database\BaseConnection.php(636): CodeIgniter\Database\BaseConnection->simpleQuery('SELECT COUNT(*)...')
#3 C:\laragon\www\codeigniter4\system\Database\BaseBuilder.php(1713): CodeIgniter\Database\BaseConnection->query('SELECT COUNT(*)...', Array, false)
#4 C:\laragon\www\codeigniter4\system\Model.php(667): CodeIgniter\Database\BaseBuilder->countAllResults(false)
#5 C:\laragon\www\codeigniter4\system\BaseModel.php(1284): CodeIgniter\Model->countAllResults(false)
#6 C:\laragon\www\codeigniter4\app\Controllers\Blog\Pelicula.php(93): CodeIgniter\BaseModel->paginate()
#7 C:\laragon\www\codeigniter4\system\CodeIgniter.php(933): App\Controllers\Blog\Pelicula->index_por_etiqueta('21')
#8 C:\laragon\www\codeigniter4\system\CodeIgniter.php(509): CodeIgniter\CodeIgniter->runController(Object(App\Controllers\Blog\Pelicula))
#9 C:\laragon\www\codeigniter4\system\CodeIgniter.php(355): CodeIgniter\CodeIgniter->handleRequest(NULL, Object(Config\Cache), false)
#10 C:\laragon\www\codeigniter4\system\Boot.php(312): CodeIgniter\CodeIgniter->run()
#11 C:\laragon\www\codeigniter4\system\Boot.php(67): CodeIgniter\Boot::runCodeIgniter(Object(CodeIgniter\CodeIgniter))
#12 C:\laragon\www\codeigniter4\public\index.php(56): CodeIgniter\Boot::bootWeb(Object(Config\Paths))
#13 {main}
CRITICAL - 2024-06-16 18:22:52 --> CodeIgniter\Database\Exceptions\DatabaseException: Unknown column 'etiquetas.etiqueta_fk' in 'where clause'
[Method: GET, Route: blog/etiquetas/21]
in SYSTEMPATH\Database\BaseConnection.php on line 676.
 1 SYSTEMPATH\Database\BaseBuilder.php(1713): CodeIgniter\Database\BaseConnection->query('SELECT COUNT(*) AS `numrows`
FROM (
SELECT `peliculas`.*, `categorias`.`titulo` as `categoria`, GROUP_CONCAT(etiquetas.titulo) as etiqueta, MAX(imagenes.imagen) as imagen
FROM `peliculas`
JOIN `categorias` ON `categorias`.`id` = `peliculas`.`categoria_fk`
LEFT JOIN `pelicula_etiqueta` ON `pelicula_etiqueta`.`pelicula_fk` = `peliculas`.`id`
LEFT JOIN `etiquetas` ON `etiquetas`.`id` = `pelicula_etiqueta`.`etiqueta_fk`
LEFT JOIN `pelicula_imagen` ON `pelicula_imagen`.`pelicula_fk` = `peliculas`.`id`
LEFT JOIN `imagenes` ON `imagenes`.`id` = `pelicula_imagen`.`imagen_fk`
WHERE `etiquetas`.`etiqueta_fk` = :etiquetas.etiqueta_fk:
GROUP BY `peliculas`.`id`
) CI_count_all_results', [...], false)
 2 SYSTEMPATH\Model.php(667): CodeIgniter\Database\BaseBuilder->countAllResults(false)
 3 SYSTEMPATH\BaseModel.php(1284): CodeIgniter\Model->countAllResults(false)
 4 APPPATH\Controllers\Blog\Pelicula.php(93): CodeIgniter\BaseModel->paginate()
 5 SYSTEMPATH\CodeIgniter.php(933): App\Controllers\Blog\Pelicula->index_por_etiqueta('21')
 6 SYSTEMPATH\CodeIgniter.php(509): CodeIgniter\CodeIgniter->runController(Object(App\Controllers\Blog\Pelicula))
 7 SYSTEMPATH\CodeIgniter.php(355): CodeIgniter\CodeIgniter->handleRequest(null, Object(Config\Cache), false)
 8 SYSTEMPATH\Boot.php(312): CodeIgniter\CodeIgniter->run()
 9 SYSTEMPATH\Boot.php(67): CodeIgniter\Boot::runCodeIgniter(Object(CodeIgniter\CodeIgniter))
10 FCPATH\index.php(56): CodeIgniter\Boot::bootWeb(Object(Config\Paths))
CRITICAL - 2024-06-16 18:22:52 --> [Caused by] CodeIgniter\Database\Exceptions\DatabaseException: Unknown column 'etiquetas.etiqueta_fk' in 'where clause'
in SYSTEMPATH\Database\MySQLi\Connection.php on line 313.
 1 SYSTEMPATH\Database\BaseConnection.php(722): CodeIgniter\Database\MySQLi\Connection->execute('SELECT COUNT(*) AS `numrows`
FROM (
SELECT `peliculas`.*, `categorias`.`titulo` as `categoria`, GROUP_CONCAT(etiquetas.titulo) as etiqueta, MAX(imagenes.imagen) as imagen
FROM `peliculas`
JOIN `categorias` ON `categorias`.`id` = `peliculas`.`categoria_fk`
LEFT JOIN `pelicula_etiqueta` ON `pelicula_etiqueta`.`pelicula_fk` = `peliculas`.`id`
LEFT JOIN `etiquetas` ON `etiquetas`.`id` = `pelicula_etiqueta`.`etiqueta_fk`
LEFT JOIN `pelicula_imagen` ON `pelicula_imagen`.`pelicula_fk` = `peliculas`.`id`
LEFT JOIN `imagenes` ON `imagenes`.`id` = `pelicula_imagen`.`imagen_fk`
WHERE `etiquetas`.`etiqueta_fk` = \'21\'
GROUP BY `peliculas`.`id`
) CI_count_all_results')
 2 SYSTEMPATH\Database\BaseConnection.php(636): CodeIgniter\Database\BaseConnection->simpleQuery('SELECT COUNT(*) AS `numrows`
FROM (
SELECT `peliculas`.*, `categorias`.`titulo` as `categoria`, GROUP_CONCAT(etiquetas.titulo) as etiqueta, MAX(imagenes.imagen) as imagen
FROM `peliculas`
JOIN `categorias` ON `categorias`.`id` = `peliculas`.`categoria_fk`
LEFT JOIN `pelicula_etiqueta` ON `pelicula_etiqueta`.`pelicula_fk` = `peliculas`.`id`
LEFT JOIN `etiquetas` ON `etiquetas`.`id` = `pelicula_etiqueta`.`etiqueta_fk`
LEFT JOIN `pelicula_imagen` ON `pelicula_imagen`.`pelicula_fk` = `peliculas`.`id`
LEFT JOIN `imagenes` ON `imagenes`.`id` = `pelicula_imagen`.`imagen_fk`
WHERE `etiquetas`.`etiqueta_fk` = \'21\'
GROUP BY `peliculas`.`id`
) CI_count_all_results')
 3 SYSTEMPATH\Database\BaseBuilder.php(1713): CodeIgniter\Database\BaseConnection->query('SELECT COUNT(*) AS `numrows`
FROM (
SELECT `peliculas`.*, `categorias`.`titulo` as `categoria`, GROUP_CONCAT(etiquetas.titulo) as etiqueta, MAX(imagenes.imagen) as imagen
FROM `peliculas`
JOIN `categorias` ON `categorias`.`id` = `peliculas`.`categoria_fk`
LEFT JOIN `pelicula_etiqueta` ON `pelicula_etiqueta`.`pelicula_fk` = `peliculas`.`id`
LEFT JOIN `etiquetas` ON `etiquetas`.`id` = `pelicula_etiqueta`.`etiqueta_fk`
LEFT JOIN `pelicula_imagen` ON `pelicula_imagen`.`pelicula_fk` = `peliculas`.`id`
LEFT JOIN `imagenes` ON `imagenes`.`id` = `pelicula_imagen`.`imagen_fk`
WHERE `etiquetas`.`etiqueta_fk` = :etiquetas.etiqueta_fk:
GROUP BY `peliculas`.`id`
) CI_count_all_results', [...], false)
 4 SYSTEMPATH\Model.php(667): CodeIgniter\Database\BaseBuilder->countAllResults(false)
 5 SYSTEMPATH\BaseModel.php(1284): CodeIgniter\Model->countAllResults(false)
 6 APPPATH\Controllers\Blog\Pelicula.php(93): CodeIgniter\BaseModel->paginate()
 7 SYSTEMPATH\CodeIgniter.php(933): App\Controllers\Blog\Pelicula->index_por_etiqueta('21')
 8 SYSTEMPATH\CodeIgniter.php(509): CodeIgniter\CodeIgniter->runController(Object(App\Controllers\Blog\Pelicula))
 9 SYSTEMPATH\CodeIgniter.php(355): CodeIgniter\CodeIgniter->handleRequest(null, Object(Config\Cache), false)
10 SYSTEMPATH\Boot.php(312): CodeIgniter\CodeIgniter->run()
11 SYSTEMPATH\Boot.php(67): CodeIgniter\Boot::runCodeIgniter(Object(CodeIgniter\CodeIgniter))
12 FCPATH\index.php(56): CodeIgniter\Boot::bootWeb(Object(Config\Paths))
CRITICAL - 2024-06-16 18:22:52 --> [Caused by] mysqli_sql_exception: Unknown column 'etiquetas.etiqueta_fk' in 'where clause'
in SYSTEMPATH\Database\MySQLi\Connection.php on line 308.
 1 SYSTEMPATH\Database\MySQLi\Connection.php(308): mysqli->query('SELECT COUNT(*) AS `numrows`
FROM (
SELECT `peliculas`.*, `categorias`.`titulo` as `categoria`, GROUP_CONCAT(etiquetas.titulo) as etiqueta, MAX(imagenes.imagen) as imagen
FROM `peliculas`
JOIN `categorias` ON `categorias`.`id` = `peliculas`.`categoria_fk`
LEFT JOIN `pelicula_etiqueta` ON `pelicula_etiqueta`.`pelicula_fk` = `peliculas`.`id`
LEFT JOIN `etiquetas` ON `etiquetas`.`id` = `pelicula_etiqueta`.`etiqueta_fk`
LEFT JOIN `pelicula_imagen` ON `pelicula_imagen`.`pelicula_fk` = `peliculas`.`id`
LEFT JOIN `imagenes` ON `imagenes`.`id` = `pelicula_imagen`.`imagen_fk`
WHERE `etiquetas`.`etiqueta_fk` = \'21\'
GROUP BY `peliculas`.`id`
) CI_count_all_results', 0)
 2 SYSTEMPATH\Database\BaseConnection.php(722): CodeIgniter\Database\MySQLi\Connection->execute('SELECT COUNT(*) AS `numrows`
FROM (
SELECT `peliculas`.*, `categorias`.`titulo` as `categoria`, GROUP_CONCAT(etiquetas.titulo) as etiqueta, MAX(imagenes.imagen) as imagen
FROM `peliculas`
JOIN `categorias` ON `categorias`.`id` = `peliculas`.`categoria_fk`
LEFT JOIN `pelicula_etiqueta` ON `pelicula_etiqueta`.`pelicula_fk` = `peliculas`.`id`
LEFT JOIN `etiquetas` ON `etiquetas`.`id` = `pelicula_etiqueta`.`etiqueta_fk`
LEFT JOIN `pelicula_imagen` ON `pelicula_imagen`.`pelicula_fk` = `peliculas`.`id`
LEFT JOIN `imagenes` ON `imagenes`.`id` = `pelicula_imagen`.`imagen_fk`
WHERE `etiquetas`.`etiqueta_fk` = \'21\'
GROUP BY `peliculas`.`id`
) CI_count_all_results')
 3 SYSTEMPATH\Database\BaseConnection.php(636): CodeIgniter\Database\BaseConnection->simpleQuery('SELECT COUNT(*) AS `numrows`
FROM (
SELECT `peliculas`.*, `categorias`.`titulo` as `categoria`, GROUP_CONCAT(etiquetas.titulo) as etiqueta, MAX(imagenes.imagen) as imagen
FROM `peliculas`
JOIN `categorias` ON `categorias`.`id` = `peliculas`.`categoria_fk`
LEFT JOIN `pelicula_etiqueta` ON `pelicula_etiqueta`.`pelicula_fk` = `peliculas`.`id`
LEFT JOIN `etiquetas` ON `etiquetas`.`id` = `pelicula_etiqueta`.`etiqueta_fk`
LEFT JOIN `pelicula_imagen` ON `pelicula_imagen`.`pelicula_fk` = `peliculas`.`id`
LEFT JOIN `imagenes` ON `imagenes`.`id` = `pelicula_imagen`.`imagen_fk`
WHERE `etiquetas`.`etiqueta_fk` = \'21\'
GROUP BY `peliculas`.`id`
) CI_count_all_results')
 4 SYSTEMPATH\Database\BaseBuilder.php(1713): CodeIgniter\Database\BaseConnection->query('SELECT COUNT(*) AS `numrows`
FROM (
SELECT `peliculas`.*, `categorias`.`titulo` as `categoria`, GROUP_CONCAT(etiquetas.titulo) as etiqueta, MAX(imagenes.imagen) as imagen
FROM `peliculas`
JOIN `categorias` ON `categorias`.`id` = `peliculas`.`categoria_fk`
LEFT JOIN `pelicula_etiqueta` ON `pelicula_etiqueta`.`pelicula_fk` = `peliculas`.`id`
LEFT JOIN `etiquetas` ON `etiquetas`.`id` = `pelicula_etiqueta`.`etiqueta_fk`
LEFT JOIN `pelicula_imagen` ON `pelicula_imagen`.`pelicula_fk` = `peliculas`.`id`
LEFT JOIN `imagenes` ON `imagenes`.`id` = `pelicula_imagen`.`imagen_fk`
WHERE `etiquetas`.`etiqueta_fk` = :etiquetas.etiqueta_fk:
GROUP BY `peliculas`.`id`
) CI_count_all_results', [...], false)
 5 SYSTEMPATH\Model.php(667): CodeIgniter\Database\BaseBuilder->countAllResults(false)
 6 SYSTEMPATH\BaseModel.php(1284): CodeIgniter\Model->countAllResults(false)
 7 APPPATH\Controllers\Blog\Pelicula.php(93): CodeIgniter\BaseModel->paginate()
 8 SYSTEMPATH\CodeIgniter.php(933): App\Controllers\Blog\Pelicula->index_por_etiqueta('21')
 9 SYSTEMPATH\CodeIgniter.php(509): CodeIgniter\CodeIgniter->runController(Object(App\Controllers\Blog\Pelicula))
10 SYSTEMPATH\CodeIgniter.php(355): CodeIgniter\CodeIgniter->handleRequest(null, Object(Config\Cache), false)
11 SYSTEMPATH\Boot.php(312): CodeIgniter\CodeIgniter->run()
12 SYSTEMPATH\Boot.php(67): CodeIgniter\Boot::runCodeIgniter(Object(CodeIgniter\CodeIgniter))
13 FCPATH\index.php(56): CodeIgniter\Boot::bootWeb(Object(Config\Paths))
CRITICAL - 2024-06-16 18:23:06 --> CodeIgniter\View\Exceptions\ViewException: Invalid file: "/partials/_peliculas.php"
[Method: GET, Route: blog/etiquetas/21]
in SYSTEMPATH\Exceptions\FrameworkException.php on line 41.
 1 SYSTEMPATH\View\View.php(222): CodeIgniter\Exceptions\FrameworkException::forInvalidFile('/partials/_peliculas.php')
 2 SYSTEMPATH\Common.php(1171): CodeIgniter\View\View->render('/partials/_peliculas', [], true)
 3 APPPATH\Views\blog\pelicula\index_por_etiqueta.php(5): view('/partials/_peliculas')
 4 SYSTEMPATH\View\View.php(234): include('C:\\laragon\\www\\codeigniter4\\app\\Views\\blog\\pelicula\\index_por_etiqueta.php')
 5 SYSTEMPATH\View\View.php(237): CodeIgniter\View\View->CodeIgniter\View\{closure}()
 6 SYSTEMPATH\Common.php(1171): CodeIgniter\View\View->render('blog/pelicula/index_por_etiqueta', [], true)
 7 APPPATH\Controllers\Blog\Pelicula.php(99): view('blog/pelicula/index_por_etiqueta', [...])
 8 SYSTEMPATH\CodeIgniter.php(933): App\Controllers\Blog\Pelicula->index_por_etiqueta('21')
 9 SYSTEMPATH\CodeIgniter.php(509): CodeIgniter\CodeIgniter->runController(Object(App\Controllers\Blog\Pelicula))
10 SYSTEMPATH\CodeIgniter.php(355): CodeIgniter\CodeIgniter->handleRequest(null, Object(Config\Cache), false)
11 SYSTEMPATH\Boot.php(312): CodeIgniter\CodeIgniter->run()
12 SYSTEMPATH\Boot.php(67): CodeIgniter\Boot::runCodeIgniter(Object(CodeIgniter\CodeIgniter))
13 FCPATH\index.php(56): CodeIgniter\Boot::bootWeb(Object(Config\Paths))
INFO - 2024-06-16 18:26:42 --> Session: Class initialized using 'CodeIgniter\Session\Handlers\FileHandler' driver.
INFO - 2024-06-16 18:26:49 --> Session: Class initialized using 'CodeIgniter\Session\Handlers\FileHandler' driver.
CRITICAL - 2024-06-16 18:26:52 --> CodeIgniter\View\Exceptions\ViewException: Invalid file: "/partials/_peliculas.php"
[Method: GET, Route: blog/etiquetas/6]
in SYSTEMPATH\Exceptions\FrameworkException.php on line 41.
 1 SYSTEMPATH\View\View.php(222): CodeIgniter\Exceptions\FrameworkException::forInvalidFile('/partials/_peliculas.php')
 2 SYSTEMPATH\Common.php(1171): CodeIgniter\View\View->render('/partials/_peliculas', [], true)
 3 APPPATH\Views\blog\pelicula\index_por_etiqueta.php(5): view('/partials/_peliculas')
 4 SYSTEMPATH\View\View.php(234): include('C:\\laragon\\www\\codeigniter4\\app\\Views\\blog\\pelicula\\index_por_etiqueta.php')
 5 SYSTEMPATH\View\View.php(237): CodeIgniter\View\View->CodeIgniter\View\{closure}()
 6 SYSTEMPATH\Common.php(1171): CodeIgniter\View\View->render('blog/pelicula/index_por_etiqueta', [], true)
 7 APPPATH\Controllers\Blog\Pelicula.php(99): view('blog/pelicula/index_por_etiqueta', [...])
 8 SYSTEMPATH\CodeIgniter.php(933): App\Controllers\Blog\Pelicula->index_por_etiqueta('6')
 9 SYSTEMPATH\CodeIgniter.php(509): CodeIgniter\CodeIgniter->runController(Object(App\Controllers\Blog\Pelicula))
10 SYSTEMPATH\CodeIgniter.php(355): CodeIgniter\CodeIgniter->handleRequest(null, Object(Config\Cache), false)
11 SYSTEMPATH\Boot.php(312): CodeIgniter\CodeIgniter->run()
12 SYSTEMPATH\Boot.php(67): CodeIgniter\Boot::runCodeIgniter(Object(CodeIgniter\CodeIgniter))
13 FCPATH\index.php(56): CodeIgniter\Boot::bootWeb(Object(Config\Paths))
INFO - 2024-06-16 18:27:13 --> Session: Class initialized using 'CodeIgniter\Session\Handlers\FileHandler' driver.
INFO - 2024-06-16 18:28:00 --> Session: Class initialized using 'CodeIgniter\Session\Handlers\FileHandler' driver.
INFO - 2024-06-16 18:28:03 --> Session: Class initialized using 'CodeIgniter\Session\Handlers\FileHandler' driver.
CRITICAL - 2024-06-16 18:28:05 --> CodeIgniter\View\Exceptions\ViewException: Invalid file: "/partials/_peliculas.php"
[Method: GET, Route: blog/etiquetas/6]
in SYSTEMPATH\Exceptions\FrameworkException.php on line 41.
 1 SYSTEMPATH\View\View.php(222): CodeIgniter\Exceptions\FrameworkException::forInvalidFile('/partials/_peliculas.php')
 2 SYSTEMPATH\Common.php(1171): CodeIgniter\View\View->render('/partials/_peliculas', [], true)
 3 APPPATH\Views\blog\pelicula\index_por_etiqueta.php(5): view('/partials/_peliculas')
 4 SYSTEMPATH\View\View.php(234): include('C:\\laragon\\www\\codeigniter4\\app\\Views\\blog\\pelicula\\index_por_etiqueta.php')
 5 SYSTEMPATH\View\View.php(237): CodeIgniter\View\View->CodeIgniter\View\{closure}()
 6 SYSTEMPATH\Common.php(1171): CodeIgniter\View\View->render('blog/pelicula/index_por_etiqueta', [], true)
 7 APPPATH\Controllers\Blog\Pelicula.php(99): view('blog/pelicula/index_por_etiqueta', [...])
 8 SYSTEMPATH\CodeIgniter.php(933): App\Controllers\Blog\Pelicula->index_por_etiqueta('6')
 9 SYSTEMPATH\CodeIgniter.php(509): CodeIgniter\CodeIgniter->runController(Object(App\Controllers\Blog\Pelicula))
10 SYSTEMPATH\CodeIgniter.php(355): CodeIgniter\CodeIgniter->handleRequest(null, Object(Config\Cache), false)
11 SYSTEMPATH\Boot.php(312): CodeIgniter\CodeIgniter->run()
12 SYSTEMPATH\Boot.php(67): CodeIgniter\Boot::runCodeIgniter(Object(CodeIgniter\CodeIgniter))
13 FCPATH\index.php(56): CodeIgniter\Boot::bootWeb(Object(Config\Paths))
CRITICAL - 2024-06-16 18:30:59 --> CodeIgniter\View\Exceptions\ViewException: Invalid file: "/partials/_peliculas.php"
[Method: GET, Route: blog/etiquetas/6]
in SYSTEMPATH\Exceptions\FrameworkException.php on line 41.
 1 SYSTEMPATH\View\View.php(222): CodeIgniter\Exceptions\FrameworkException::forInvalidFile('/partials/_peliculas.php')
 2 SYSTEMPATH\Common.php(1171): CodeIgniter\View\View->render('/partials/_peliculas', [], true)
 3 APPPATH\Views\blog\pelicula\index_por_etiqueta.php(5): view('/partials/_peliculas')
 4 SYSTEMPATH\View\View.php(234): include('C:\\laragon\\www\\codeigniter4\\app\\Views\\blog\\pelicula\\index_por_etiqueta.php')
 5 SYSTEMPATH\View\View.php(237): CodeIgniter\View\View->CodeIgniter\View\{closure}()
 6 SYSTEMPATH\Common.php(1171): CodeIgniter\View\View->render('blog/pelicula/index_por_etiqueta', [], true)
 7 APPPATH\Controllers\Blog\Pelicula.php(99): view('blog/pelicula/index_por_etiqueta', [...])
 8 SYSTEMPATH\CodeIgniter.php(933): App\Controllers\Blog\Pelicula->index_por_etiqueta('6')
 9 SYSTEMPATH\CodeIgniter.php(509): CodeIgniter\CodeIgniter->runController(Object(App\Controllers\Blog\Pelicula))
10 SYSTEMPATH\CodeIgniter.php(355): CodeIgniter\CodeIgniter->handleRequest(null, Object(Config\Cache), false)
11 SYSTEMPATH\Boot.php(312): CodeIgniter\CodeIgniter->run()
12 SYSTEMPATH\Boot.php(67): CodeIgniter\Boot::runCodeIgniter(Object(CodeIgniter\CodeIgniter))
13 FCPATH\index.php(56): CodeIgniter\Boot::bootWeb(Object(Config\Paths))
INFO - 2024-06-16 18:32:14 --> Session: Class initialized using 'CodeIgniter\Session\Handlers\FileHandler' driver.
INFO - 2024-06-16 18:32:15 --> Session: Class initialized using 'CodeIgniter\Session\Handlers\FileHandler' driver.
INFO - 2024-06-16 18:32:17 --> Session: Class initialized using 'CodeIgniter\Session\Handlers\FileHandler' driver.
INFO - 2024-06-16 18:32:19 --> Session: Class initialized using 'CodeIgniter\Session\Handlers\FileHandler' driver.
INFO - 2024-06-16 18:32:19 --> Session: Class initialized using 'CodeIgniter\Session\Handlers\FileHandler' driver.
INFO - 2024-06-16 18:32:57 --> Session: Class initialized using 'CodeIgniter\Session\Handlers\FileHandler' driver.
CRITICAL - 2024-06-16 18:42:07 --> ErrorException: Attempt to read property "titulo" on null
[Method: GET, Route: blog/categorias/9]
in APPPATH\Views\blog\pelicula\index_por_categoria.php on line 3.
 1 APPPATH\Views\blog\pelicula\index_por_categoria.php(3): CodeIgniter\Debug\Exceptions->errorHandler(2, 'Attempt to read property "titulo" on null', 'C:\\laragon\\www\\codeigniter4\\app\\Views\\blog\\pelicula\\index_por_categoria.php', 3)
 2 SYSTEMPATH\View\View.php(234): include('C:\\laragon\\www\\codeigniter4\\app\\Views\\blog\\pelicula\\index_por_categoria.php')
 3 SYSTEMPATH\View\View.php(237): CodeIgniter\View\View->CodeIgniter\View\{closure}()
 4 SYSTEMPATH\Common.php(1171): CodeIgniter\View\View->render('blog/pelicula/index_por_categoria', [], true)
 5 APPPATH\Controllers\Blog\Pelicula.php(90): view('blog/pelicula/index_por_categoria', [...])
 6 SYSTEMPATH\CodeIgniter.php(933): App\Controllers\Blog\Pelicula->index_por_categoria('9')
 7 SYSTEMPATH\CodeIgniter.php(509): CodeIgniter\CodeIgniter->runController(Object(App\Controllers\Blog\Pelicula))
 8 SYSTEMPATH\CodeIgniter.php(355): CodeIgniter\CodeIgniter->handleRequest(null, Object(Config\Cache), false)
 9 SYSTEMPATH\Boot.php(312): CodeIgniter\CodeIgniter->run()
10 SYSTEMPATH\Boot.php(67): CodeIgniter\Boot::runCodeIgniter(Object(CodeIgniter\CodeIgniter))
11 FCPATH\index.php(56): CodeIgniter\Boot::bootWeb(Object(Config\Paths))
INFO - 2024-06-16 18:45:07 --> Session: Class initialized using 'CodeIgniter\Session\Handlers\FileHandler' driver.
INFO - 2024-06-16 18:46:46 --> Session: Class initialized using 'CodeIgniter\Session\Handlers\FileHandler' driver.
INFO - 2024-06-16 18:47:03 --> Session: Class initialized using 'CodeIgniter\Session\Handlers\FileHandler' driver.
INFO - 2024-06-16 18:47:07 --> Session: Class initialized using 'CodeIgniter\Session\Handlers\FileHandler' driver.
INFO - 2024-06-16 18:51:31 --> Session: Class initialized using 'CodeIgniter\Session\Handlers\FileHandler' driver.
INFO - 2024-06-16 18:51:33 --> Session: Class initialized using 'CodeIgniter\Session\Handlers\FileHandler' driver.
INFO - 2024-06-16 18:51:35 --> Session: Class initialized using 'CodeIgniter\Session\Handlers\FileHandler' driver.
INFO - 2024-06-16 18:52:18 --> Session: Class initialized using 'CodeIgniter\Session\Handlers\FileHandler' driver.
INFO - 2024-06-16 18:52:22 --> Session: Class initialized using 'CodeIgniter\Session\Handlers\FileHandler' driver.
INFO - 2024-06-16 18:52:25 --> Session: Class initialized using 'CodeIgniter\Session\Handlers\FileHandler' driver.
INFO - 2024-06-16 18:52:27 --> Session: Class initialized using 'CodeIgniter\Session\Handlers\FileHandler' driver.
INFO - 2024-06-16 18:52:29 --> Session: Class initialized using 'CodeIgniter\Session\Handlers\FileHandler' driver.
INFO - 2024-06-16 18:52:42 --> Session: Class initialized using 'CodeIgniter\Session\Handlers\FileHandler' driver.
INFO - 2024-06-16 18:52:50 --> Session: Class initialized using 'CodeIgniter\Session\Handlers\FileHandler' driver.
INFO - 2024-06-16 18:52:58 --> Session: Class initialized using 'CodeIgniter\Session\Handlers\FileHandler' driver.
INFO - 2024-06-16 18:53:10 --> Session: Class initialized using 'CodeIgniter\Session\Handlers\FileHandler' driver.
INFO - 2024-06-16 18:53:13 --> Session: Class initialized using 'CodeIgniter\Session\Handlers\FileHandler' driver.
INFO - 2024-06-16 18:53:29 --> Session: Class initialized using 'CodeIgniter\Session\Handlers\FileHandler' driver.
INFO - 2024-06-16 18:53:33 --> Session: Class initialized using 'CodeIgniter\Session\Handlers\FileHandler' driver.
INFO - 2024-06-16 18:53:35 --> Session: Class initialized using 'CodeIgniter\Session\Handlers\FileHandler' driver.
INFO - 2024-06-16 18:53:37 --> Session: Class initialized using 'CodeIgniter\Session\Handlers\FileHandler' driver.
INFO - 2024-06-16 18:53:47 --> Session: Class initialized using 'CodeIgniter\Session\Handlers\FileHandler' driver.
INFO - 2024-06-16 18:53:47 --> Session: Class initialized using 'CodeIgniter\Session\Handlers\FileHandler' driver.
INFO - 2024-06-16 18:53:51 --> Session: Class initialized using 'CodeIgniter\Session\Handlers\FileHandler' driver.
INFO - 2024-06-16 18:53:51 --> Session: Class initialized using 'CodeIgniter\Session\Handlers\FileHandler' driver.
INFO - 2024-06-16 18:53:54 --> Session: Class initialized using 'CodeIgniter\Session\Handlers\FileHandler' driver.
INFO - 2024-06-16 18:53:57 --> Session: Class initialized using 'CodeIgniter\Session\Handlers\FileHandler' driver.
INFO - 2024-06-16 18:54:04 --> Session: Class initialized using 'CodeIgniter\Session\Handlers\FileHandler' driver.
INFO - 2024-06-16 18:54:06 --> Session: Class initialized using 'CodeIgniter\Session\Handlers\FileHandler' driver.
INFO - 2024-06-16 18:54:10 --> Session: Class initialized using 'CodeIgniter\Session\Handlers\FileHandler' driver.
INFO - 2024-06-16 18:54:13 --> Session: Class initialized using 'CodeIgniter\Session\Handlers\FileHandler' driver.
INFO - 2024-06-16 18:54:13 --> Session: Class initialized using 'CodeIgniter\Session\Handlers\FileHandler' driver.
INFO - 2024-06-16 18:54:15 --> Session: Class initialized using 'CodeIgniter\Session\Handlers\FileHandler' driver.
INFO - 2024-06-16 18:54:16 --> Session: Class initialized using 'CodeIgniter\Session\Handlers\FileHandler' driver.
INFO - 2024-06-16 18:54:18 --> Session: Class initialized using 'CodeIgniter\Session\Handlers\FileHandler' driver.
INFO - 2024-06-16 18:54:22 --> Session: Class initialized using 'CodeIgniter\Session\Handlers\FileHandler' driver.
INFO - 2024-06-16 18:54:22 --> Session: Class initialized using 'CodeIgniter\Session\Handlers\FileHandler' driver.
INFO - 2024-06-16 18:54:24 --> Session: Class initialized using 'CodeIgniter\Session\Handlers\FileHandler' driver.
INFO - 2024-06-16 18:54:24 --> Session: Class initialized using 'CodeIgniter\Session\Handlers\FileHandler' driver.
INFO - 2024-06-16 18:54:27 --> Session: Class initialized using 'CodeIgniter\Session\Handlers\FileHandler' driver.
INFO - 2024-06-16 18:54:27 --> Session: Class initialized using 'CodeIgniter\Session\Handlers\FileHandler' driver.
INFO - 2024-06-16 18:54:46 --> Session: Class initialized using 'CodeIgniter\Session\Handlers\FileHandler' driver.
INFO - 2024-06-16 18:54:51 --> Session: Class initialized using 'CodeIgniter\Session\Handlers\FileHandler' driver.
INFO - 2024-06-16 18:54:53 --> Session: Class initialized using 'CodeIgniter\Session\Handlers\FileHandler' driver.
INFO - 2024-06-16 18:54:56 --> Session: Class initialized using 'CodeIgniter\Session\Handlers\FileHandler' driver.
INFO - 2024-06-16 18:54:57 --> Session: Class initialized using 'CodeIgniter\Session\Handlers\FileHandler' driver.
INFO - 2024-06-16 18:55:04 --> Session: Class initialized using 'CodeIgniter\Session\Handlers\FileHandler' driver.
INFO - 2024-06-16 18:55:08 --> Session: Class initialized using 'CodeIgniter\Session\Handlers\FileHandler' driver.
INFO - 2024-06-16 18:56:48 --> Session: Class initialized using 'CodeIgniter\Session\Handlers\FileHandler' driver.
INFO - 2024-06-16 18:56:53 --> Session: Class initialized using 'CodeIgniter\Session\Handlers\FileHandler' driver.
INFO - 2024-06-16 18:56:56 --> Session: Class initialized using 'CodeIgniter\Session\Handlers\FileHandler' driver.
