INFO - 2024-06-03 01:42:12 --> Session: Class initialized using 'CodeIgniter\Session\Handlers\FileHandler' driver.
INFO - 2024-06-03 01:42:17 --> Session: Class initialized using 'CodeIgniter\Session\Handlers\FileHandler' driver.
INFO - 2024-06-03 01:42:17 --> Session: Class initialized using 'CodeIgniter\Session\Handlers\FileHandler' driver.
INFO - 2024-06-03 01:42:22 --> Session: Class initialized using 'CodeIgniter\Session\Handlers\FileHandler' driver.
INFO - 2024-06-03 01:42:24 --> Session: Class initialized using 'CodeIgniter\Session\Handlers\FileHandler' driver.
INFO - 2024-06-03 01:44:36 --> Session: Class initialized using 'CodeIgniter\Session\Handlers\FileHandler' driver.
INFO - 2024-06-03 01:44:37 --> Session: Class initialized using 'CodeIgniter\Session\Handlers\FileHandler' driver.
INFO - 2024-06-03 01:44:41 --> Session: Class initialized using 'CodeIgniter\Session\Handlers\FileHandler' driver.
INFO - 2024-06-03 01:44:42 --> Session: Class initialized using 'CodeIgniter\Session\Handlers\FileHandler' driver.
INFO - 2024-06-03 01:44:44 --> Session: Class initialized using 'CodeIgniter\Session\Handlers\FileHandler' driver.
INFO - 2024-06-03 01:44:47 --> Session: Class initialized using 'CodeIgniter\Session\Handlers\FileHandler' driver.
INFO - 2024-06-03 01:44:48 --> Session: Class initialized using 'CodeIgniter\Session\Handlers\FileHandler' driver.
INFO - 2024-06-03 01:44:52 --> Session: Class initialized using 'CodeIgniter\Session\Handlers\FileHandler' driver.
INFO - 2024-06-03 01:44:54 --> Session: Class initialized using 'CodeIgniter\Session\Handlers\FileHandler' driver.
INFO - 2024-06-03 01:44:58 --> Session: Class initialized using 'CodeIgniter\Session\Handlers\FileHandler' driver.
INFO - 2024-06-03 01:45:41 --> Session: Class initialized using 'CodeIgniter\Session\Handlers\FileHandler' driver.
INFO - 2024-06-03 01:46:12 --> Session: Class initialized using 'CodeIgniter\Session\Handlers\FileHandler' driver.
CRITICAL - 2024-06-03 01:46:13 --> TypeError: str_contains(): Argument #1 ($haystack) must be of type string, int given
[Method: POST, Route: dashboard/pelicula/update/9]
in SYSTEMPATH\Validation\Validation.php on line 172.
 1 SYSTEMPATH\Validation\Validation.php(172): str_contains(0, '*')
 2 SYSTEMPATH\Controller.php(137): CodeIgniter\Validation\Validation->run()
 3 APPPATH\Controllers\Dashboard\Pelicula.php(242): CodeIgniter\Controller->validate([...])
 4 APPPATH\Controllers\Dashboard\Pelicula.php(126): App\Controllers\Dashboard\Pelicula->asignar_imagen('9')
 5 SYSTEMPATH\CodeIgniter.php(933): App\Controllers\Dashboard\Pelicula->update('9')
 6 SYSTEMPATH\CodeIgniter.php(509): CodeIgniter\CodeIgniter->runController(Object(App\Controllers\Dashboard\Pelicula))
 7 SYSTEMPATH\CodeIgniter.php(355): CodeIgniter\CodeIgniter->handleRequest(null, Object(Config\Cache), false)
 8 SYSTEMPATH\Boot.php(312): CodeIgniter\CodeIgniter->run()
 9 SYSTEMPATH\Boot.php(67): CodeIgniter\Boot::runCodeIgniter(Object(CodeIgniter\CodeIgniter))
10 FCPATH\index.php(56): CodeIgniter\Boot::bootWeb(Object(Config\Paths))
INFO - 2024-06-03 01:47:00 --> Session: Class initialized using 'CodeIgniter\Session\Handlers\FileHandler' driver.
INFO - 2024-06-03 01:47:12 --> Session: Class initialized using 'CodeIgniter\Session\Handlers\FileHandler' driver.
INFO - 2024-06-03 01:48:02 --> Session: Class initialized using 'CodeIgniter\Session\Handlers\FileHandler' driver.
CRITICAL - 2024-06-03 01:48:02 --> TypeError: str_contains(): Argument #1 ($haystack) must be of type string, int given
[Method: POST, Route: dashboard/pelicula/update/9]
in SYSTEMPATH\Validation\Validation.php on line 172.
 1 SYSTEMPATH\Validation\Validation.php(172): str_contains(0, '*')
 2 SYSTEMPATH\Controller.php(137): CodeIgniter\Validation\Validation->run()
 3 APPPATH\Controllers\Dashboard\Pelicula.php(242): CodeIgniter\Controller->validate([...])
 4 APPPATH\Controllers\Dashboard\Pelicula.php(126): App\Controllers\Dashboard\Pelicula->asignar_imagen('9')
 5 SYSTEMPATH\CodeIgniter.php(933): App\Controllers\Dashboard\Pelicula->update('9')
 6 SYSTEMPATH\CodeIgniter.php(509): CodeIgniter\CodeIgniter->runController(Object(App\Controllers\Dashboard\Pelicula))
 7 SYSTEMPATH\CodeIgniter.php(355): CodeIgniter\CodeIgniter->handleRequest(null, Object(Config\Cache), false)
 8 SYSTEMPATH\Boot.php(312): CodeIgniter\CodeIgniter->run()
 9 SYSTEMPATH\Boot.php(67): CodeIgniter\Boot::runCodeIgniter(Object(CodeIgniter\CodeIgniter))
10 FCPATH\index.php(56): CodeIgniter\Boot::bootWeb(Object(Config\Paths))
INFO - 2024-06-03 01:48:13 --> Session: Class initialized using 'CodeIgniter\Session\Handlers\FileHandler' driver.
INFO - 2024-06-03 01:48:28 --> Session: Class initialized using 'CodeIgniter\Session\Handlers\FileHandler' driver.
CRITICAL - 2024-06-03 01:48:28 --> TypeError: str_contains(): Argument #1 ($haystack) must be of type string, int given
[Method: POST, Route: dashboard/pelicula/update/9]
in SYSTEMPATH\Validation\Validation.php on line 172.
 1 SYSTEMPATH\Validation\Validation.php(172): str_contains(0, '*')
 2 SYSTEMPATH\Controller.php(137): CodeIgniter\Validation\Validation->run()
 3 APPPATH\Controllers\Dashboard\Pelicula.php(242): CodeIgniter\Controller->validate([...])
 4 APPPATH\Controllers\Dashboard\Pelicula.php(126): App\Controllers\Dashboard\Pelicula->asignar_imagen('9')
 5 SYSTEMPATH\CodeIgniter.php(933): App\Controllers\Dashboard\Pelicula->update('9')
 6 SYSTEMPATH\CodeIgniter.php(509): CodeIgniter\CodeIgniter->runController(Object(App\Controllers\Dashboard\Pelicula))
 7 SYSTEMPATH\CodeIgniter.php(355): CodeIgniter\CodeIgniter->handleRequest(null, Object(Config\Cache), false)
 8 SYSTEMPATH\Boot.php(312): CodeIgniter\CodeIgniter->run()
 9 SYSTEMPATH\Boot.php(67): CodeIgniter\Boot::runCodeIgniter(Object(CodeIgniter\CodeIgniter))
10 FCPATH\index.php(56): CodeIgniter\Boot::bootWeb(Object(Config\Paths))
INFO - 2024-06-03 01:52:02 --> Session: Class initialized using 'CodeIgniter\Session\Handlers\FileHandler' driver.
INFO - 2024-06-03 01:52:03 --> Session: Class initialized using 'CodeIgniter\Session\Handlers\FileHandler' driver.
INFO - 2024-06-03 01:52:14 --> Session: Class initialized using 'CodeIgniter\Session\Handlers\FileHandler' driver.
CRITICAL - 2024-06-03 01:52:15 --> CodeIgniter\Database\Exceptions\DataException: There is no data to update.
[Method: POST, Route: dashboard/pelicula/update/9]
in SYSTEMPATH\BaseModel.php on line 1011.
 1 SYSTEMPATH\BaseModel.php(1011): CodeIgniter\Database\Exceptions\DataException::forEmptyDataset('update')
 2 SYSTEMPATH\Model.php(854): CodeIgniter\BaseModel->update([...], [])
 3 APPPATH\Controllers\Dashboard\Pelicula.php(255): CodeIgniter\Model->update('9', [...])
 4 APPPATH\Controllers\Dashboard\Pelicula.php(126): App\Controllers\Dashboard\Pelicula->asignar_imagen('9')
 5 SYSTEMPATH\CodeIgniter.php(933): App\Controllers\Dashboard\Pelicula->update('9')
 6 SYSTEMPATH\CodeIgniter.php(509): CodeIgniter\CodeIgniter->runController(Object(App\Controllers\Dashboard\Pelicula))
 7 SYSTEMPATH\CodeIgniter.php(355): CodeIgniter\CodeIgniter->handleRequest(null, Object(Config\Cache), false)
 8 SYSTEMPATH\Boot.php(312): CodeIgniter\CodeIgniter->run()
 9 SYSTEMPATH\Boot.php(67): CodeIgniter\Boot::runCodeIgniter(Object(CodeIgniter\CodeIgniter))
10 FCPATH\index.php(56): CodeIgniter\Boot::bootWeb(Object(Config\Paths))
INFO - 2024-06-03 01:53:54 --> Session: Class initialized using 'CodeIgniter\Session\Handlers\FileHandler' driver.
INFO - 2024-06-03 01:53:57 --> Session: Class initialized using 'CodeIgniter\Session\Handlers\FileHandler' driver.
INFO - 2024-06-03 01:54:03 --> Session: Class initialized using 'CodeIgniter\Session\Handlers\FileHandler' driver.
CRITICAL - 2024-06-03 01:54:03 --> CodeIgniter\Database\Exceptions\DataException: There is no data to update.
[Method: POST, Route: dashboard/pelicula/update/9]
in SYSTEMPATH\BaseModel.php on line 1011.
 1 SYSTEMPATH\BaseModel.php(1011): CodeIgniter\Database\Exceptions\DataException::forEmptyDataset('update')
 2 SYSTEMPATH\Model.php(854): CodeIgniter\BaseModel->update([...], [])
 3 APPPATH\Controllers\Dashboard\Pelicula.php(237): CodeIgniter\Model->update('9', [...])
 4 APPPATH\Controllers\Dashboard\Pelicula.php(125): App\Controllers\Dashboard\Pelicula->asignar_imagen('9')
 5 SYSTEMPATH\CodeIgniter.php(933): App\Controllers\Dashboard\Pelicula->update('9')
 6 SYSTEMPATH\CodeIgniter.php(509): CodeIgniter\CodeIgniter->runController(Object(App\Controllers\Dashboard\Pelicula))
 7 SYSTEMPATH\CodeIgniter.php(355): CodeIgniter\CodeIgniter->handleRequest(null, Object(Config\Cache), false)
 8 SYSTEMPATH\Boot.php(312): CodeIgniter\CodeIgniter->run()
 9 SYSTEMPATH\Boot.php(67): CodeIgniter\Boot::runCodeIgniter(Object(CodeIgniter\CodeIgniter))
10 FCPATH\index.php(56): CodeIgniter\Boot::bootWeb(Object(Config\Paths))
INFO - 2024-06-03 01:54:56 --> Session: Class initialized using 'CodeIgniter\Session\Handlers\FileHandler' driver.
CRITICAL - 2024-06-03 01:54:56 --> TypeError: str_contains(): Argument #1 ($haystack) must be of type string, int given
[Method: POST, Route: dashboard/pelicula/update/9]
in SYSTEMPATH\Validation\Validation.php on line 172.
 1 SYSTEMPATH\Validation\Validation.php(172): str_contains(0, '*')
 2 SYSTEMPATH\Controller.php(137): CodeIgniter\Validation\Validation->run()
 3 APPPATH\Controllers\Dashboard\Pelicula.php(242): CodeIgniter\Controller->validate([...])
 4 APPPATH\Controllers\Dashboard\Pelicula.php(126): App\Controllers\Dashboard\Pelicula->asignar_imagen('9')
 5 SYSTEMPATH\CodeIgniter.php(933): App\Controllers\Dashboard\Pelicula->update('9')
 6 SYSTEMPATH\CodeIgniter.php(509): CodeIgniter\CodeIgniter->runController(Object(App\Controllers\Dashboard\Pelicula))
 7 SYSTEMPATH\CodeIgniter.php(355): CodeIgniter\CodeIgniter->handleRequest(null, Object(Config\Cache), false)
 8 SYSTEMPATH\Boot.php(312): CodeIgniter\CodeIgniter->run()
 9 SYSTEMPATH\Boot.php(67): CodeIgniter\Boot::runCodeIgniter(Object(CodeIgniter\CodeIgniter))
10 FCPATH\index.php(56): CodeIgniter\Boot::bootWeb(Object(Config\Paths))
INFO - 2024-06-03 01:54:58 --> Session: Class initialized using 'CodeIgniter\Session\Handlers\FileHandler' driver.
INFO - 2024-06-03 01:55:00 --> Session: Class initialized using 'CodeIgniter\Session\Handlers\FileHandler' driver.
INFO - 2024-06-03 01:55:05 --> Session: Class initialized using 'CodeIgniter\Session\Handlers\FileHandler' driver.
CRITICAL - 2024-06-03 01:55:05 --> TypeError: str_contains(): Argument #1 ($haystack) must be of type string, int given
[Method: POST, Route: dashboard/pelicula/update/9]
in SYSTEMPATH\Validation\Validation.php on line 172.
 1 SYSTEMPATH\Validation\Validation.php(172): str_contains(0, '*')
 2 SYSTEMPATH\Controller.php(137): CodeIgniter\Validation\Validation->run()
 3 APPPATH\Controllers\Dashboard\Pelicula.php(242): CodeIgniter\Controller->validate([...])
 4 APPPATH\Controllers\Dashboard\Pelicula.php(126): App\Controllers\Dashboard\Pelicula->asignar_imagen('9')
 5 SYSTEMPATH\CodeIgniter.php(933): App\Controllers\Dashboard\Pelicula->update('9')
 6 SYSTEMPATH\CodeIgniter.php(509): CodeIgniter\CodeIgniter->runController(Object(App\Controllers\Dashboard\Pelicula))
 7 SYSTEMPATH\CodeIgniter.php(355): CodeIgniter\CodeIgniter->handleRequest(null, Object(Config\Cache), false)
 8 SYSTEMPATH\Boot.php(312): CodeIgniter\CodeIgniter->run()
 9 SYSTEMPATH\Boot.php(67): CodeIgniter\Boot::runCodeIgniter(Object(CodeIgniter\CodeIgniter))
10 FCPATH\index.php(56): CodeIgniter\Boot::bootWeb(Object(Config\Paths))
INFO - 2024-06-03 01:55:25 --> Session: Class initialized using 'CodeIgniter\Session\Handlers\FileHandler' driver.
CRITICAL - 2024-06-03 01:55:25 --> TypeError: str_contains(): Argument #1 ($haystack) must be of type string, int given
[Method: POST, Route: dashboard/pelicula/update/9]
in SYSTEMPATH\Validation\Validation.php on line 172.
 1 SYSTEMPATH\Validation\Validation.php(172): str_contains(0, '*')
 2 SYSTEMPATH\Controller.php(137): CodeIgniter\Validation\Validation->run()
 3 APPPATH\Controllers\Dashboard\Pelicula.php(242): CodeIgniter\Controller->validate([...])
 4 APPPATH\Controllers\Dashboard\Pelicula.php(126): App\Controllers\Dashboard\Pelicula->asignar_imagen('9')
 5 SYSTEMPATH\CodeIgniter.php(933): App\Controllers\Dashboard\Pelicula->update('9')
 6 SYSTEMPATH\CodeIgniter.php(509): CodeIgniter\CodeIgniter->runController(Object(App\Controllers\Dashboard\Pelicula))
 7 SYSTEMPATH\CodeIgniter.php(355): CodeIgniter\CodeIgniter->handleRequest(null, Object(Config\Cache), false)
 8 SYSTEMPATH\Boot.php(312): CodeIgniter\CodeIgniter->run()
 9 SYSTEMPATH\Boot.php(67): CodeIgniter\Boot::runCodeIgniter(Object(CodeIgniter\CodeIgniter))
10 FCPATH\index.php(56): CodeIgniter\Boot::bootWeb(Object(Config\Paths))
INFO - 2024-06-03 01:57:15 --> Session: Class initialized using 'CodeIgniter\Session\Handlers\FileHandler' driver.
INFO - 2024-06-03 01:57:16 --> Session: Class initialized using 'CodeIgniter\Session\Handlers\FileHandler' driver.
INFO - 2024-06-03 01:57:21 --> Session: Class initialized using 'CodeIgniter\Session\Handlers\FileHandler' driver.
INFO - 2024-06-03 01:57:21 --> Session: Class initialized using 'CodeIgniter\Session\Handlers\FileHandler' driver.
INFO - 2024-06-03 02:00:21 --> Session: Class initialized using 'CodeIgniter\Session\Handlers\FileHandler' driver.
INFO - 2024-06-03 02:00:25 --> Session: Class initialized using 'CodeIgniter\Session\Handlers\FileHandler' driver.
INFO - 2024-06-03 02:00:35 --> Session: Class initialized using 'CodeIgniter\Session\Handlers\FileHandler' driver.
INFO - 2024-06-03 02:00:35 --> Session: Class initialized using 'CodeIgniter\Session\Handlers\FileHandler' driver.
INFO - 2024-06-03 02:02:09 --> Session: Class initialized using 'CodeIgniter\Session\Handlers\FileHandler' driver.
INFO - 2024-06-03 02:02:10 --> Session: Class initialized using 'CodeIgniter\Session\Handlers\FileHandler' driver.
INFO - 2024-06-03 02:02:11 --> Session: Class initialized using 'CodeIgniter\Session\Handlers\FileHandler' driver.
INFO - 2024-06-03 02:02:16 --> Session: Class initialized using 'CodeIgniter\Session\Handlers\FileHandler' driver.
INFO - 2024-06-03 02:02:32 --> Session: Class initialized using 'CodeIgniter\Session\Handlers\FileHandler' driver.
INFO - 2024-06-03 02:02:33 --> Session: Class initialized using 'CodeIgniter\Session\Handlers\FileHandler' driver.
INFO - 2024-06-03 02:12:09 --> Session: Class initialized using 'CodeIgniter\Session\Handlers\FileHandler' driver.
INFO - 2024-06-03 02:12:34 --> Session: Class initialized using 'CodeIgniter\Session\Handlers\FileHandler' driver.
INFO - 2024-06-03 02:12:34 --> Session: Class initialized using 'CodeIgniter\Session\Handlers\FileHandler' driver.
INFO - 2024-06-03 02:13:04 --> Session: Class initialized using 'CodeIgniter\Session\Handlers\FileHandler' driver.
INFO - 2024-06-03 02:13:05 --> Session: Class initialized using 'CodeIgniter\Session\Handlers\FileHandler' driver.
INFO - 2024-06-03 02:13:05 --> Session: Class initialized using 'CodeIgniter\Session\Handlers\FileHandler' driver.
INFO - 2024-06-03 02:13:09 --> Session: Class initialized using 'CodeIgniter\Session\Handlers\FileHandler' driver.
INFO - 2024-06-03 02:14:37 --> Session: Class initialized using 'CodeIgniter\Session\Handlers\FileHandler' driver.
INFO - 2024-06-03 02:17:17 --> Session: Class initialized using 'CodeIgniter\Session\Handlers\FileHandler' driver.
INFO - 2024-06-03 02:17:21 --> Session: Class initialized using 'CodeIgniter\Session\Handlers\FileHandler' driver.
INFO - 2024-06-03 02:17:39 --> Session: Class initialized using 'CodeIgniter\Session\Handlers\FileHandler' driver.
INFO - 2024-06-03 02:17:39 --> Session: Class initialized using 'CodeIgniter\Session\Handlers\FileHandler' driver.
INFO - 2024-06-03 02:17:51 --> Session: Class initialized using 'CodeIgniter\Session\Handlers\FileHandler' driver.
INFO - 2024-06-03 02:17:52 --> Session: Class initialized using 'CodeIgniter\Session\Handlers\FileHandler' driver.
INFO - 2024-06-03 02:17:54 --> Session: Class initialized using 'CodeIgniter\Session\Handlers\FileHandler' driver.
INFO - 2024-06-03 02:20:12 --> Session: Class initialized using 'CodeIgniter\Session\Handlers\FileHandler' driver.
INFO - 2024-06-03 02:29:56 --> Session: Class initialized using 'CodeIgniter\Session\Handlers\FileHandler' driver.
INFO - 2024-06-03 02:30:08 --> Session: Class initialized using 'CodeIgniter\Session\Handlers\FileHandler' driver.
INFO - 2024-06-03 02:30:17 --> Session: Class initialized using 'CodeIgniter\Session\Handlers\FileHandler' driver.
INFO - 2024-06-03 02:30:17 --> Session: Class initialized using 'CodeIgniter\Session\Handlers\FileHandler' driver.
INFO - 2024-06-03 02:30:34 --> Session: Class initialized using 'CodeIgniter\Session\Handlers\FileHandler' driver.
INFO - 2024-06-03 02:30:37 --> Session: Class initialized using 'CodeIgniter\Session\Handlers\FileHandler' driver.
CRITICAL - 2024-06-03 02:41:58 --> ErrorException: fopen(C:\laragon\www\codeigniter4\writable\uploads/peliculas1717381059_33a2b0203dfd8805c084.png): Failed to open stream: No such file or directory
[Method: GET, Route: image/1717381059_33a2b0203dfd8805c084.png]
in APPPATH\Controllers\Dashboard\Pelicula.php on line 276.
 1 [internal function]: CodeIgniter\Debug\Exceptions->errorHandler(2, 'fopen(C:\\laragon\\www\\codeigniter4\\writable\\uploads/peliculas1717381059_33a2b0203dfd8805c084.png): Failed to open stream: No such file or directory', 'C:\\laragon\\www\\codeigniter4\\app\\Controllers\\Dashboard\\Pelicula.php', 276)
 2 APPPATH\Controllers\Dashboard\Pelicula.php(276): fopen('C:\\laragon\\www\\codeigniter4\\writable\\uploads/peliculas1717381059_33a2b0203dfd8805c084.png', 'rb')
 3 SYSTEMPATH\CodeIgniter.php(933): App\Controllers\Dashboard\Pelicula->image('1717381059_33a2b0203dfd8805c084.png')
 4 SYSTEMPATH\CodeIgniter.php(509): CodeIgniter\CodeIgniter->runController(Object(App\Controllers\Dashboard\Pelicula))
 5 SYSTEMPATH\CodeIgniter.php(355): CodeIgniter\CodeIgniter->handleRequest(null, Object(Config\Cache), false)
 6 SYSTEMPATH\Boot.php(312): CodeIgniter\CodeIgniter->run()
 7 SYSTEMPATH\Boot.php(67): CodeIgniter\Boot::runCodeIgniter(Object(CodeIgniter\CodeIgniter))
 8 FCPATH\index.php(56): CodeIgniter\Boot::bootWeb(Object(Config\Paths))
CRITICAL - 2024-06-03 02:42:55 --> ErrorException: fopen(C:\laragon\www\codeigniter4\writable\uploads/peliculasCorviknight.png): Failed to open stream: No such file or directory
[Method: GET, Route: image/Corviknight.png]
in APPPATH\Controllers\Dashboard\Pelicula.php on line 276.
 1 [internal function]: CodeIgniter\Debug\Exceptions->errorHandler(2, 'fopen(C:\\laragon\\www\\codeigniter4\\writable\\uploads/peliculasCorviknight.png): Failed to open stream: No such file or directory', 'C:\\laragon\\www\\codeigniter4\\app\\Controllers\\Dashboard\\Pelicula.php', 276)
 2 APPPATH\Controllers\Dashboard\Pelicula.php(276): fopen('C:\\laragon\\www\\codeigniter4\\writable\\uploads/peliculasCorviknight.png', 'rb')
 3 SYSTEMPATH\CodeIgniter.php(933): App\Controllers\Dashboard\Pelicula->image('Corviknight.png')
 4 SYSTEMPATH\CodeIgniter.php(509): CodeIgniter\CodeIgniter->runController(Object(App\Controllers\Dashboard\Pelicula))
 5 SYSTEMPATH\CodeIgniter.php(355): CodeIgniter\CodeIgniter->handleRequest(null, Object(Config\Cache), false)
 6 SYSTEMPATH\Boot.php(312): CodeIgniter\CodeIgniter->run()
 7 SYSTEMPATH\Boot.php(67): CodeIgniter\Boot::runCodeIgniter(Object(CodeIgniter\CodeIgniter))
 8 FCPATH\index.php(56): CodeIgniter\Boot::bootWeb(Object(Config\Paths))
CRITICAL - 2024-06-03 02:43:09 --> ErrorException: fopen(C:\laragon\www\codeigniter4\writable\uploads/peliculasCorviknight.png): Failed to open stream: No such file or directory
[Method: GET, Route: image/Corviknight.png]
in APPPATH\Controllers\Dashboard\Pelicula.php on line 276.
 1 [internal function]: CodeIgniter\Debug\Exceptions->errorHandler(2, 'fopen(C:\\laragon\\www\\codeigniter4\\writable\\uploads/peliculasCorviknight.png): Failed to open stream: No such file or directory', 'C:\\laragon\\www\\codeigniter4\\app\\Controllers\\Dashboard\\Pelicula.php', 276)
 2 APPPATH\Controllers\Dashboard\Pelicula.php(276): fopen('C:\\laragon\\www\\codeigniter4\\writable\\uploads/peliculasCorviknight.png', 'rb')
 3 SYSTEMPATH\CodeIgniter.php(933): App\Controllers\Dashboard\Pelicula->image('Corviknight.png')
 4 SYSTEMPATH\CodeIgniter.php(509): CodeIgniter\CodeIgniter->runController(Object(App\Controllers\Dashboard\Pelicula))
 5 SYSTEMPATH\CodeIgniter.php(355): CodeIgniter\CodeIgniter->handleRequest(null, Object(Config\Cache), false)
 6 SYSTEMPATH\Boot.php(312): CodeIgniter\CodeIgniter->run()
 7 SYSTEMPATH\Boot.php(67): CodeIgniter\Boot::runCodeIgniter(Object(CodeIgniter\CodeIgniter))
 8 FCPATH\index.php(56): CodeIgniter\Boot::bootWeb(Object(Config\Paths))
CRITICAL - 2024-06-03 02:43:21 --> ErrorException: fopen(C:\laragon\www\codeigniter4\writable\uploads/peliculasCorviknight.png): Failed to open stream: No such file or directory
[Method: GET, Route: image/Corviknight.png]
in APPPATH\Controllers\Dashboard\Pelicula.php on line 276.
 1 [internal function]: CodeIgniter\Debug\Exceptions->errorHandler(2, 'fopen(C:\\laragon\\www\\codeigniter4\\writable\\uploads/peliculasCorviknight.png): Failed to open stream: No such file or directory', 'C:\\laragon\\www\\codeigniter4\\app\\Controllers\\Dashboard\\Pelicula.php', 276)
 2 APPPATH\Controllers\Dashboard\Pelicula.php(276): fopen('C:\\laragon\\www\\codeigniter4\\writable\\uploads/peliculasCorviknight.png', 'rb')
 3 SYSTEMPATH\CodeIgniter.php(933): App\Controllers\Dashboard\Pelicula->image('Corviknight.png')
 4 SYSTEMPATH\CodeIgniter.php(509): CodeIgniter\CodeIgniter->runController(Object(App\Controllers\Dashboard\Pelicula))
 5 SYSTEMPATH\CodeIgniter.php(355): CodeIgniter\CodeIgniter->handleRequest(null, Object(Config\Cache), false)
 6 SYSTEMPATH\Boot.php(312): CodeIgniter\CodeIgniter->run()
 7 SYSTEMPATH\Boot.php(67): CodeIgniter\Boot::runCodeIgniter(Object(CodeIgniter\CodeIgniter))
 8 FCPATH\index.php(56): CodeIgniter\Boot::bootWeb(Object(Config\Paths))
CRITICAL - 2024-06-03 02:43:37 --> ErrorException: fopen(C:\laragon\www\codeigniter4\writable\uploads/peliculasCorviknight.png): Failed to open stream: No such file or directory
[Method: GET, Route: image/Corviknight.png]
in APPPATH\Controllers\Dashboard\Pelicula.php on line 276.
 1 [internal function]: CodeIgniter\Debug\Exceptions->errorHandler(2, 'fopen(C:\\laragon\\www\\codeigniter4\\writable\\uploads/peliculasCorviknight.png): Failed to open stream: No such file or directory', 'C:\\laragon\\www\\codeigniter4\\app\\Controllers\\Dashboard\\Pelicula.php', 276)
 2 APPPATH\Controllers\Dashboard\Pelicula.php(276): fopen('C:\\laragon\\www\\codeigniter4\\writable\\uploads/peliculasCorviknight.png', 'rb')
 3 SYSTEMPATH\CodeIgniter.php(933): App\Controllers\Dashboard\Pelicula->image('Corviknight.png')
 4 SYSTEMPATH\CodeIgniter.php(509): CodeIgniter\CodeIgniter->runController(Object(App\Controllers\Dashboard\Pelicula))
 5 SYSTEMPATH\CodeIgniter.php(355): CodeIgniter\CodeIgniter->handleRequest(null, Object(Config\Cache), false)
 6 SYSTEMPATH\Boot.php(312): CodeIgniter\CodeIgniter->run()
 7 SYSTEMPATH\Boot.php(67): CodeIgniter\Boot::runCodeIgniter(Object(CodeIgniter\CodeIgniter))
 8 FCPATH\index.php(56): CodeIgniter\Boot::bootWeb(Object(Config\Paths))
CRITICAL - 2024-06-03 02:45:11 --> ErrorException: fopen(C:\laragon\www\codeigniter4\writable\uploads/peliculasCorviknight.png): Failed to open stream: No such file or directory
[Method: GET, Route: image/Corviknight.png]
in APPPATH\Controllers\Dashboard\Pelicula.php on line 276.
 1 [internal function]: CodeIgniter\Debug\Exceptions->errorHandler(2, 'fopen(C:\\laragon\\www\\codeigniter4\\writable\\uploads/peliculasCorviknight.png): Failed to open stream: No such file or directory', 'C:\\laragon\\www\\codeigniter4\\app\\Controllers\\Dashboard\\Pelicula.php', 276)
 2 APPPATH\Controllers\Dashboard\Pelicula.php(276): fopen('C:\\laragon\\www\\codeigniter4\\writable\\uploads/peliculasCorviknight.png', 'rb')
 3 SYSTEMPATH\CodeIgniter.php(933): App\Controllers\Dashboard\Pelicula->image('Corviknight.png')
 4 SYSTEMPATH\CodeIgniter.php(509): CodeIgniter\CodeIgniter->runController(Object(App\Controllers\Dashboard\Pelicula))
 5 SYSTEMPATH\CodeIgniter.php(355): CodeIgniter\CodeIgniter->handleRequest(null, Object(Config\Cache), false)
 6 SYSTEMPATH\Boot.php(312): CodeIgniter\CodeIgniter->run()
 7 SYSTEMPATH\Boot.php(67): CodeIgniter\Boot::runCodeIgniter(Object(CodeIgniter\CodeIgniter))
 8 FCPATH\index.php(56): CodeIgniter\Boot::bootWeb(Object(Config\Paths))
