INFO - 2024-06-01 18:33:07 --> Session: Class initialized using 'CodeIgniter\Session\Handlers\FileHandler' driver.
INFO - 2024-06-01 18:33:07 --> Session: Class initialized using 'CodeIgniter\Session\Handlers\FileHandler' driver.
INFO - 2024-06-01 18:33:16 --> Session: Class initialized using 'CodeIgniter\Session\Handlers\FileHandler' driver.
INFO - 2024-06-01 18:33:16 --> Session: Class initialized using 'CodeIgniter\Session\Handlers\FileHandler' driver.
INFO - 2024-06-01 19:36:45 --> Session: Class initialized using 'CodeIgniter\Session\Handlers\FileHandler' driver.
INFO - 2024-06-01 19:36:51 --> Session: Class initialized using 'CodeIgniter\Session\Handlers\FileHandler' driver.
INFO - 2024-06-01 19:36:55 --> Session: Class initialized using 'CodeIgniter\Session\Handlers\FileHandler' driver.
INFO - 2024-06-01 19:36:56 --> Session: Class initialized using 'CodeIgniter\Session\Handlers\FileHandler' driver.
INFO - 2024-06-01 19:37:05 --> Session: Class initialized using 'CodeIgniter\Session\Handlers\FileHandler' driver.
INFO - 2024-06-01 19:37:05 --> Session: Class initialized using 'CodeIgniter\Session\Handlers\FileHandler' driver.
INFO - 2024-06-01 19:37:07 --> Session: Class initialized using 'CodeIgniter\Session\Handlers\FileHandler' driver.
INFO - 2024-06-01 19:37:14 --> Session: Class initialized using 'CodeIgniter\Session\Handlers\FileHandler' driver.
INFO - 2024-06-01 19:37:14 --> Session: Class initialized using 'CodeIgniter\Session\Handlers\FileHandler' driver.
INFO - 2024-06-01 19:37:26 --> Session: Class initialized using 'CodeIgniter\Session\Handlers\FileHandler' driver.
INFO - 2024-06-01 19:37:28 --> Session: Class initialized using 'CodeIgniter\Session\Handlers\FileHandler' driver.
INFO - 2024-06-01 19:37:35 --> Session: Class initialized using 'CodeIgniter\Session\Handlers\FileHandler' driver.
INFO - 2024-06-01 19:37:36 --> Session: Class initialized using 'CodeIgniter\Session\Handlers\FileHandler' driver.
INFO - 2024-06-01 19:37:37 --> Session: Class initialized using 'CodeIgniter\Session\Handlers\FileHandler' driver.
INFO - 2024-06-01 19:37:39 --> Session: Class initialized using 'CodeIgniter\Session\Handlers\FileHandler' driver.
INFO - 2024-06-01 19:37:40 --> Session: Class initialized using 'CodeIgniter\Session\Handlers\FileHandler' driver.
INFO - 2024-06-01 19:37:50 --> Session: Class initialized using 'CodeIgniter\Session\Handlers\FileHandler' driver.
INFO - 2024-06-01 19:37:50 --> Session: Class initialized using 'CodeIgniter\Session\Handlers\FileHandler' driver.
INFO - 2024-06-01 19:37:56 --> Session: Class initialized using 'CodeIgniter\Session\Handlers\FileHandler' driver.
INFO - 2024-06-01 19:38:04 --> Session: Class initialized using 'CodeIgniter\Session\Handlers\FileHandler' driver.
INFO - 2024-06-01 19:38:38 --> Session: Class initialized using 'CodeIgniter\Session\Handlers\FileHandler' driver.
INFO - 2024-06-01 19:38:45 --> Session: Class initialized using 'CodeIgniter\Session\Handlers\FileHandler' driver.
INFO - 2024-06-01 19:38:45 --> Session: Class initialized using 'CodeIgniter\Session\Handlers\FileHandler' driver.
INFO - 2024-06-01 19:38:58 --> Session: Class initialized using 'CodeIgniter\Session\Handlers\FileHandler' driver.
INFO - 2024-06-01 19:39:06 --> Session: Class initialized using 'CodeIgniter\Session\Handlers\FileHandler' driver.
INFO - 2024-06-01 19:39:06 --> Session: Class initialized using 'CodeIgniter\Session\Handlers\FileHandler' driver.
INFO - 2024-06-01 19:39:15 --> Session: Class initialized using 'CodeIgniter\Session\Handlers\FileHandler' driver.
INFO - 2024-06-01 19:39:15 --> Session: Class initialized using 'CodeIgniter\Session\Handlers\FileHandler' driver.
INFO - 2024-06-01 19:39:15 --> Session: Class initialized using 'CodeIgniter\Session\Handlers\FileHandler' driver.
INFO - 2024-06-01 19:39:23 --> Session: Class initialized using 'CodeIgniter\Session\Handlers\FileHandler' driver.
INFO - 2024-06-01 19:39:23 --> Session: Class initialized using 'CodeIgniter\Session\Handlers\FileHandler' driver.
INFO - 2024-06-01 19:39:23 --> Session: Class initialized using 'CodeIgniter\Session\Handlers\FileHandler' driver.
INFO - 2024-06-01 19:39:30 --> Session: Class initialized using 'CodeIgniter\Session\Handlers\FileHandler' driver.
INFO - 2024-06-01 19:39:30 --> Session: Class initialized using 'CodeIgniter\Session\Handlers\FileHandler' driver.
INFO - 2024-06-01 19:39:30 --> Session: Class initialized using 'CodeIgniter\Session\Handlers\FileHandler' driver.
INFO - 2024-06-01 19:39:35 --> Session: Class initialized using 'CodeIgniter\Session\Handlers\FileHandler' driver.
INFO - 2024-06-01 19:39:35 --> Session: Class initialized using 'CodeIgniter\Session\Handlers\FileHandler' driver.
INFO - 2024-06-01 19:39:41 --> Session: Class initialized using 'CodeIgniter\Session\Handlers\FileHandler' driver.
INFO - 2024-06-01 19:39:41 --> Session: Class initialized using 'CodeIgniter\Session\Handlers\FileHandler' driver.
INFO - 2024-06-01 19:39:49 --> Session: Class initialized using 'CodeIgniter\Session\Handlers\FileHandler' driver.
INFO - 2024-06-01 19:39:49 --> Session: Class initialized using 'CodeIgniter\Session\Handlers\FileHandler' driver.
INFO - 2024-06-01 19:39:49 --> Session: Class initialized using 'CodeIgniter\Session\Handlers\FileHandler' driver.
INFO - 2024-06-01 19:40:02 --> Session: Class initialized using 'CodeIgniter\Session\Handlers\FileHandler' driver.
INFO - 2024-06-01 19:40:07 --> Session: Class initialized using 'CodeIgniter\Session\Handlers\FileHandler' driver.
INFO - 2024-06-01 19:40:07 --> Session: Class initialized using 'CodeIgniter\Session\Handlers\FileHandler' driver.
INFO - 2024-06-01 19:40:11 --> Session: Class initialized using 'CodeIgniter\Session\Handlers\FileHandler' driver.
INFO - 2024-06-01 19:40:18 --> Session: Class initialized using 'CodeIgniter\Session\Handlers\FileHandler' driver.
INFO - 2024-06-01 19:41:36 --> Session: Class initialized using 'CodeIgniter\Session\Handlers\FileHandler' driver.
INFO - 2024-06-01 19:42:32 --> Session: Class initialized using 'CodeIgniter\Session\Handlers\FileHandler' driver.
INFO - 2024-06-01 19:42:33 --> Session: Class initialized using 'CodeIgniter\Session\Handlers\FileHandler' driver.
INFO - 2024-06-01 19:42:34 --> Session: Class initialized using 'CodeIgniter\Session\Handlers\FileHandler' driver.
INFO - 2024-06-01 19:43:28 --> Session: Class initialized using 'CodeIgniter\Session\Handlers\FileHandler' driver.
INFO - 2024-06-01 19:43:46 --> Session: Class initialized using 'CodeIgniter\Session\Handlers\FileHandler' driver.
CRITICAL - 2024-06-01 19:43:46 --> ErrorException: Undefined variable $categoria
[Method: GET, Route: dashboard/pelicula/new]
in APPPATH\Views\dashboard\pelicula\_form.php on line 8.
 1 APPPATH\Views\dashboard\pelicula\_form.php(8): CodeIgniter\Debug\Exceptions->errorHandler(2, 'Undefined variable $categoria', 'C:\\laragon\\www\\codeigniter4\\app\\Views\\dashboard\\pelicula\\_form.php', 8)
 2 SYSTEMPATH\View\View.php(234): include('C:\\laragon\\www\\codeigniter4\\app\\Views\\dashboard\\pelicula\\_form.php')
 3 SYSTEMPATH\View\View.php(237): CodeIgniter\View\View->CodeIgniter\View\{closure}()
 4 SYSTEMPATH\Common.php(1171): CodeIgniter\View\View->render('dashboard/pelicula/_form', [], true)
 5 APPPATH\Views\dashboard\pelicula\new.php(8): view('dashboard/pelicula/_form', [...])
 6 SYSTEMPATH\View\View.php(234): include('C:\\laragon\\www\\codeigniter4\\app\\Views\\dashboard\\pelicula\\new.php')
 7 SYSTEMPATH\View\View.php(237): CodeIgniter\View\View->CodeIgniter\View\{closure}()
 8 SYSTEMPATH\Common.php(1171): CodeIgniter\View\View->render('dashboard/pelicula/new', [], true)
 9 APPPATH\Controllers\Dashboard\Pelicula.php(59): view('dashboard/pelicula/new', [...])
10 SYSTEMPATH\CodeIgniter.php(933): App\Controllers\Dashboard\Pelicula->new()
11 SYSTEMPATH\CodeIgniter.php(509): CodeIgniter\CodeIgniter->runController(Object(App\Controllers\Dashboard\Pelicula))
12 SYSTEMPATH\CodeIgniter.php(355): CodeIgniter\CodeIgniter->handleRequest(null, Object(Config\Cache), false)
13 SYSTEMPATH\Boot.php(312): CodeIgniter\CodeIgniter->run()
14 SYSTEMPATH\Boot.php(67): CodeIgniter\Boot::runCodeIgniter(Object(CodeIgniter\CodeIgniter))
15 FCPATH\index.php(56): CodeIgniter\Boot::bootWeb(Object(Config\Paths))
INFO - 2024-06-01 19:43:47 --> Session: Class initialized using 'CodeIgniter\Session\Handlers\FileHandler' driver.
CRITICAL - 2024-06-01 19:43:47 --> ErrorException: Undefined variable $categoria
[Method: GET, Route: dashboard/pelicula/new]
in APPPATH\Views\dashboard\pelicula\_form.php on line 8.
 1 APPPATH\Views\dashboard\pelicula\_form.php(8): CodeIgniter\Debug\Exceptions->errorHandler(2, 'Undefined variable $categoria', 'C:\\laragon\\www\\codeigniter4\\app\\Views\\dashboard\\pelicula\\_form.php', 8)
 2 SYSTEMPATH\View\View.php(234): include('C:\\laragon\\www\\codeigniter4\\app\\Views\\dashboard\\pelicula\\_form.php')
 3 SYSTEMPATH\View\View.php(237): CodeIgniter\View\View->CodeIgniter\View\{closure}()
 4 SYSTEMPATH\Common.php(1171): CodeIgniter\View\View->render('dashboard/pelicula/_form', [], true)
 5 APPPATH\Views\dashboard\pelicula\new.php(8): view('dashboard/pelicula/_form', [...])
 6 SYSTEMPATH\View\View.php(234): include('C:\\laragon\\www\\codeigniter4\\app\\Views\\dashboard\\pelicula\\new.php')
 7 SYSTEMPATH\View\View.php(237): CodeIgniter\View\View->CodeIgniter\View\{closure}()
 8 SYSTEMPATH\Common.php(1171): CodeIgniter\View\View->render('dashboard/pelicula/new', [], true)
 9 APPPATH\Controllers\Dashboard\Pelicula.php(59): view('dashboard/pelicula/new', [...])
10 SYSTEMPATH\CodeIgniter.php(933): App\Controllers\Dashboard\Pelicula->new()
11 SYSTEMPATH\CodeIgniter.php(509): CodeIgniter\CodeIgniter->runController(Object(App\Controllers\Dashboard\Pelicula))
12 SYSTEMPATH\CodeIgniter.php(355): CodeIgniter\CodeIgniter->handleRequest(null, Object(Config\Cache), false)
13 SYSTEMPATH\Boot.php(312): CodeIgniter\CodeIgniter->run()
14 SYSTEMPATH\Boot.php(67): CodeIgniter\Boot::runCodeIgniter(Object(CodeIgniter\CodeIgniter))
15 FCPATH\index.php(56): CodeIgniter\Boot::bootWeb(Object(Config\Paths))
INFO - 2024-06-01 19:43:57 --> Session: Class initialized using 'CodeIgniter\Session\Handlers\FileHandler' driver.
INFO - 2024-06-01 19:44:31 --> Session: Class initialized using 'CodeIgniter\Session\Handlers\FileHandler' driver.
INFO - 2024-06-01 19:45:01 --> Session: Class initialized using 'CodeIgniter\Session\Handlers\FileHandler' driver.
ERROR - 2024-06-01 19:45:20 --> mysqli_sql_exception: Cannot add or update a child row: a foreign key constraint fails (`code_peliculas`.`peliculas`, CONSTRAINT `peliculas_categoria_fk_foreign` FOREIGN KEY (`categoria_fk`) REFERENCES `categorias` (`id`) ON UPDATE CASCADE) in C:\laragon\www\codeigniter4\system\Database\MySQLi\Connection.php:308
Stack trace:
#0 C:\laragon\www\codeigniter4\system\Database\MySQLi\Connection.php(308): mysqli->query('INSERT INTO `pe...', 0)
#1 C:\laragon\www\codeigniter4\system\Database\BaseConnection.php(722): CodeIgniter\Database\MySQLi\Connection->execute('INSERT INTO `pe...')
#2 C:\laragon\www\codeigniter4\system\Database\BaseConnection.php(636): CodeIgniter\Database\BaseConnection->simpleQuery('INSERT INTO `pe...')
#3 C:\laragon\www\codeigniter4\system\Database\BaseBuilder.php(2325): CodeIgniter\Database\BaseConnection->query('INSERT INTO `pe...', Array, false)
#4 C:\laragon\www\codeigniter4\system\Model.php(383): CodeIgniter\Database\BaseBuilder->insert()
#5 C:\laragon\www\codeigniter4\system\BaseModel.php(840): CodeIgniter\Model->doInsert(Array)
#6 C:\laragon\www\codeigniter4\system\Model.php(791): CodeIgniter\BaseModel->insert(Array, true)
#7 C:\laragon\www\codeigniter4\app\Database\Seeds\PeliculaSeeder.php(17): CodeIgniter\Model->insert(Array)
#8 C:\laragon\www\codeigniter4\system\Database\Seeder.php(147): App\Database\Seeds\PeliculaSeeder->run()
#9 C:\laragon\www\codeigniter4\app\Database\Seeds\TodoSeeder.php(12): CodeIgniter\Database\Seeder->call('App\\Database\\Se...')
#10 C:\laragon\www\codeigniter4\system\Database\Seeder.php(147): App\Database\Seeds\TodoSeeder->run()
#11 C:\laragon\www\codeigniter4\system\Commands\Database\Seed.php(79): CodeIgniter\Database\Seeder->call('App\\Database\\Se...')
#12 C:\laragon\www\codeigniter4\system\CLI\Commands.php(70): CodeIgniter\Commands\Database\Seed->run(Array)
#13 C:\laragon\www\codeigniter4\system\CLI\Console.php(48): CodeIgniter\CLI\Commands->run('db:seed', Array)
#14 C:\laragon\www\codeigniter4\system\Boot.php(338): CodeIgniter\CLI\Console->run()
#15 C:\laragon\www\codeigniter4\system\Boot.php(104): CodeIgniter\Boot::runCommand(Object(CodeIgniter\CLI\Console))
#16 C:\laragon\www\codeigniter4\spark(84): CodeIgniter\Boot::bootSpark(Object(Config\Paths))
#17 {main}
INFO - 2024-06-01 19:46:10 --> Session: Class initialized using 'CodeIgniter\Session\Handlers\FileHandler' driver.
INFO - 2024-06-01 19:47:20 --> Session: Class initialized using 'CodeIgniter\Session\Handlers\FileHandler' driver.
INFO - 2024-06-01 19:48:40 --> Session: Class initialized using 'CodeIgniter\Session\Handlers\FileHandler' driver.
INFO - 2024-06-01 19:48:43 --> Session: Class initialized using 'CodeIgniter\Session\Handlers\FileHandler' driver.
INFO - 2024-06-01 19:48:43 --> Session: Class initialized using 'CodeIgniter\Session\Handlers\FileHandler' driver.
INFO - 2024-06-01 19:48:50 --> Session: Class initialized using 'CodeIgniter\Session\Handlers\FileHandler' driver.
INFO - 2024-06-01 19:48:50 --> Session: Class initialized using 'CodeIgniter\Session\Handlers\FileHandler' driver.
INFO - 2024-06-01 19:48:57 --> Session: Class initialized using 'CodeIgniter\Session\Handlers\FileHandler' driver.
INFO - 2024-06-01 19:48:57 --> Session: Class initialized using 'CodeIgniter\Session\Handlers\FileHandler' driver.
INFO - 2024-06-01 19:49:03 --> Session: Class initialized using 'CodeIgniter\Session\Handlers\FileHandler' driver.
INFO - 2024-06-01 19:49:04 --> Session: Class initialized using 'CodeIgniter\Session\Handlers\FileHandler' driver.
INFO - 2024-06-01 19:49:12 --> Session: Class initialized using 'CodeIgniter\Session\Handlers\FileHandler' driver.
INFO - 2024-06-01 19:49:12 --> Session: Class initialized using 'CodeIgniter\Session\Handlers\FileHandler' driver.
INFO - 2024-06-01 19:49:56 --> Session: Class initialized using 'CodeIgniter\Session\Handlers\FileHandler' driver.
INFO - 2024-06-01 19:49:59 --> Session: Class initialized using 'CodeIgniter\Session\Handlers\FileHandler' driver.
INFO - 2024-06-01 19:49:59 --> Session: Class initialized using 'CodeIgniter\Session\Handlers\FileHandler' driver.
INFO - 2024-06-01 19:50:05 --> Session: Class initialized using 'CodeIgniter\Session\Handlers\FileHandler' driver.
INFO - 2024-06-01 19:50:05 --> Session: Class initialized using 'CodeIgniter\Session\Handlers\FileHandler' driver.
INFO - 2024-06-01 19:50:09 --> Session: Class initialized using 'CodeIgniter\Session\Handlers\FileHandler' driver.
INFO - 2024-06-01 19:50:11 --> Session: Class initialized using 'CodeIgniter\Session\Handlers\FileHandler' driver.
INFO - 2024-06-01 19:52:22 --> Session: Class initialized using 'CodeIgniter\Session\Handlers\FileHandler' driver.
INFO - 2024-06-01 19:52:30 --> Session: Class initialized using 'CodeIgniter\Session\Handlers\FileHandler' driver.
INFO - 2024-06-01 19:52:30 --> Session: Class initialized using 'CodeIgniter\Session\Handlers\FileHandler' driver.
INFO - 2024-06-01 19:55:28 --> Session: Class initialized using 'CodeIgniter\Session\Handlers\FileHandler' driver.
INFO - 2024-06-01 19:55:31 --> Session: Class initialized using 'CodeIgniter\Session\Handlers\FileHandler' driver.
INFO - 2024-06-01 19:55:31 --> Session: Class initialized using 'CodeIgniter\Session\Handlers\FileHandler' driver.
INFO - 2024-06-01 19:55:38 --> Session: Class initialized using 'CodeIgniter\Session\Handlers\FileHandler' driver.
INFO - 2024-06-01 19:55:38 --> Session: Class initialized using 'CodeIgniter\Session\Handlers\FileHandler' driver.
INFO - 2024-06-01 19:55:41 --> Session: Class initialized using 'CodeIgniter\Session\Handlers\FileHandler' driver.
CRITICAL - 2024-06-01 19:55:41 --> ErrorException: Undefined variable $categorias
[Method: GET, Route: dashboard/pelicula/edit/2]
in APPPATH\Views\dashboard\pelicula\_form.php on line 9.
 1 APPPATH\Views\dashboard\pelicula\_form.php(9): CodeIgniter\Debug\Exceptions->errorHandler(2, 'Undefined variable $categorias', 'C:\\laragon\\www\\codeigniter4\\app\\Views\\dashboard\\pelicula\\_form.php', 9)
 2 SYSTEMPATH\View\View.php(234): include('C:\\laragon\\www\\codeigniter4\\app\\Views\\dashboard\\pelicula\\_form.php')
 3 SYSTEMPATH\View\View.php(237): CodeIgniter\View\View->CodeIgniter\View\{closure}()
 4 SYSTEMPATH\Common.php(1171): CodeIgniter\View\View->render('/dashboard/pelicula/_form', [], true)
 5 APPPATH\Views\dashboard\pelicula\edit.php(8): view('/dashboard/pelicula/_form', [...])
 6 SYSTEMPATH\View\View.php(234): include('C:\\laragon\\www\\codeigniter4\\app\\Views\\dashboard\\pelicula\\edit.php')
 7 SYSTEMPATH\View\View.php(237): CodeIgniter\View\View->CodeIgniter\View\{closure}()
 8 SYSTEMPATH\Common.php(1171): CodeIgniter\View\View->render('dashboard/pelicula/edit', [], true)
 9 APPPATH\Controllers\Dashboard\Pelicula.php(90): view('dashboard/pelicula/edit', [...])
10 SYSTEMPATH\CodeIgniter.php(933): App\Controllers\Dashboard\Pelicula->edit('2')
11 SYSTEMPATH\CodeIgniter.php(509): CodeIgniter\CodeIgniter->runController(Object(App\Controllers\Dashboard\Pelicula))
12 SYSTEMPATH\CodeIgniter.php(355): CodeIgniter\CodeIgniter->handleRequest(null, Object(Config\Cache), false)
13 SYSTEMPATH\Boot.php(312): CodeIgniter\CodeIgniter->run()
14 SYSTEMPATH\Boot.php(67): CodeIgniter\Boot::runCodeIgniter(Object(CodeIgniter\CodeIgniter))
15 FCPATH\index.php(56): CodeIgniter\Boot::bootWeb(Object(Config\Paths))
INFO - 2024-06-01 19:56:55 --> Session: Class initialized using 'CodeIgniter\Session\Handlers\FileHandler' driver.
CRITICAL - 2024-06-01 19:56:55 --> ErrorException: Undefined variable $categorias
[Method: GET, Route: dashboard/pelicula/edit/2]
in APPPATH\Views\dashboard\pelicula\_form.php on line 9.
 1 APPPATH\Views\dashboard\pelicula\_form.php(9): CodeIgniter\Debug\Exceptions->errorHandler(2, 'Undefined variable $categorias', 'C:\\laragon\\www\\codeigniter4\\app\\Views\\dashboard\\pelicula\\_form.php', 9)
 2 SYSTEMPATH\View\View.php(234): include('C:\\laragon\\www\\codeigniter4\\app\\Views\\dashboard\\pelicula\\_form.php')
 3 SYSTEMPATH\View\View.php(237): CodeIgniter\View\View->CodeIgniter\View\{closure}()
 4 SYSTEMPATH\Common.php(1171): CodeIgniter\View\View->render('/dashboard/pelicula/_form', [], true)
 5 APPPATH\Views\dashboard\pelicula\edit.php(8): view('/dashboard/pelicula/_form', [...])
 6 SYSTEMPATH\View\View.php(234): include('C:\\laragon\\www\\codeigniter4\\app\\Views\\dashboard\\pelicula\\edit.php')
 7 SYSTEMPATH\View\View.php(237): CodeIgniter\View\View->CodeIgniter\View\{closure}()
 8 SYSTEMPATH\Common.php(1171): CodeIgniter\View\View->render('dashboard/pelicula/edit', [], true)
 9 APPPATH\Controllers\Dashboard\Pelicula.php(90): view('dashboard/pelicula/edit', [...])
10 SYSTEMPATH\CodeIgniter.php(933): App\Controllers\Dashboard\Pelicula->edit('2')
11 SYSTEMPATH\CodeIgniter.php(509): CodeIgniter\CodeIgniter->runController(Object(App\Controllers\Dashboard\Pelicula))
12 SYSTEMPATH\CodeIgniter.php(355): CodeIgniter\CodeIgniter->handleRequest(null, Object(Config\Cache), false)
13 SYSTEMPATH\Boot.php(312): CodeIgniter\CodeIgniter->run()
14 SYSTEMPATH\Boot.php(67): CodeIgniter\Boot::runCodeIgniter(Object(CodeIgniter\CodeIgniter))
15 FCPATH\index.php(56): CodeIgniter\Boot::bootWeb(Object(Config\Paths))
INFO - 2024-06-01 19:58:45 --> Session: Class initialized using 'CodeIgniter\Session\Handlers\FileHandler' driver.
INFO - 2024-06-01 19:58:48 --> Session: Class initialized using 'CodeIgniter\Session\Handlers\FileHandler' driver.
INFO - 2024-06-01 19:58:51 --> Session: Class initialized using 'CodeIgniter\Session\Handlers\FileHandler' driver.
INFO - 2024-06-01 19:58:59 --> Session: Class initialized using 'CodeIgniter\Session\Handlers\FileHandler' driver.
INFO - 2024-06-01 19:58:59 --> Session: Class initialized using 'CodeIgniter\Session\Handlers\FileHandler' driver.
INFO - 2024-06-01 19:59:03 --> Session: Class initialized using 'CodeIgniter\Session\Handlers\FileHandler' driver.
INFO - 2024-06-01 19:59:10 --> Session: Class initialized using 'CodeIgniter\Session\Handlers\FileHandler' driver.
INFO - 2024-06-01 19:59:11 --> Session: Class initialized using 'CodeIgniter\Session\Handlers\FileHandler' driver.
INFO - 2024-06-01 20:04:23 --> Session: Class initialized using 'CodeIgniter\Session\Handlers\FileHandler' driver.
INFO - 2024-06-01 20:04:30 --> Session: Class initialized using 'CodeIgniter\Session\Handlers\FileHandler' driver.
INFO - 2024-06-01 20:04:30 --> Session: Class initialized using 'CodeIgniter\Session\Handlers\FileHandler' driver.
INFO - 2024-06-01 20:05:28 --> Session: Class initialized using 'CodeIgniter\Session\Handlers\FileHandler' driver.
INFO - 2024-06-01 20:05:30 --> Session: Class initialized using 'CodeIgniter\Session\Handlers\FileHandler' driver.
CRITICAL - 2024-06-01 20:05:30 --> ErrorException: Undefined variable $categorias
[Method: GET, Route: dashboard/pelicula/edit/5]
in APPPATH\Views\dashboard\pelicula\_form.php on line 9.
 1 APPPATH\Views\dashboard\pelicula\_form.php(9): CodeIgniter\Debug\Exceptions->errorHandler(2, 'Undefined variable $categorias', 'C:\\laragon\\www\\codeigniter4\\app\\Views\\dashboard\\pelicula\\_form.php', 9)
 2 SYSTEMPATH\View\View.php(234): include('C:\\laragon\\www\\codeigniter4\\app\\Views\\dashboard\\pelicula\\_form.php')
 3 SYSTEMPATH\View\View.php(237): CodeIgniter\View\View->CodeIgniter\View\{closure}()
 4 SYSTEMPATH\Common.php(1171): CodeIgniter\View\View->render('/dashboard/pelicula/_form', [], true)
 5 APPPATH\Views\dashboard\pelicula\edit.php(8): view('/dashboard/pelicula/_form', [...])
 6 SYSTEMPATH\View\View.php(234): include('C:\\laragon\\www\\codeigniter4\\app\\Views\\dashboard\\pelicula\\edit.php')
 7 SYSTEMPATH\View\View.php(237): CodeIgniter\View\View->CodeIgniter\View\{closure}()
 8 SYSTEMPATH\Common.php(1171): CodeIgniter\View\View->render('dashboard/pelicula/edit', [], true)
 9 APPPATH\Controllers\Dashboard\Pelicula.php(94): view('dashboard/pelicula/edit', [...])
10 SYSTEMPATH\CodeIgniter.php(933): App\Controllers\Dashboard\Pelicula->edit('5')
11 SYSTEMPATH\CodeIgniter.php(509): CodeIgniter\CodeIgniter->runController(Object(App\Controllers\Dashboard\Pelicula))
12 SYSTEMPATH\CodeIgniter.php(355): CodeIgniter\CodeIgniter->handleRequest(null, Object(Config\Cache), false)
13 SYSTEMPATH\Boot.php(312): CodeIgniter\CodeIgniter->run()
14 SYSTEMPATH\Boot.php(67): CodeIgniter\Boot::runCodeIgniter(Object(CodeIgniter\CodeIgniter))
15 FCPATH\index.php(56): CodeIgniter\Boot::bootWeb(Object(Config\Paths))
INFO - 2024-06-01 20:05:34 --> Session: Class initialized using 'CodeIgniter\Session\Handlers\FileHandler' driver.
INFO - 2024-06-01 20:05:36 --> Session: Class initialized using 'CodeIgniter\Session\Handlers\FileHandler' driver.
INFO - 2024-06-01 20:05:36 --> Session: Class initialized using 'CodeIgniter\Session\Handlers\FileHandler' driver.
INFO - 2024-06-01 20:05:37 --> Session: Class initialized using 'CodeIgniter\Session\Handlers\FileHandler' driver.
INFO - 2024-06-01 20:05:37 --> Session: Class initialized using 'CodeIgniter\Session\Handlers\FileHandler' driver.
INFO - 2024-06-01 20:05:39 --> Session: Class initialized using 'CodeIgniter\Session\Handlers\FileHandler' driver.
CRITICAL - 2024-06-01 20:05:39 --> ErrorException: Undefined variable $categorias
[Method: GET, Route: dashboard/pelicula/edit/3]
in APPPATH\Views\dashboard\pelicula\_form.php on line 9.
 1 APPPATH\Views\dashboard\pelicula\_form.php(9): CodeIgniter\Debug\Exceptions->errorHandler(2, 'Undefined variable $categorias', 'C:\\laragon\\www\\codeigniter4\\app\\Views\\dashboard\\pelicula\\_form.php', 9)
 2 SYSTEMPATH\View\View.php(234): include('C:\\laragon\\www\\codeigniter4\\app\\Views\\dashboard\\pelicula\\_form.php')
 3 SYSTEMPATH\View\View.php(237): CodeIgniter\View\View->CodeIgniter\View\{closure}()
 4 SYSTEMPATH\Common.php(1171): CodeIgniter\View\View->render('/dashboard/pelicula/_form', [], true)
 5 APPPATH\Views\dashboard\pelicula\edit.php(8): view('/dashboard/pelicula/_form', [...])
 6 SYSTEMPATH\View\View.php(234): include('C:\\laragon\\www\\codeigniter4\\app\\Views\\dashboard\\pelicula\\edit.php')
 7 SYSTEMPATH\View\View.php(237): CodeIgniter\View\View->CodeIgniter\View\{closure}()
 8 SYSTEMPATH\Common.php(1171): CodeIgniter\View\View->render('dashboard/pelicula/edit', [], true)
 9 APPPATH\Controllers\Dashboard\Pelicula.php(94): view('dashboard/pelicula/edit', [...])
10 SYSTEMPATH\CodeIgniter.php(933): App\Controllers\Dashboard\Pelicula->edit('3')
11 SYSTEMPATH\CodeIgniter.php(509): CodeIgniter\CodeIgniter->runController(Object(App\Controllers\Dashboard\Pelicula))
12 SYSTEMPATH\CodeIgniter.php(355): CodeIgniter\CodeIgniter->handleRequest(null, Object(Config\Cache), false)
13 SYSTEMPATH\Boot.php(312): CodeIgniter\CodeIgniter->run()
14 SYSTEMPATH\Boot.php(67): CodeIgniter\Boot::runCodeIgniter(Object(CodeIgniter\CodeIgniter))
15 FCPATH\index.php(56): CodeIgniter\Boot::bootWeb(Object(Config\Paths))
INFO - 2024-06-01 20:05:41 --> Session: Class initialized using 'CodeIgniter\Session\Handlers\FileHandler' driver.
INFO - 2024-06-01 20:05:42 --> Session: Class initialized using 'CodeIgniter\Session\Handlers\FileHandler' driver.
CRITICAL - 2024-06-01 20:05:42 --> ErrorException: Undefined variable $categorias
[Method: GET, Route: dashboard/pelicula/edit/2]
in APPPATH\Views\dashboard\pelicula\_form.php on line 9.
 1 APPPATH\Views\dashboard\pelicula\_form.php(9): CodeIgniter\Debug\Exceptions->errorHandler(2, 'Undefined variable $categorias', 'C:\\laragon\\www\\codeigniter4\\app\\Views\\dashboard\\pelicula\\_form.php', 9)
 2 SYSTEMPATH\View\View.php(234): include('C:\\laragon\\www\\codeigniter4\\app\\Views\\dashboard\\pelicula\\_form.php')
 3 SYSTEMPATH\View\View.php(237): CodeIgniter\View\View->CodeIgniter\View\{closure}()
 4 SYSTEMPATH\Common.php(1171): CodeIgniter\View\View->render('/dashboard/pelicula/_form', [], true)
 5 APPPATH\Views\dashboard\pelicula\edit.php(8): view('/dashboard/pelicula/_form', [...])
 6 SYSTEMPATH\View\View.php(234): include('C:\\laragon\\www\\codeigniter4\\app\\Views\\dashboard\\pelicula\\edit.php')
 7 SYSTEMPATH\View\View.php(237): CodeIgniter\View\View->CodeIgniter\View\{closure}()
 8 SYSTEMPATH\Common.php(1171): CodeIgniter\View\View->render('dashboard/pelicula/edit', [], true)
 9 APPPATH\Controllers\Dashboard\Pelicula.php(94): view('dashboard/pelicula/edit', [...])
10 SYSTEMPATH\CodeIgniter.php(933): App\Controllers\Dashboard\Pelicula->edit('2')
11 SYSTEMPATH\CodeIgniter.php(509): CodeIgniter\CodeIgniter->runController(Object(App\Controllers\Dashboard\Pelicula))
12 SYSTEMPATH\CodeIgniter.php(355): CodeIgniter\CodeIgniter->handleRequest(null, Object(Config\Cache), false)
13 SYSTEMPATH\Boot.php(312): CodeIgniter\CodeIgniter->run()
14 SYSTEMPATH\Boot.php(67): CodeIgniter\Boot::runCodeIgniter(Object(CodeIgniter\CodeIgniter))
15 FCPATH\index.php(56): CodeIgniter\Boot::bootWeb(Object(Config\Paths))
INFO - 2024-06-01 20:05:43 --> Session: Class initialized using 'CodeIgniter\Session\Handlers\FileHandler' driver.
INFO - 2024-06-01 20:05:44 --> Session: Class initialized using 'CodeIgniter\Session\Handlers\FileHandler' driver.
INFO - 2024-06-01 20:05:44 --> Session: Class initialized using 'CodeIgniter\Session\Handlers\FileHandler' driver.
INFO - 2024-06-01 20:05:46 --> Session: Class initialized using 'CodeIgniter\Session\Handlers\FileHandler' driver.
INFO - 2024-06-01 20:05:46 --> Session: Class initialized using 'CodeIgniter\Session\Handlers\FileHandler' driver.
INFO - 2024-06-01 20:05:48 --> Session: Class initialized using 'CodeIgniter\Session\Handlers\FileHandler' driver.
INFO - 2024-06-01 20:07:56 --> Session: Class initialized using 'CodeIgniter\Session\Handlers\FileHandler' driver.
INFO - 2024-06-01 20:07:58 --> Session: Class initialized using 'CodeIgniter\Session\Handlers\FileHandler' driver.
INFO - 2024-06-01 20:07:59 --> Session: Class initialized using 'CodeIgniter\Session\Handlers\FileHandler' driver.
INFO - 2024-06-01 20:08:04 --> Session: Class initialized using 'CodeIgniter\Session\Handlers\FileHandler' driver.
INFO - 2024-06-01 20:08:04 --> Session: Class initialized using 'CodeIgniter\Session\Handlers\FileHandler' driver.
INFO - 2024-06-01 20:08:07 --> Session: Class initialized using 'CodeIgniter\Session\Handlers\FileHandler' driver.
INFO - 2024-06-01 20:08:16 --> Session: Class initialized using 'CodeIgniter\Session\Handlers\FileHandler' driver.
INFO - 2024-06-01 20:08:16 --> Session: Class initialized using 'CodeIgniter\Session\Handlers\FileHandler' driver.
INFO - 2024-06-01 20:08:20 --> Session: Class initialized using 'CodeIgniter\Session\Handlers\FileHandler' driver.
INFO - 2024-06-01 20:08:21 --> Session: Class initialized using 'CodeIgniter\Session\Handlers\FileHandler' driver.
INFO - 2024-06-01 20:08:23 --> Session: Class initialized using 'CodeIgniter\Session\Handlers\FileHandler' driver.
INFO - 2024-06-01 20:08:26 --> Session: Class initialized using 'CodeIgniter\Session\Handlers\FileHandler' driver.
INFO - 2024-06-01 20:08:34 --> Session: Class initialized using 'CodeIgniter\Session\Handlers\FileHandler' driver.
INFO - 2024-06-01 20:08:34 --> Session: Class initialized using 'CodeIgniter\Session\Handlers\FileHandler' driver.
INFO - 2024-06-01 20:08:36 --> Session: Class initialized using 'CodeIgniter\Session\Handlers\FileHandler' driver.
INFO - 2024-06-01 20:08:37 --> Session: Class initialized using 'CodeIgniter\Session\Handlers\FileHandler' driver.
INFO - 2024-06-01 20:08:39 --> Session: Class initialized using 'CodeIgniter\Session\Handlers\FileHandler' driver.
INFO - 2024-06-01 20:08:45 --> Session: Class initialized using 'CodeIgniter\Session\Handlers\FileHandler' driver.
INFO - 2024-06-01 20:08:45 --> Session: Class initialized using 'CodeIgniter\Session\Handlers\FileHandler' driver.
INFO - 2024-06-01 20:08:48 --> Session: Class initialized using 'CodeIgniter\Session\Handlers\FileHandler' driver.
INFO - 2024-06-01 20:08:49 --> Session: Class initialized using 'CodeIgniter\Session\Handlers\FileHandler' driver.
INFO - 2024-06-01 20:08:56 --> Session: Class initialized using 'CodeIgniter\Session\Handlers\FileHandler' driver.
INFO - 2024-06-01 20:10:38 --> Session: Class initialized using 'CodeIgniter\Session\Handlers\FileHandler' driver.
INFO - 2024-06-01 20:10:40 --> Session: Class initialized using 'CodeIgniter\Session\Handlers\FileHandler' driver.
INFO - 2024-06-01 20:10:41 --> Session: Class initialized using 'CodeIgniter\Session\Handlers\FileHandler' driver.
INFO - 2024-06-01 20:10:47 --> Session: Class initialized using 'CodeIgniter\Session\Handlers\FileHandler' driver.
INFO - 2024-06-01 20:10:47 --> Session: Class initialized using 'CodeIgniter\Session\Handlers\FileHandler' driver.
INFO - 2024-06-01 20:10:49 --> Session: Class initialized using 'CodeIgniter\Session\Handlers\FileHandler' driver.
INFO - 2024-06-01 20:11:27 --> Session: Class initialized using 'CodeIgniter\Session\Handlers\FileHandler' driver.
INFO - 2024-06-01 20:11:27 --> Session: Class initialized using 'CodeIgniter\Session\Handlers\FileHandler' driver.
INFO - 2024-06-01 20:11:29 --> Session: Class initialized using 'CodeIgniter\Session\Handlers\FileHandler' driver.
INFO - 2024-06-01 20:11:31 --> Session: Class initialized using 'CodeIgniter\Session\Handlers\FileHandler' driver.
INFO - 2024-06-01 20:11:32 --> Session: Class initialized using 'CodeIgniter\Session\Handlers\FileHandler' driver.
INFO - 2024-06-01 20:11:38 --> Session: Class initialized using 'CodeIgniter\Session\Handlers\FileHandler' driver.
INFO - 2024-06-01 20:11:38 --> Session: Class initialized using 'CodeIgniter\Session\Handlers\FileHandler' driver.
INFO - 2024-06-01 20:11:41 --> Session: Class initialized using 'CodeIgniter\Session\Handlers\FileHandler' driver.
INFO - 2024-06-01 20:11:41 --> Session: Class initialized using 'CodeIgniter\Session\Handlers\FileHandler' driver.
INFO - 2024-06-01 20:11:44 --> Session: Class initialized using 'CodeIgniter\Session\Handlers\FileHandler' driver.
INFO - 2024-06-01 20:11:46 --> Session: Class initialized using 'CodeIgniter\Session\Handlers\FileHandler' driver.
INFO - 2024-06-01 20:15:40 --> Session: Class initialized using 'CodeIgniter\Session\Handlers\FileHandler' driver.
ERROR - 2024-06-01 20:15:40 --> mysqli_sql_exception: Unknown column 'pelicula.categoria_fk' in 'on clause' in C:\laragon\www\codeigniter4\system\Database\MySQLi\Connection.php:308
Stack trace:
#0 C:\laragon\www\codeigniter4\system\Database\MySQLi\Connection.php(308): mysqli->query('SELECT *\nFROM `...', 0)
#1 C:\laragon\www\codeigniter4\system\Database\BaseConnection.php(722): CodeIgniter\Database\MySQLi\Connection->execute('SELECT *\nFROM `...')
#2 C:\laragon\www\codeigniter4\system\Database\BaseConnection.php(636): CodeIgniter\Database\BaseConnection->simpleQuery('SELECT *\nFROM `...')
#3 C:\laragon\www\codeigniter4\system\Database\BaseBuilder.php(1629): CodeIgniter\Database\BaseConnection->query('SELECT *\nFROM `...', Array, false)
#4 C:\laragon\www\codeigniter4\system\Model.php(210): CodeIgniter\Database\BaseBuilder->get()
#5 C:\laragon\www\codeigniter4\system\BaseModel.php(610): CodeIgniter\Model->doFind(false, NULL)
#6 C:\laragon\www\codeigniter4\app\Controllers\Dashboard\Pelicula.php(29): CodeIgniter\BaseModel->find()
#7 C:\laragon\www\codeigniter4\system\CodeIgniter.php(933): App\Controllers\Dashboard\Pelicula->index()
#8 C:\laragon\www\codeigniter4\system\CodeIgniter.php(509): CodeIgniter\CodeIgniter->runController(Object(App\Controllers\Dashboard\Pelicula))
#9 C:\laragon\www\codeigniter4\system\CodeIgniter.php(355): CodeIgniter\CodeIgniter->handleRequest(NULL, Object(Config\Cache), false)
#10 C:\laragon\www\codeigniter4\system\Boot.php(312): CodeIgniter\CodeIgniter->run()
#11 C:\laragon\www\codeigniter4\system\Boot.php(67): CodeIgniter\Boot::runCodeIgniter(Object(CodeIgniter\CodeIgniter))
#12 C:\laragon\www\codeigniter4\public\index.php(56): CodeIgniter\Boot::bootWeb(Object(Config\Paths))
#13 {main}
CRITICAL - 2024-06-01 20:15:40 --> CodeIgniter\Database\Exceptions\DatabaseException: Unknown column 'pelicula.categoria_fk' in 'on clause'
[Method: GET, Route: dashboard/pelicula]
in SYSTEMPATH\Database\BaseConnection.php on line 676.
 1 SYSTEMPATH\Database\BaseBuilder.php(1629): CodeIgniter\Database\BaseConnection->query('SELECT *
FROM `peliculas`
JOIN `categorias` ON `categorias`.`id` = `pelicula`.`categoria_fk`', [], false)
 2 SYSTEMPATH\Model.php(210): CodeIgniter\Database\BaseBuilder->get()
 3 SYSTEMPATH\BaseModel.php(610): CodeIgniter\Model->doFind(false, null)
 4 APPPATH\Controllers\Dashboard\Pelicula.php(29): CodeIgniter\BaseModel->find()
 5 SYSTEMPATH\CodeIgniter.php(933): App\Controllers\Dashboard\Pelicula->index()
 6 SYSTEMPATH\CodeIgniter.php(509): CodeIgniter\CodeIgniter->runController(Object(App\Controllers\Dashboard\Pelicula))
 7 SYSTEMPATH\CodeIgniter.php(355): CodeIgniter\CodeIgniter->handleRequest(null, Object(Config\Cache), false)
 8 SYSTEMPATH\Boot.php(312): CodeIgniter\CodeIgniter->run()
 9 SYSTEMPATH\Boot.php(67): CodeIgniter\Boot::runCodeIgniter(Object(CodeIgniter\CodeIgniter))
10 FCPATH\index.php(56): CodeIgniter\Boot::bootWeb(Object(Config\Paths))
CRITICAL - 2024-06-01 20:15:40 --> [Caused by] CodeIgniter\Database\Exceptions\DatabaseException: Unknown column 'pelicula.categoria_fk' in 'on clause'
in SYSTEMPATH\Database\MySQLi\Connection.php on line 313.
 1 SYSTEMPATH\Database\BaseConnection.php(722): CodeIgniter\Database\MySQLi\Connection->execute('SELECT *
FROM `peliculas`
JOIN `categorias` ON `categorias`.`id` = `pelicula`.`categoria_fk`')
 2 SYSTEMPATH\Database\BaseConnection.php(636): CodeIgniter\Database\BaseConnection->simpleQuery('SELECT *
FROM `peliculas`
JOIN `categorias` ON `categorias`.`id` = `pelicula`.`categoria_fk`')
 3 SYSTEMPATH\Database\BaseBuilder.php(1629): CodeIgniter\Database\BaseConnection->query('SELECT *
FROM `peliculas`
JOIN `categorias` ON `categorias`.`id` = `pelicula`.`categoria_fk`', [], false)
 4 SYSTEMPATH\Model.php(210): CodeIgniter\Database\BaseBuilder->get()
 5 SYSTEMPATH\BaseModel.php(610): CodeIgniter\Model->doFind(false, null)
 6 APPPATH\Controllers\Dashboard\Pelicula.php(29): CodeIgniter\BaseModel->find()
 7 SYSTEMPATH\CodeIgniter.php(933): App\Controllers\Dashboard\Pelicula->index()
 8 SYSTEMPATH\CodeIgniter.php(509): CodeIgniter\CodeIgniter->runController(Object(App\Controllers\Dashboard\Pelicula))
 9 SYSTEMPATH\CodeIgniter.php(355): CodeIgniter\CodeIgniter->handleRequest(null, Object(Config\Cache), false)
10 SYSTEMPATH\Boot.php(312): CodeIgniter\CodeIgniter->run()
11 SYSTEMPATH\Boot.php(67): CodeIgniter\Boot::runCodeIgniter(Object(CodeIgniter\CodeIgniter))
12 FCPATH\index.php(56): CodeIgniter\Boot::bootWeb(Object(Config\Paths))
CRITICAL - 2024-06-01 20:15:40 --> [Caused by] mysqli_sql_exception: Unknown column 'pelicula.categoria_fk' in 'on clause'
in SYSTEMPATH\Database\MySQLi\Connection.php on line 308.
 1 SYSTEMPATH\Database\MySQLi\Connection.php(308): mysqli->query('SELECT *
FROM `peliculas`
JOIN `categorias` ON `categorias`.`id` = `pelicula`.`categoria_fk`', 0)
 2 SYSTEMPATH\Database\BaseConnection.php(722): CodeIgniter\Database\MySQLi\Connection->execute('SELECT *
FROM `peliculas`
JOIN `categorias` ON `categorias`.`id` = `pelicula`.`categoria_fk`')
 3 SYSTEMPATH\Database\BaseConnection.php(636): CodeIgniter\Database\BaseConnection->simpleQuery('SELECT *
FROM `peliculas`
JOIN `categorias` ON `categorias`.`id` = `pelicula`.`categoria_fk`')
 4 SYSTEMPATH\Database\BaseBuilder.php(1629): CodeIgniter\Database\BaseConnection->query('SELECT *
FROM `peliculas`
JOIN `categorias` ON `categorias`.`id` = `pelicula`.`categoria_fk`', [], false)
 5 SYSTEMPATH\Model.php(210): CodeIgniter\Database\BaseBuilder->get()
 6 SYSTEMPATH\BaseModel.php(610): CodeIgniter\Model->doFind(false, null)
 7 APPPATH\Controllers\Dashboard\Pelicula.php(29): CodeIgniter\BaseModel->find()
 8 SYSTEMPATH\CodeIgniter.php(933): App\Controllers\Dashboard\Pelicula->index()
 9 SYSTEMPATH\CodeIgniter.php(509): CodeIgniter\CodeIgniter->runController(Object(App\Controllers\Dashboard\Pelicula))
10 SYSTEMPATH\CodeIgniter.php(355): CodeIgniter\CodeIgniter->handleRequest(null, Object(Config\Cache), false)
11 SYSTEMPATH\Boot.php(312): CodeIgniter\CodeIgniter->run()
12 SYSTEMPATH\Boot.php(67): CodeIgniter\Boot::runCodeIgniter(Object(CodeIgniter\CodeIgniter))
13 FCPATH\index.php(56): CodeIgniter\Boot::bootWeb(Object(Config\Paths))
INFO - 2024-06-01 20:16:04 --> Session: Class initialized using 'CodeIgniter\Session\Handlers\FileHandler' driver.
CRITICAL - 2024-06-01 20:16:04 --> ErrorException: Undefined variable $peliculas
[Method: GET, Route: dashboard/pelicula]
in APPPATH\Views\dashboard\pelicula\index.php on line 16.
 1 APPPATH\Views\dashboard\pelicula\index.php(16): CodeIgniter\Debug\Exceptions->errorHandler(2, 'Undefined variable $peliculas', 'C:\\laragon\\www\\codeigniter4\\app\\Views\\dashboard\\pelicula\\index.php', 16)
 2 SYSTEMPATH\View\View.php(234): include('C:\\laragon\\www\\codeigniter4\\app\\Views\\dashboard\\pelicula\\index.php')
 3 SYSTEMPATH\View\View.php(237): CodeIgniter\View\View->CodeIgniter\View\{closure}()
 4 SYSTEMPATH\Common.php(1171): CodeIgniter\View\View->render('dashboard/pelicula/index', [], true)
 5 APPPATH\Controllers\Dashboard\Pelicula.php(32): view('dashboard/pelicula/index', [...])
 6 SYSTEMPATH\CodeIgniter.php(933): App\Controllers\Dashboard\Pelicula->index()
 7 SYSTEMPATH\CodeIgniter.php(509): CodeIgniter\CodeIgniter->runController(Object(App\Controllers\Dashboard\Pelicula))
 8 SYSTEMPATH\CodeIgniter.php(355): CodeIgniter\CodeIgniter->handleRequest(null, Object(Config\Cache), false)
 9 SYSTEMPATH\Boot.php(312): CodeIgniter\CodeIgniter->run()
10 SYSTEMPATH\Boot.php(67): CodeIgniter\Boot::runCodeIgniter(Object(CodeIgniter\CodeIgniter))
11 FCPATH\index.php(56): CodeIgniter\Boot::bootWeb(Object(Config\Paths))
INFO - 2024-06-01 20:16:17 --> Session: Class initialized using 'CodeIgniter\Session\Handlers\FileHandler' driver.
INFO - 2024-06-01 20:18:08 --> Session: Class initialized using 'CodeIgniter\Session\Handlers\FileHandler' driver.
INFO - 2024-06-01 20:18:15 --> Session: Class initialized using 'CodeIgniter\Session\Handlers\FileHandler' driver.
INFO - 2024-06-01 20:18:17 --> Session: Class initialized using 'CodeIgniter\Session\Handlers\FileHandler' driver.
INFO - 2024-06-01 20:19:17 --> Session: Class initialized using 'CodeIgniter\Session\Handlers\FileHandler' driver.
INFO - 2024-06-01 20:19:18 --> Session: Class initialized using 'CodeIgniter\Session\Handlers\FileHandler' driver.
INFO - 2024-06-01 20:20:11 --> Session: Class initialized using 'CodeIgniter\Session\Handlers\FileHandler' driver.
INFO - 2024-06-01 20:21:50 --> Session: Class initialized using 'CodeIgniter\Session\Handlers\FileHandler' driver.
ERROR - 2024-06-01 20:31:59 --> mysqli_sql_exception: Cannot delete or update a parent row: a foreign key constraint fails (`code_peliculas`.`peliculas`, CONSTRAINT `peliculas_categoria_fk_foreign` FOREIGN KEY (`categoria_fk`) REFERENCES `categorias` (`id`) ON UPDATE CASCADE) in C:\laragon\www\codeigniter4\system\Database\MySQLi\Connection.php:308
Stack trace:
#0 C:\laragon\www\codeigniter4\system\Database\MySQLi\Connection.php(308): mysqli->query('DELETE FROM `ca...', 0)
#1 C:\laragon\www\codeigniter4\system\Database\BaseConnection.php(722): CodeIgniter\Database\MySQLi\Connection->execute('DELETE FROM `ca...')
#2 C:\laragon\www\codeigniter4\system\Database\BaseConnection.php(636): CodeIgniter\Database\BaseConnection->simpleQuery('DELETE FROM `ca...')
#3 C:\laragon\www\codeigniter4\system\Database\BaseBuilder.php(2823): CodeIgniter\Database\BaseConnection->query('DELETE FROM `ca...', Array, false)
#4 C:\laragon\www\codeigniter4\system\Model.php(510): CodeIgniter\Database\BaseBuilder->delete()
#5 C:\laragon\www\codeigniter4\system\BaseModel.php(1158): CodeIgniter\Model->doDelete(NULL, false)
#6 C:\laragon\www\codeigniter4\app\Database\Seeds\CategoriaSeeder.php(15): CodeIgniter\BaseModel->delete()
#7 C:\laragon\www\codeigniter4\system\Database\Seeder.php(147): App\Database\Seeds\CategoriaSeeder->run()
#8 C:\laragon\www\codeigniter4\app\Database\Seeds\TodoSeeder.php(11): CodeIgniter\Database\Seeder->call('App\\Database\\Se...')
#9 C:\laragon\www\codeigniter4\system\Database\Seeder.php(147): App\Database\Seeds\TodoSeeder->run()
#10 C:\laragon\www\codeigniter4\system\Commands\Database\Seed.php(79): CodeIgniter\Database\Seeder->call('App\\Database\\Se...')
#11 C:\laragon\www\codeigniter4\system\CLI\Commands.php(70): CodeIgniter\Commands\Database\Seed->run(Array)
#12 C:\laragon\www\codeigniter4\system\CLI\Console.php(48): CodeIgniter\CLI\Commands->run('db:seed', Array)
#13 C:\laragon\www\codeigniter4\system\Boot.php(338): CodeIgniter\CLI\Console->run()
#14 C:\laragon\www\codeigniter4\system\Boot.php(104): CodeIgniter\Boot::runCommand(Object(CodeIgniter\CLI\Console))
#15 C:\laragon\www\codeigniter4\spark(84): CodeIgniter\Boot::bootSpark(Object(Config\Paths))
#16 {main}
INFO - 2024-06-01 20:33:56 --> Session: Class initialized using 'CodeIgniter\Session\Handlers\FileHandler' driver.
INFO - 2024-06-01 20:33:56 --> Session: Class initialized using 'CodeIgniter\Session\Handlers\FileHandler' driver.
INFO - 2024-06-01 20:33:57 --> Session: Class initialized using 'CodeIgniter\Session\Handlers\FileHandler' driver.
INFO - 2024-06-01 20:33:57 --> Session: Class initialized using 'CodeIgniter\Session\Handlers\FileHandler' driver.
INFO - 2024-06-01 20:33:58 --> Session: Class initialized using 'CodeIgniter\Session\Handlers\FileHandler' driver.
INFO - 2024-06-01 20:33:58 --> Session: Class initialized using 'CodeIgniter\Session\Handlers\FileHandler' driver.
INFO - 2024-06-01 20:34:07 --> Session: Class initialized using 'CodeIgniter\Session\Handlers\FileHandler' driver.
INFO - 2024-06-01 20:35:01 --> Session: Class initialized using 'CodeIgniter\Session\Handlers\FileHandler' driver.
INFO - 2024-06-01 20:35:03 --> Session: Class initialized using 'CodeIgniter\Session\Handlers\FileHandler' driver.
ERROR - 2024-06-01 21:29:20 --> mysqli_sql_exception: Incorrect table definition; there can be only one auto column and it must be defined as a key in C:\laragon\www\codeigniter4\system\Database\MySQLi\Connection.php:308
Stack trace:
#0 C:\laragon\www\codeigniter4\system\Database\MySQLi\Connection.php(308): mysqli->query('CREATE TABLE `p...', 0)
#1 C:\laragon\www\codeigniter4\system\Database\BaseConnection.php(722): CodeIgniter\Database\MySQLi\Connection->execute('CREATE TABLE `p...')
#2 C:\laragon\www\codeigniter4\system\Database\BaseConnection.php(636): CodeIgniter\Database\BaseConnection->simpleQuery('CREATE TABLE `p...')
#3 C:\laragon\www\codeigniter4\system\Database\Forge.php(570): CodeIgniter\Database\BaseConnection->query('CREATE TABLE `p...')
#4 C:\laragon\www\codeigniter4\app\Database\Migrations\2024-06-01-212515_PeliculaImagen.php(28): CodeIgniter\Database\Forge->createTable('pelicula_imagen')
#5 C:\laragon\www\codeigniter4\system\Database\MigrationRunner.php(867): App\Database\Migrations\PeliculaImagen->up()
#6 C:\laragon\www\codeigniter4\system\Database\MigrationRunner.php(183): CodeIgniter\Database\MigrationRunner->migrate('up', Object(stdClass))
#7 C:\laragon\www\codeigniter4\system\Commands\Database\Migrate.php(85): CodeIgniter\Database\MigrationRunner->latest(NULL)
#8 C:\laragon\www\codeigniter4\system\CLI\Commands.php(70): CodeIgniter\Commands\Database\Migrate->run(Array)
#9 C:\laragon\www\codeigniter4\system\CLI\Console.php(48): CodeIgniter\CLI\Commands->run('migrate', Array)
#10 C:\laragon\www\codeigniter4\system\Boot.php(338): CodeIgniter\CLI\Console->run()
#11 C:\laragon\www\codeigniter4\system\Boot.php(104): CodeIgniter\Boot::runCommand(Object(CodeIgniter\CLI\Console))
#12 C:\laragon\www\codeigniter4\spark(84): CodeIgniter\Boot::bootSpark(Object(Config\Paths))
#13 {main}
ERROR - 2024-06-01 21:30:10 --> mysqli_sql_exception: Incorrect table definition; there can be only one auto column and it must be defined as a key in C:\laragon\www\codeigniter4\system\Database\MySQLi\Connection.php:308
Stack trace:
#0 C:\laragon\www\codeigniter4\system\Database\MySQLi\Connection.php(308): mysqli->query('CREATE TABLE `p...', 0)
#1 C:\laragon\www\codeigniter4\system\Database\BaseConnection.php(722): CodeIgniter\Database\MySQLi\Connection->execute('CREATE TABLE `p...')
#2 C:\laragon\www\codeigniter4\system\Database\BaseConnection.php(636): CodeIgniter\Database\BaseConnection->simpleQuery('CREATE TABLE `p...')
#3 C:\laragon\www\codeigniter4\system\Database\Forge.php(570): CodeIgniter\Database\BaseConnection->query('CREATE TABLE `p...')
#4 C:\laragon\www\codeigniter4\app\Database\Migrations\2024-06-01-212957_PeliculaImagen.php(28): CodeIgniter\Database\Forge->createTable('pelicula_imagen')
#5 C:\laragon\www\codeigniter4\system\Database\MigrationRunner.php(867): App\Database\Migrations\PeliculaImagen->up()
#6 C:\laragon\www\codeigniter4\system\Database\MigrationRunner.php(183): CodeIgniter\Database\MigrationRunner->migrate('up', Object(stdClass))
#7 C:\laragon\www\codeigniter4\system\Commands\Database\Migrate.php(85): CodeIgniter\Database\MigrationRunner->latest(NULL)
#8 C:\laragon\www\codeigniter4\system\CLI\Commands.php(70): CodeIgniter\Commands\Database\Migrate->run(Array)
#9 C:\laragon\www\codeigniter4\system\CLI\Console.php(48): CodeIgniter\CLI\Commands->run('migrate', Array)
#10 C:\laragon\www\codeigniter4\system\Boot.php(338): CodeIgniter\CLI\Console->run()
#11 C:\laragon\www\codeigniter4\system\Boot.php(104): CodeIgniter\Boot::runCommand(Object(CodeIgniter\CLI\Console))
#12 C:\laragon\www\codeigniter4\spark(84): CodeIgniter\Boot::bootSpark(Object(Config\Paths))
#13 {main}
ERROR - 2024-06-01 21:32:15 --> mysqli_sql_exception: Incorrect table definition; there can be only one auto column and it must be defined as a key in C:\laragon\www\codeigniter4\system\Database\MySQLi\Connection.php:308
Stack trace:
#0 C:\laragon\www\codeigniter4\system\Database\MySQLi\Connection.php(308): mysqli->query('CREATE TABLE `p...', 0)
#1 C:\laragon\www\codeigniter4\system\Database\BaseConnection.php(722): CodeIgniter\Database\MySQLi\Connection->execute('CREATE TABLE `p...')
#2 C:\laragon\www\codeigniter4\system\Database\BaseConnection.php(636): CodeIgniter\Database\BaseConnection->simpleQuery('CREATE TABLE `p...')
#3 C:\laragon\www\codeigniter4\system\Database\Forge.php(570): CodeIgniter\Database\BaseConnection->query('CREATE TABLE `p...')
#4 C:\laragon\www\codeigniter4\app\Database\Migrations\2024-06-01-212957_PeliculaImagen.php(28): CodeIgniter\Database\Forge->createTable('pelicula_imagen')
#5 C:\laragon\www\codeigniter4\system\Database\MigrationRunner.php(867): App\Database\Migrations\PeliculaImagen->up()
#6 C:\laragon\www\codeigniter4\system\Database\MigrationRunner.php(183): CodeIgniter\Database\MigrationRunner->migrate('up', Object(stdClass))
#7 C:\laragon\www\codeigniter4\system\Commands\Database\Migrate.php(85): CodeIgniter\Database\MigrationRunner->latest(NULL)
#8 C:\laragon\www\codeigniter4\system\CLI\Commands.php(70): CodeIgniter\Commands\Database\Migrate->run(Array)
#9 C:\laragon\www\codeigniter4\system\CLI\Console.php(48): CodeIgniter\CLI\Commands->run('migrate', Array)
#10 C:\laragon\www\codeigniter4\system\Boot.php(338): CodeIgniter\CLI\Console->run()
#11 C:\laragon\www\codeigniter4\system\Boot.php(104): CodeIgniter\Boot::runCommand(Object(CodeIgniter\CLI\Console))
#12 C:\laragon\www\codeigniter4\spark(84): CodeIgniter\Boot::bootSpark(Object(Config\Paths))
#13 {main}
ERROR - 2024-06-01 21:32:37 --> mysqli_sql_exception: Referencing column 'pelicula_fk' and referenced column 'id' in foreign key constraint 'pelicula_imagen_pelicula_fk_foreign' are incompatible. in C:\laragon\www\codeigniter4\system\Database\MySQLi\Connection.php:308
Stack trace:
#0 C:\laragon\www\codeigniter4\system\Database\MySQLi\Connection.php(308): mysqli->query('CREATE TABLE `p...', 0)
#1 C:\laragon\www\codeigniter4\system\Database\BaseConnection.php(722): CodeIgniter\Database\MySQLi\Connection->execute('CREATE TABLE `p...')
#2 C:\laragon\www\codeigniter4\system\Database\BaseConnection.php(636): CodeIgniter\Database\BaseConnection->simpleQuery('CREATE TABLE `p...')
#3 C:\laragon\www\codeigniter4\system\Database\Forge.php(570): CodeIgniter\Database\BaseConnection->query('CREATE TABLE `p...')
#4 C:\laragon\www\codeigniter4\app\Database\Migrations\2024-06-01-212957_PeliculaImagen.php(27): CodeIgniter\Database\Forge->createTable('pelicula_imagen')
#5 C:\laragon\www\codeigniter4\system\Database\MigrationRunner.php(867): App\Database\Migrations\PeliculaImagen->up()
#6 C:\laragon\www\codeigniter4\system\Database\MigrationRunner.php(183): CodeIgniter\Database\MigrationRunner->migrate('up', Object(stdClass))
#7 C:\laragon\www\codeigniter4\system\Commands\Database\Migrate.php(85): CodeIgniter\Database\MigrationRunner->latest(NULL)
#8 C:\laragon\www\codeigniter4\system\CLI\Commands.php(70): CodeIgniter\Commands\Database\Migrate->run(Array)
#9 C:\laragon\www\codeigniter4\system\CLI\Console.php(48): CodeIgniter\CLI\Commands->run('migrate', Array)
#10 C:\laragon\www\codeigniter4\system\Boot.php(338): CodeIgniter\CLI\Console->run()
#11 C:\laragon\www\codeigniter4\system\Boot.php(104): CodeIgniter\Boot::runCommand(Object(CodeIgniter\CLI\Console))
#12 C:\laragon\www\codeigniter4\spark(84): CodeIgniter\Boot::bootSpark(Object(Config\Paths))
#13 {main}
ERROR - 2024-06-01 21:33:35 --> mysqli_sql_exception: Referencing column 'imagen_fk' and referenced column 'id' in foreign key constraint 'pelicula_imagen_imagen_fk_foreign' are incompatible. in C:\laragon\www\codeigniter4\system\Database\MySQLi\Connection.php:308
Stack trace:
#0 C:\laragon\www\codeigniter4\system\Database\MySQLi\Connection.php(308): mysqli->query('CREATE TABLE `p...', 0)
#1 C:\laragon\www\codeigniter4\system\Database\BaseConnection.php(722): CodeIgniter\Database\MySQLi\Connection->execute('CREATE TABLE `p...')
#2 C:\laragon\www\codeigniter4\system\Database\BaseConnection.php(636): CodeIgniter\Database\BaseConnection->simpleQuery('CREATE TABLE `p...')
#3 C:\laragon\www\codeigniter4\system\Database\Forge.php(570): CodeIgniter\Database\BaseConnection->query('CREATE TABLE `p...')
#4 C:\laragon\www\codeigniter4\app\Database\Migrations\2024-06-01-212957_PeliculaImagen.php(27): CodeIgniter\Database\Forge->createTable('pelicula_imagen')
#5 C:\laragon\www\codeigniter4\system\Database\MigrationRunner.php(867): App\Database\Migrations\PeliculaImagen->up()
#6 C:\laragon\www\codeigniter4\system\Database\MigrationRunner.php(183): CodeIgniter\Database\MigrationRunner->migrate('up', Object(stdClass))
#7 C:\laragon\www\codeigniter4\system\Commands\Database\Migrate.php(85): CodeIgniter\Database\MigrationRunner->latest(NULL)
#8 C:\laragon\www\codeigniter4\system\CLI\Commands.php(70): CodeIgniter\Commands\Database\Migrate->run(Array)
#9 C:\laragon\www\codeigniter4\system\CLI\Console.php(48): CodeIgniter\CLI\Commands->run('migrate', Array)
#10 C:\laragon\www\codeigniter4\system\Boot.php(338): CodeIgniter\CLI\Console->run()
#11 C:\laragon\www\codeigniter4\system\Boot.php(104): CodeIgniter\Boot::runCommand(Object(CodeIgniter\CLI\Console))
#12 C:\laragon\www\codeigniter4\spark(84): CodeIgniter\Boot::bootSpark(Object(Config\Paths))
#13 {main}
ERROR - 2024-06-01 21:35:24 --> mysqli_sql_exception: Referencing column 'imagen_fk' and referenced column 'id' in foreign key constraint 'pelicula_imagen_imagen_fk_foreign' are incompatible. in C:\laragon\www\codeigniter4\system\Database\MySQLi\Connection.php:308
Stack trace:
#0 C:\laragon\www\codeigniter4\system\Database\MySQLi\Connection.php(308): mysqli->query('CREATE TABLE `p...', 0)
#1 C:\laragon\www\codeigniter4\system\Database\BaseConnection.php(722): CodeIgniter\Database\MySQLi\Connection->execute('CREATE TABLE `p...')
#2 C:\laragon\www\codeigniter4\system\Database\BaseConnection.php(636): CodeIgniter\Database\BaseConnection->simpleQuery('CREATE TABLE `p...')
#3 C:\laragon\www\codeigniter4\system\Database\Forge.php(570): CodeIgniter\Database\BaseConnection->query('CREATE TABLE `p...')
#4 C:\laragon\www\codeigniter4\app\Database\Migrations\2024-06-01-212957_PeliculaImagen.php(27): CodeIgniter\Database\Forge->createTable('pelicula_imagen')
#5 C:\laragon\www\codeigniter4\system\Database\MigrationRunner.php(867): App\Database\Migrations\PeliculaImagen->up()
#6 C:\laragon\www\codeigniter4\system\Database\MigrationRunner.php(183): CodeIgniter\Database\MigrationRunner->migrate('up', Object(stdClass))
#7 C:\laragon\www\codeigniter4\system\Commands\Database\Migrate.php(85): CodeIgniter\Database\MigrationRunner->latest(NULL)
#8 C:\laragon\www\codeigniter4\system\CLI\Commands.php(70): CodeIgniter\Commands\Database\Migrate->run(Array)
#9 C:\laragon\www\codeigniter4\system\CLI\Console.php(48): CodeIgniter\CLI\Commands->run('migrate', Array)
#10 C:\laragon\www\codeigniter4\system\Boot.php(338): CodeIgniter\CLI\Console->run()
#11 C:\laragon\www\codeigniter4\system\Boot.php(104): CodeIgniter\Boot::runCommand(Object(CodeIgniter\CLI\Console))
#12 C:\laragon\www\codeigniter4\spark(84): CodeIgniter\Boot::bootSpark(Object(Config\Paths))
#13 {main}
INFO - 2024-06-01 21:44:39 --> Session: Class initialized using 'CodeIgniter\Session\Handlers\FileHandler' driver.
INFO - 2024-06-01 21:45:44 --> Session: Class initialized using 'CodeIgniter\Session\Handlers\FileHandler' driver.
INFO - 2024-06-01 21:45:44 --> Session: Class initialized using 'CodeIgniter\Session\Handlers\FileHandler' driver.
INFO - 2024-06-01 21:45:44 --> Session: Class initialized using 'CodeIgniter\Session\Handlers\FileHandler' driver.
INFO - 2024-06-01 21:47:31 --> Session: Class initialized using 'CodeIgniter\Session\Handlers\FileHandler' driver.
CRITICAL - 2024-06-01 21:47:32 --> CodeIgniter\Database\Exceptions\DataException: There is no data to insert.
[Method: GET, Route: dashboard/pelicula]
in SYSTEMPATH\BaseModel.php on line 826.
 1 SYSTEMPATH\BaseModel.php(826): CodeIgniter\Database\Exceptions\DataException::forEmptyDataset('insert')
 2 SYSTEMPATH\Model.php(791): CodeIgniter\BaseModel->insert([], true)
 3 APPPATH\Controllers\Dashboard\Pelicula.php(164): CodeIgniter\Model->insert([...])
 4 APPPATH\Controllers\Dashboard\Pelicula.php(28): App\Controllers\Dashboard\Pelicula->asignar_imagen()
 5 SYSTEMPATH\CodeIgniter.php(933): App\Controllers\Dashboard\Pelicula->index()
 6 SYSTEMPATH\CodeIgniter.php(509): CodeIgniter\CodeIgniter->runController(Object(App\Controllers\Dashboard\Pelicula))
 7 SYSTEMPATH\CodeIgniter.php(355): CodeIgniter\CodeIgniter->handleRequest(null, Object(Config\Cache), false)
 8 SYSTEMPATH\Boot.php(312): CodeIgniter\CodeIgniter->run()
 9 SYSTEMPATH\Boot.php(67): CodeIgniter\Boot::runCodeIgniter(Object(CodeIgniter\CodeIgniter))
10 FCPATH\index.php(56): CodeIgniter\Boot::bootWeb(Object(Config\Paths))
INFO - 2024-06-01 21:48:01 --> Session: Class initialized using 'CodeIgniter\Session\Handlers\FileHandler' driver.
ERROR - 2024-06-01 21:48:01 --> mysqli_sql_exception: Table 'code_peliculas.peliculaimagens' doesn't exist in C:\laragon\www\codeigniter4\system\Database\MySQLi\Connection.php:308
Stack trace:
#0 C:\laragon\www\codeigniter4\system\Database\MySQLi\Connection.php(308): mysqli->query('INSERT INTO `pe...', 0)
#1 C:\laragon\www\codeigniter4\system\Database\BaseConnection.php(722): CodeIgniter\Database\MySQLi\Connection->execute('INSERT INTO `pe...')
#2 C:\laragon\www\codeigniter4\system\Database\BaseConnection.php(636): CodeIgniter\Database\BaseConnection->simpleQuery('INSERT INTO `pe...')
#3 C:\laragon\www\codeigniter4\system\Database\BaseBuilder.php(2325): CodeIgniter\Database\BaseConnection->query('INSERT INTO `pe...', Array, false)
#4 C:\laragon\www\codeigniter4\system\Model.php(383): CodeIgniter\Database\BaseBuilder->insert()
#5 C:\laragon\www\codeigniter4\system\BaseModel.php(840): CodeIgniter\Model->doInsert(Array)
#6 C:\laragon\www\codeigniter4\system\Model.php(791): CodeIgniter\BaseModel->insert(Array, true)
#7 C:\laragon\www\codeigniter4\app\Controllers\Dashboard\Pelicula.php(165): CodeIgniter\Model->insert(Array)
#8 C:\laragon\www\codeigniter4\app\Controllers\Dashboard\Pelicula.php(29): App\Controllers\Dashboard\Pelicula->asignar_imagen()
#9 C:\laragon\www\codeigniter4\system\CodeIgniter.php(933): App\Controllers\Dashboard\Pelicula->index()
#10 C:\laragon\www\codeigniter4\system\CodeIgniter.php(509): CodeIgniter\CodeIgniter->runController(Object(App\Controllers\Dashboard\Pelicula))
#11 C:\laragon\www\codeigniter4\system\CodeIgniter.php(355): CodeIgniter\CodeIgniter->handleRequest(NULL, Object(Config\Cache), false)
#12 C:\laragon\www\codeigniter4\system\Boot.php(312): CodeIgniter\CodeIgniter->run()
#13 C:\laragon\www\codeigniter4\system\Boot.php(67): CodeIgniter\Boot::runCodeIgniter(Object(CodeIgniter\CodeIgniter))
#14 C:\laragon\www\codeigniter4\public\index.php(56): CodeIgniter\Boot::bootWeb(Object(Config\Paths))
#15 {main}
CRITICAL - 2024-06-01 21:48:01 --> CodeIgniter\Database\Exceptions\DatabaseException: Table 'code_peliculas.peliculaimagens' doesn't exist
[Method: GET, Route: dashboard/pelicula]
in SYSTEMPATH\Database\BaseConnection.php on line 676.
 1 SYSTEMPATH\Database\BaseBuilder.php(2325): CodeIgniter\Database\BaseConnection->query('INSERT INTO `peliculaimagens` (`imagen_fk`, `pelicula_fk`) VALUES (:imagen_fk:, :pelicula_fk:)', [...], false)
 2 SYSTEMPATH\Model.php(383): CodeIgniter\Database\BaseBuilder->insert()
 3 SYSTEMPATH\BaseModel.php(840): CodeIgniter\Model->doInsert([...])
 4 SYSTEMPATH\Model.php(791): CodeIgniter\BaseModel->insert([...], true)
 5 APPPATH\Controllers\Dashboard\Pelicula.php(165): CodeIgniter\Model->insert([...])
 6 APPPATH\Controllers\Dashboard\Pelicula.php(29): App\Controllers\Dashboard\Pelicula->asignar_imagen()
 7 SYSTEMPATH\CodeIgniter.php(933): App\Controllers\Dashboard\Pelicula->index()
 8 SYSTEMPATH\CodeIgniter.php(509): CodeIgniter\CodeIgniter->runController(Object(App\Controllers\Dashboard\Pelicula))
 9 SYSTEMPATH\CodeIgniter.php(355): CodeIgniter\CodeIgniter->handleRequest(null, Object(Config\Cache), false)
10 SYSTEMPATH\Boot.php(312): CodeIgniter\CodeIgniter->run()
11 SYSTEMPATH\Boot.php(67): CodeIgniter\Boot::runCodeIgniter(Object(CodeIgniter\CodeIgniter))
12 FCPATH\index.php(56): CodeIgniter\Boot::bootWeb(Object(Config\Paths))
CRITICAL - 2024-06-01 21:48:01 --> [Caused by] CodeIgniter\Database\Exceptions\DatabaseException: Table 'code_peliculas.peliculaimagens' doesn't exist
in SYSTEMPATH\Database\MySQLi\Connection.php on line 313.
 1 SYSTEMPATH\Database\BaseConnection.php(722): CodeIgniter\Database\MySQLi\Connection->execute('INSERT INTO `peliculaimagens` (`imagen_fk`, `pelicula_fk`) VALUES (2, 9)')
 2 SYSTEMPATH\Database\BaseConnection.php(636): CodeIgniter\Database\BaseConnection->simpleQuery('INSERT INTO `peliculaimagens` (`imagen_fk`, `pelicula_fk`) VALUES (2, 9)')
 3 SYSTEMPATH\Database\BaseBuilder.php(2325): CodeIgniter\Database\BaseConnection->query('INSERT INTO `peliculaimagens` (`imagen_fk`, `pelicula_fk`) VALUES (:imagen_fk:, :pelicula_fk:)', [...], false)
 4 SYSTEMPATH\Model.php(383): CodeIgniter\Database\BaseBuilder->insert()
 5 SYSTEMPATH\BaseModel.php(840): CodeIgniter\Model->doInsert([...])
 6 SYSTEMPATH\Model.php(791): CodeIgniter\BaseModel->insert([...], true)
 7 APPPATH\Controllers\Dashboard\Pelicula.php(165): CodeIgniter\Model->insert([...])
 8 APPPATH\Controllers\Dashboard\Pelicula.php(29): App\Controllers\Dashboard\Pelicula->asignar_imagen()
 9 SYSTEMPATH\CodeIgniter.php(933): App\Controllers\Dashboard\Pelicula->index()
10 SYSTEMPATH\CodeIgniter.php(509): CodeIgniter\CodeIgniter->runController(Object(App\Controllers\Dashboard\Pelicula))
11 SYSTEMPATH\CodeIgniter.php(355): CodeIgniter\CodeIgniter->handleRequest(null, Object(Config\Cache), false)
12 SYSTEMPATH\Boot.php(312): CodeIgniter\CodeIgniter->run()
13 SYSTEMPATH\Boot.php(67): CodeIgniter\Boot::runCodeIgniter(Object(CodeIgniter\CodeIgniter))
14 FCPATH\index.php(56): CodeIgniter\Boot::bootWeb(Object(Config\Paths))
CRITICAL - 2024-06-01 21:48:01 --> [Caused by] mysqli_sql_exception: Table 'code_peliculas.peliculaimagens' doesn't exist
in SYSTEMPATH\Database\MySQLi\Connection.php on line 308.
 1 SYSTEMPATH\Database\MySQLi\Connection.php(308): mysqli->query('INSERT INTO `peliculaimagens` (`imagen_fk`, `pelicula_fk`) VALUES (2, 9)', 0)
 2 SYSTEMPATH\Database\BaseConnection.php(722): CodeIgniter\Database\MySQLi\Connection->execute('INSERT INTO `peliculaimagens` (`imagen_fk`, `pelicula_fk`) VALUES (2, 9)')
 3 SYSTEMPATH\Database\BaseConnection.php(636): CodeIgniter\Database\BaseConnection->simpleQuery('INSERT INTO `peliculaimagens` (`imagen_fk`, `pelicula_fk`) VALUES (2, 9)')
 4 SYSTEMPATH\Database\BaseBuilder.php(2325): CodeIgniter\Database\BaseConnection->query('INSERT INTO `peliculaimagens` (`imagen_fk`, `pelicula_fk`) VALUES (:imagen_fk:, :pelicula_fk:)', [...], false)
 5 SYSTEMPATH\Model.php(383): CodeIgniter\Database\BaseBuilder->insert()
 6 SYSTEMPATH\BaseModel.php(840): CodeIgniter\Model->doInsert([...])
 7 SYSTEMPATH\Model.php(791): CodeIgniter\BaseModel->insert([...], true)
 8 APPPATH\Controllers\Dashboard\Pelicula.php(165): CodeIgniter\Model->insert([...])
 9 APPPATH\Controllers\Dashboard\Pelicula.php(29): App\Controllers\Dashboard\Pelicula->asignar_imagen()
10 SYSTEMPATH\CodeIgniter.php(933): App\Controllers\Dashboard\Pelicula->index()
11 SYSTEMPATH\CodeIgniter.php(509): CodeIgniter\CodeIgniter->runController(Object(App\Controllers\Dashboard\Pelicula))
12 SYSTEMPATH\CodeIgniter.php(355): CodeIgniter\CodeIgniter->handleRequest(null, Object(Config\Cache), false)
13 SYSTEMPATH\Boot.php(312): CodeIgniter\CodeIgniter->run()
14 SYSTEMPATH\Boot.php(67): CodeIgniter\Boot::runCodeIgniter(Object(CodeIgniter\CodeIgniter))
15 FCPATH\index.php(56): CodeIgniter\Boot::bootWeb(Object(Config\Paths))
INFO - 2024-06-01 21:48:35 --> Session: Class initialized using 'CodeIgniter\Session\Handlers\FileHandler' driver.
ERROR - 2024-06-01 21:48:35 --> mysqli_sql_exception: Table 'code_peliculas.peliculaimagens' doesn't exist in C:\laragon\www\codeigniter4\system\Database\MySQLi\Connection.php:308
Stack trace:
#0 C:\laragon\www\codeigniter4\system\Database\MySQLi\Connection.php(308): mysqli->query('INSERT INTO `pe...', 0)
#1 C:\laragon\www\codeigniter4\system\Database\BaseConnection.php(722): CodeIgniter\Database\MySQLi\Connection->execute('INSERT INTO `pe...')
#2 C:\laragon\www\codeigniter4\system\Database\BaseConnection.php(636): CodeIgniter\Database\BaseConnection->simpleQuery('INSERT INTO `pe...')
#3 C:\laragon\www\codeigniter4\system\Database\BaseBuilder.php(2325): CodeIgniter\Database\BaseConnection->query('INSERT INTO `pe...', Array, false)
#4 C:\laragon\www\codeigniter4\system\Model.php(383): CodeIgniter\Database\BaseBuilder->insert()
#5 C:\laragon\www\codeigniter4\system\BaseModel.php(840): CodeIgniter\Model->doInsert(Array)
#6 C:\laragon\www\codeigniter4\system\Model.php(791): CodeIgniter\BaseModel->insert(Array, true)
#7 C:\laragon\www\codeigniter4\app\Controllers\Dashboard\Pelicula.php(165): CodeIgniter\Model->insert(Array)
#8 C:\laragon\www\codeigniter4\app\Controllers\Dashboard\Pelicula.php(29): App\Controllers\Dashboard\Pelicula->asignar_imagen()
#9 C:\laragon\www\codeigniter4\system\CodeIgniter.php(933): App\Controllers\Dashboard\Pelicula->index()
#10 C:\laragon\www\codeigniter4\system\CodeIgniter.php(509): CodeIgniter\CodeIgniter->runController(Object(App\Controllers\Dashboard\Pelicula))
#11 C:\laragon\www\codeigniter4\system\CodeIgniter.php(355): CodeIgniter\CodeIgniter->handleRequest(NULL, Object(Config\Cache), false)
#12 C:\laragon\www\codeigniter4\system\Boot.php(312): CodeIgniter\CodeIgniter->run()
#13 C:\laragon\www\codeigniter4\system\Boot.php(67): CodeIgniter\Boot::runCodeIgniter(Object(CodeIgniter\CodeIgniter))
#14 C:\laragon\www\codeigniter4\public\index.php(56): CodeIgniter\Boot::bootWeb(Object(Config\Paths))
#15 {main}
CRITICAL - 2024-06-01 21:48:35 --> CodeIgniter\Database\Exceptions\DatabaseException: Table 'code_peliculas.peliculaimagens' doesn't exist
[Method: GET, Route: dashboard/pelicula]
in SYSTEMPATH\Database\BaseConnection.php on line 676.
 1 SYSTEMPATH\Database\BaseBuilder.php(2325): CodeIgniter\Database\BaseConnection->query('INSERT INTO `peliculaimagens` (`imagen_fk`, `pelicula_fk`) VALUES (:imagen_fk:, :pelicula_fk:)', [...], false)
 2 SYSTEMPATH\Model.php(383): CodeIgniter\Database\BaseBuilder->insert()
 3 SYSTEMPATH\BaseModel.php(840): CodeIgniter\Model->doInsert([...])
 4 SYSTEMPATH\Model.php(791): CodeIgniter\BaseModel->insert([...], true)
 5 APPPATH\Controllers\Dashboard\Pelicula.php(165): CodeIgniter\Model->insert([...])
 6 APPPATH\Controllers\Dashboard\Pelicula.php(29): App\Controllers\Dashboard\Pelicula->asignar_imagen()
 7 SYSTEMPATH\CodeIgniter.php(933): App\Controllers\Dashboard\Pelicula->index()
 8 SYSTEMPATH\CodeIgniter.php(509): CodeIgniter\CodeIgniter->runController(Object(App\Controllers\Dashboard\Pelicula))
 9 SYSTEMPATH\CodeIgniter.php(355): CodeIgniter\CodeIgniter->handleRequest(null, Object(Config\Cache), false)
10 SYSTEMPATH\Boot.php(312): CodeIgniter\CodeIgniter->run()
11 SYSTEMPATH\Boot.php(67): CodeIgniter\Boot::runCodeIgniter(Object(CodeIgniter\CodeIgniter))
12 FCPATH\index.php(56): CodeIgniter\Boot::bootWeb(Object(Config\Paths))
CRITICAL - 2024-06-01 21:48:35 --> [Caused by] CodeIgniter\Database\Exceptions\DatabaseException: Table 'code_peliculas.peliculaimagens' doesn't exist
in SYSTEMPATH\Database\MySQLi\Connection.php on line 313.
 1 SYSTEMPATH\Database\BaseConnection.php(722): CodeIgniter\Database\MySQLi\Connection->execute('INSERT INTO `peliculaimagens` (`imagen_fk`, `pelicula_fk`) VALUES (2, 9)')
 2 SYSTEMPATH\Database\BaseConnection.php(636): CodeIgniter\Database\BaseConnection->simpleQuery('INSERT INTO `peliculaimagens` (`imagen_fk`, `pelicula_fk`) VALUES (2, 9)')
 3 SYSTEMPATH\Database\BaseBuilder.php(2325): CodeIgniter\Database\BaseConnection->query('INSERT INTO `peliculaimagens` (`imagen_fk`, `pelicula_fk`) VALUES (:imagen_fk:, :pelicula_fk:)', [...], false)
 4 SYSTEMPATH\Model.php(383): CodeIgniter\Database\BaseBuilder->insert()
 5 SYSTEMPATH\BaseModel.php(840): CodeIgniter\Model->doInsert([...])
 6 SYSTEMPATH\Model.php(791): CodeIgniter\BaseModel->insert([...], true)
 7 APPPATH\Controllers\Dashboard\Pelicula.php(165): CodeIgniter\Model->insert([...])
 8 APPPATH\Controllers\Dashboard\Pelicula.php(29): App\Controllers\Dashboard\Pelicula->asignar_imagen()
 9 SYSTEMPATH\CodeIgniter.php(933): App\Controllers\Dashboard\Pelicula->index()
10 SYSTEMPATH\CodeIgniter.php(509): CodeIgniter\CodeIgniter->runController(Object(App\Controllers\Dashboard\Pelicula))
11 SYSTEMPATH\CodeIgniter.php(355): CodeIgniter\CodeIgniter->handleRequest(null, Object(Config\Cache), false)
12 SYSTEMPATH\Boot.php(312): CodeIgniter\CodeIgniter->run()
13 SYSTEMPATH\Boot.php(67): CodeIgniter\Boot::runCodeIgniter(Object(CodeIgniter\CodeIgniter))
14 FCPATH\index.php(56): CodeIgniter\Boot::bootWeb(Object(Config\Paths))
CRITICAL - 2024-06-01 21:48:35 --> [Caused by] mysqli_sql_exception: Table 'code_peliculas.peliculaimagens' doesn't exist
in SYSTEMPATH\Database\MySQLi\Connection.php on line 308.
 1 SYSTEMPATH\Database\MySQLi\Connection.php(308): mysqli->query('INSERT INTO `peliculaimagens` (`imagen_fk`, `pelicula_fk`) VALUES (2, 9)', 0)
 2 SYSTEMPATH\Database\BaseConnection.php(722): CodeIgniter\Database\MySQLi\Connection->execute('INSERT INTO `peliculaimagens` (`imagen_fk`, `pelicula_fk`) VALUES (2, 9)')
 3 SYSTEMPATH\Database\BaseConnection.php(636): CodeIgniter\Database\BaseConnection->simpleQuery('INSERT INTO `peliculaimagens` (`imagen_fk`, `pelicula_fk`) VALUES (2, 9)')
 4 SYSTEMPATH\Database\BaseBuilder.php(2325): CodeIgniter\Database\BaseConnection->query('INSERT INTO `peliculaimagens` (`imagen_fk`, `pelicula_fk`) VALUES (:imagen_fk:, :pelicula_fk:)', [...], false)
 5 SYSTEMPATH\Model.php(383): CodeIgniter\Database\BaseBuilder->insert()
 6 SYSTEMPATH\BaseModel.php(840): CodeIgniter\Model->doInsert([...])
 7 SYSTEMPATH\Model.php(791): CodeIgniter\BaseModel->insert([...], true)
 8 APPPATH\Controllers\Dashboard\Pelicula.php(165): CodeIgniter\Model->insert([...])
 9 APPPATH\Controllers\Dashboard\Pelicula.php(29): App\Controllers\Dashboard\Pelicula->asignar_imagen()
10 SYSTEMPATH\CodeIgniter.php(933): App\Controllers\Dashboard\Pelicula->index()
11 SYSTEMPATH\CodeIgniter.php(509): CodeIgniter\CodeIgniter->runController(Object(App\Controllers\Dashboard\Pelicula))
12 SYSTEMPATH\CodeIgniter.php(355): CodeIgniter\CodeIgniter->handleRequest(null, Object(Config\Cache), false)
13 SYSTEMPATH\Boot.php(312): CodeIgniter\CodeIgniter->run()
14 SYSTEMPATH\Boot.php(67): CodeIgniter\Boot::runCodeIgniter(Object(CodeIgniter\CodeIgniter))
15 FCPATH\index.php(56): CodeIgniter\Boot::bootWeb(Object(Config\Paths))
INFO - 2024-06-01 21:49:20 --> Session: Class initialized using 'CodeIgniter\Session\Handlers\FileHandler' driver.
INFO - 2024-06-01 21:55:35 --> Session: Class initialized using 'CodeIgniter\Session\Handlers\FileHandler' driver.
INFO - 2024-06-01 22:03:10 --> Session: Class initialized using 'CodeIgniter\Session\Handlers\FileHandler' driver.
INFO - 2024-06-01 22:03:12 --> Session: Class initialized using 'CodeIgniter\Session\Handlers\FileHandler' driver.
INFO - 2024-06-01 22:03:53 --> Session: Class initialized using 'CodeIgniter\Session\Handlers\FileHandler' driver.
INFO - 2024-06-01 22:04:02 --> Session: Class initialized using 'CodeIgniter\Session\Handlers\FileHandler' driver.
INFO - 2024-06-01 22:05:02 --> Session: Class initialized using 'CodeIgniter\Session\Handlers\FileHandler' driver.
INFO - 2024-06-01 22:05:05 --> Session: Class initialized using 'CodeIgniter\Session\Handlers\FileHandler' driver.
INFO - 2024-06-01 22:12:33 --> Session: Class initialized using 'CodeIgniter\Session\Handlers\FileHandler' driver.
INFO - 2024-06-01 22:13:40 --> Session: Class initialized using 'CodeIgniter\Session\Handlers\FileHandler' driver.
INFO - 2024-06-01 22:13:44 --> Session: Class initialized using 'CodeIgniter\Session\Handlers\FileHandler' driver.
INFO - 2024-06-01 22:13:46 --> Session: Class initialized using 'CodeIgniter\Session\Handlers\FileHandler' driver.
INFO - 2024-06-01 22:13:48 --> Session: Class initialized using 'CodeIgniter\Session\Handlers\FileHandler' driver.
INFO - 2024-06-01 22:13:49 --> Session: Class initialized using 'CodeIgniter\Session\Handlers\FileHandler' driver.
INFO - 2024-06-01 22:21:52 --> Session: Class initialized using 'CodeIgniter\Session\Handlers\FileHandler' driver.
